{"/Users/mohamedibrahim/momodoc/frontend/src/shared/renderer/components/DirectoryBrowserModal.tsx": {"path":"/Users/mohamedibrahim/momodoc/frontend/src/shared/renderer/components/DirectoryBrowserModal.tsx","statementMap":{"0":{"start":{"line":22,"column":22},"end":{"line":22,"column":null}},"1":{"start":{"line":23,"column":28},"end":{"line":23,"column":null}},"2":{"start":{"line":24,"column":24},"end":{"line":24,"column":null}},"3":{"start":{"line":25,"column":38},"end":{"line":25,"column":null}},"4":{"start":{"line":27,"column":8},"end":{"line":42,"column":null}},"5":{"start":{"line":29,"column":6},"end":{"line":29,"column":null}},"6":{"start":{"line":30,"column":6},"end":{"line":30,"column":null}},"7":{"start":{"line":31,"column":6},"end":{"line":31,"column":null}},"8":{"start":{"line":32,"column":6},"end":{"line":39,"column":null}},"9":{"start":{"line":33,"column":20},"end":{"line":33,"column":null}},"10":{"start":{"line":34,"column":8},"end":{"line":34,"column":null}},"11":{"start":{"line":36,"column":8},"end":{"line":36,"column":null}},"12":{"start":{"line":38,"column":8},"end":{"line":38,"column":null}},"13":{"start":{"line":44,"column":2},"end":{"line":52,"column":null}},"14":{"start":{"line":45,"column":4},"end":{"line":51,"column":null}},"15":{"start":{"line":46,"column":6},"end":{"line":46,"column":null}},"16":{"start":{"line":48,"column":6},"end":{"line":48,"column":null}},"17":{"start":{"line":49,"column":6},"end":{"line":49,"column":null}},"18":{"start":{"line":50,"column":6},"end":{"line":50,"column":null}},"19":{"start":{"line":54,"column":2},"end":{"line":61,"column":null}},"20":{"start":{"line":55,"column":4},"end":{"line":55,"column":null}},"21":{"start":{"line":55,"column":15},"end":{"line":55,"column":null}},"22":{"start":{"line":56,"column":20},"end":{"line":58,"column":null}},"23":{"start":{"line":57,"column":6},"end":{"line":57,"column":null}},"24":{"start":{"line":57,"column":30},"end":{"line":57,"column":null}},"25":{"start":{"line":59,"column":4},"end":{"line":59,"column":null}},"26":{"start":{"line":60,"column":4},"end":{"line":60,"column":null}},"27":{"start":{"line":60,"column":17},"end":{"line":60,"column":null}},"28":{"start":{"line":63,"column":2},"end":{"line":63,"column":null}},"29":{"start":{"line":63,"column":13},"end":{"line":63,"column":null}},"30":{"start":{"line":65,"column":23},"end":{"line":65,"column":null}},"31":{"start":{"line":67,"column":2},"end":{"line":207,"column":null}},"32":{"start":{"line":71,"column":8},"end":{"line":71,"column":null}},"33":{"start":{"line":71,"column":42},"end":{"line":71,"column":null}},"34":{"start":{"line":80,"column":16},"end":{"line":84,"column":null}},"35":{"start":{"line":81,"column":18},"end":{"line":81,"column":null}},"36":{"start":{"line":83,"column":18},"end":{"line":83,"column":null}},"37":{"start":{"line":100,"column":29},"end":{"line":100,"column":null}},"38":{"start":{"line":106,"column":34},"end":{"line":106,"column":null}},"39":{"start":{"line":107,"column":29},"end":{"line":107,"column":null}},"40":{"start":{"line":108,"column":14},"end":{"line":121,"column":null}},"41":{"start":{"line":115,"column":37},"end":{"line":115,"column":null}},"42":{"start":{"line":139,"column":31},"end":{"line":139,"column":null}},"43":{"start":{"line":158,"column":14},"end":{"line":173,"column":null}},"44":{"start":{"line":160,"column":31},"end":{"line":160,"column":null}},"45":{"start":{"line":161,"column":37},"end":{"line":161,"column":null}},"46":{"start":{"line":190,"column":31},"end":{"line":190,"column":null}},"47":{"start":{"line":199,"column":31},"end":{"line":199,"column":null}}},"fnMap":{"0":{"name":"DirectoryBrowserModal","decl":{"start":{"line":16,"column":16},"end":{"line":16,"column":38}},"loc":{"start":{"line":21,"column":31},"end":{"line":209,"column":null}},"line":21},"1":{"name":"(anonymous_1)","decl":{"start":{"line":28,"column":4},"end":{"line":28,"column":11}},"loc":{"start":{"line":28,"column":29},"end":{"line":40,"column":null}},"line":28},"2":{"name":"(anonymous_2)","decl":{"start":{"line":44,"column":12},"end":{"line":44,"column":18}},"loc":{"start":{"line":44,"column":18},"end":{"line":52,"column":5}},"line":44},"3":{"name":"(anonymous_3)","decl":{"start":{"line":54,"column":12},"end":{"line":54,"column":18}},"loc":{"start":{"line":54,"column":18},"end":{"line":61,"column":5}},"line":54},"4":{"name":"(anonymous_4)","decl":{"start":{"line":56,"column":20},"end":{"line":56,"column":21}},"loc":{"start":{"line":56,"column":42},"end":{"line":58,"column":null}},"line":56},"5":{"name":"(anonymous_5)","decl":{"start":{"line":60,"column":11},"end":{"line":60,"column":17}},"loc":{"start":{"line":60,"column":17},"end":{"line":60,"column":null}},"line":60},"6":{"name":"(anonymous_6)","decl":{"start":{"line":70,"column":15},"end":{"line":70,"column":16}},"loc":{"start":{"line":70,"column":22},"end":{"line":72,"column":null}},"line":70},"7":{"name":"(anonymous_7)","decl":{"start":{"line":79,"column":23},"end":{"line":79,"column":29}},"loc":{"start":{"line":79,"column":29},"end":{"line":85,"column":null}},"line":79},"8":{"name":"(anonymous_8)","decl":{"start":{"line":100,"column":23},"end":{"line":100,"column":29}},"loc":{"start":{"line":100,"column":29},"end":{"line":100,"column":null}},"line":100},"9":{"name":"(anonymous_9)","decl":{"start":{"line":105,"column":30},"end":{"line":105,"column":31}},"loc":{"start":{"line":105,"column":46},"end":{"line":123,"column":13}},"line":105},"10":{"name":"(anonymous_10)","decl":{"start":{"line":115,"column":31},"end":{"line":115,"column":37}},"loc":{"start":{"line":115,"column":37},"end":{"line":115,"column":null}},"line":115},"11":{"name":"(anonymous_11)","decl":{"start":{"line":139,"column":25},"end":{"line":139,"column":31}},"loc":{"start":{"line":139,"column":31},"end":{"line":139,"column":null}},"line":139},"12":{"name":"(anonymous_12)","decl":{"start":{"line":157,"column":30},"end":{"line":157,"column":31}},"loc":{"start":{"line":158,"column":14},"end":{"line":173,"column":null}},"line":158},"13":{"name":"(anonymous_13)","decl":{"start":{"line":160,"column":25},"end":{"line":160,"column":31}},"loc":{"start":{"line":160,"column":31},"end":{"line":160,"column":null}},"line":160},"14":{"name":"(anonymous_14)","decl":{"start":{"line":161,"column":31},"end":{"line":161,"column":37}},"loc":{"start":{"line":161,"column":37},"end":{"line":161,"column":null}},"line":161},"15":{"name":"(anonymous_15)","decl":{"start":{"line":190,"column":25},"end":{"line":190,"column":31}},"loc":{"start":{"line":190,"column":31},"end":{"line":190,"column":null}},"line":190},"16":{"name":"(anonymous_16)","decl":{"start":{"line":199,"column":25},"end":{"line":199,"column":31}},"loc":{"start":{"line":199,"column":31},"end":{"line":199,"column":null}},"line":199}},"branchMap":{"0":{"loc":{"start":{"line":36,"column":17},"end":{"line":36,"column":80}},"type":"cond-expr","locations":[{"start":{"line":36,"column":38},"end":{"line":36,"column":50}},{"start":{"line":36,"column":50},"end":{"line":36,"column":80}}],"line":36},"1":{"loc":{"start":{"line":45,"column":4},"end":{"line":51,"column":null}},"type":"if","locations":[{"start":{"line":45,"column":4},"end":{"line":51,"column":null}},{"start":{"line":47,"column":11},"end":{"line":51,"column":null}}],"line":45},"2":{"loc":{"start":{"line":55,"column":4},"end":{"line":55,"column":null}},"type":"if","locations":[{"start":{"line":55,"column":4},"end":{"line":55,"column":null}},{"start":{},"end":{}}],"line":55},"3":{"loc":{"start":{"line":57,"column":6},"end":{"line":57,"column":null}},"type":"if","locations":[{"start":{"line":57,"column":6},"end":{"line":57,"column":null}},{"start":{},"end":{}}],"line":57},"4":{"loc":{"start":{"line":63,"column":2},"end":{"line":63,"column":null}},"type":"if","locations":[{"start":{"line":63,"column":2},"end":{"line":63,"column":null}},{"start":{},"end":{}}],"line":63},"5":{"loc":{"start":{"line":65,"column":23},"end":{"line":65,"column":null}},"type":"binary-expr","locations":[{"start":{"line":65,"column":23},"end":{"line":65,"column":73}},{"start":{"line":65,"column":73},"end":{"line":65,"column":null}}],"line":65},"6":{"loc":{"start":{"line":71,"column":8},"end":{"line":71,"column":null}},"type":"if","locations":[{"start":{"line":71,"column":8},"end":{"line":71,"column":null}},{"start":{},"end":{}}],"line":71},"7":{"loc":{"start":{"line":77,"column":11},"end":{"line":89,"column":null}},"type":"binary-expr","locations":[{"start":{"line":77,"column":11},"end":{"line":77,"column":null}},{"start":{"line":78,"column":12},"end":{"line":89,"column":null}}],"line":77},"8":{"loc":{"start":{"line":80,"column":16},"end":{"line":84,"column":null}},"type":"if","locations":[{"start":{"line":80,"column":16},"end":{"line":84,"column":null}},{"start":{"line":82,"column":23},"end":{"line":84,"column":null}}],"line":80},"9":{"loc":{"start":{"line":97,"column":9},"end":{"line":124,"column":null}},"type":"binary-expr","locations":[{"start":{"line":97,"column":9},"end":{"line":97,"column":null}},{"start":{"line":98,"column":10},"end":{"line":124,"column":null}}],"line":97},"10":{"loc":{"start":{"line":111,"column":19},"end":{"line":119,"column":null}},"type":"cond-expr","locations":[{"start":{"line":112,"column":20},"end":{"line":112,"column":null}},{"start":{"line":114,"column":20},"end":{"line":119,"column":null}}],"line":111},"11":{"loc":{"start":{"line":129,"column":11},"end":{"line":132,"column":null}},"type":"binary-expr","locations":[{"start":{"line":129,"column":11},"end":{"line":129,"column":null}},{"start":{"line":130,"column":12},"end":{"line":132,"column":null}}],"line":129},"12":{"loc":{"start":{"line":135,"column":11},"end":{"line":144,"column":null}},"type":"binary-expr","locations":[{"start":{"line":135,"column":11},"end":{"line":135,"column":null}},{"start":{"line":136,"column":12},"end":{"line":144,"column":null}}],"line":135},"13":{"loc":{"start":{"line":139,"column":36},"end":{"line":139,"column":67}},"type":"binary-expr","locations":[{"start":{"line":139,"column":36},"end":{"line":139,"column":58}},{"start":{"line":139,"column":58},"end":{"line":139,"column":67}}],"line":139},"14":{"loc":{"start":{"line":147,"column":11},"end":{"line":152,"column":null}},"type":"binary-expr","locations":[{"start":{"line":147,"column":11},"end":{"line":147,"column":23}},{"start":{"line":147,"column":23},"end":{"line":147,"column":33}},{"start":{"line":147,"column":33},"end":{"line":147,"column":41}},{"start":{"line":147,"column":41},"end":{"line":147,"column":null}},{"start":{"line":148,"column":12},"end":{"line":152,"column":null}}],"line":147},"15":{"loc":{"start":{"line":150,"column":17},"end":{"line":150,"column":null}},"type":"cond-expr","locations":[{"start":{"line":150,"column":37},"end":{"line":150,"column":59}},{"start":{"line":150,"column":59},"end":{"line":150,"column":null}}],"line":150},"16":{"loc":{"start":{"line":155,"column":11},"end":{"line":174,"column":null}},"type":"binary-expr","locations":[{"start":{"line":155,"column":11},"end":{"line":155,"column":null}},{"start":{"line":156,"column":12},"end":{"line":156,"column":null}},{"start":{"line":157,"column":12},"end":{"line":174,"column":null}}],"line":155},"17":{"loc":{"start":{"line":163,"column":18},"end":{"line":165,"column":null}},"type":"cond-expr","locations":[{"start":{"line":164,"column":22},"end":{"line":164,"column":null}},{"start":{"line":165,"column":22},"end":{"line":165,"column":null}}],"line":163},"18":{"loc":{"start":{"line":180,"column":13},"end":{"line":180,"column":null}},"type":"binary-expr","locations":[{"start":{"line":180,"column":13},"end":{"line":180,"column":29}},{"start":{"line":180,"column":29},"end":{"line":180,"column":51}},{"start":{"line":180,"column":51},"end":{"line":180,"column":null}}],"line":180},"19":{"loc":{"start":{"line":186,"column":13},"end":{"line":193,"column":null}},"type":"binary-expr","locations":[{"start":{"line":186,"column":13},"end":{"line":186,"column":35}},{"start":{"line":186,"column":35},"end":{"line":186,"column":null}},{"start":{"line":187,"column":14},"end":{"line":193,"column":null}}],"line":186},"20":{"loc":{"start":{"line":195,"column":13},"end":{"line":202,"column":null}},"type":"binary-expr","locations":[{"start":{"line":195,"column":13},"end":{"line":195,"column":null}},{"start":{"line":196,"column":14},"end":{"line":202,"column":null}}],"line":195}},"s":{"0":0,"1":0,"2":0,"3":0,"4":0,"5":0,"6":0,"7":0,"8":0,"9":0,"10":0,"11":0,"12":0,"13":0,"14":0,"15":0,"16":0,"17":0,"18":0,"19":0,"20":0,"21":0,"22":0,"23":0,"24":0,"25":0,"26":0,"27":0,"28":0,"29":0,"30":0,"31":0,"32":0,"33":0,"34":0,"35":0,"36":0,"37":0,"38":0,"39":0,"40":0,"41":0,"42":0,"43":0,"44":0,"45":0,"46":0,"47":0},"f":{"0":0,"1":0,"2":0,"3":0,"4":0,"5":0,"6":0,"7":0,"8":0,"9":0,"10":0,"11":0,"12":0,"13":0,"14":0,"15":0,"16":0},"b":{"0":[0,0],"1":[0,0],"2":[0,0],"3":[0,0],"4":[0,0],"5":[0,0],"6":[0,0],"7":[0,0],"8":[0,0],"9":[0,0],"10":[0,0],"11":[0,0],"12":[0,0],"13":[0,0],"14":[0,0,0,0,0],"15":[0,0],"16":[0,0,0],"17":[0,0],"18":[0,0,0],"19":[0,0,0],"20":[0,0]},"meta":{"lastBranch":21,"lastFunction":17,"lastStatement":48,"seen":{"f:16:16:16:38":0,"s:22:22:22:Infinity":0,"s:23:28:23:Infinity":1,"s:24:24:24:Infinity":2,"s:25:38:25:Infinity":3,"s:27:8:42:Infinity":4,"f:28:4:28:11":1,"s:29:6:29:Infinity":5,"s:30:6:30:Infinity":6,"s:31:6:31:Infinity":7,"s:32:6:39:Infinity":8,"s:33:20:33:Infinity":9,"s:34:8:34:Infinity":10,"s:36:8:36:Infinity":11,"b:36:38:36:50:36:50:36:80":0,"s:38:8:38:Infinity":12,"s:44:2:52:Infinity":13,"f:44:12:44:18":2,"b:45:4:51:Infinity:47:11:51:Infinity":1,"s:45:4:51:Infinity":14,"s:46:6:46:Infinity":15,"s:48:6:48:Infinity":16,"s:49:6:49:Infinity":17,"s:50:6:50:Infinity":18,"s:54:2:61:Infinity":19,"f:54:12:54:18":3,"b:55:4:55:Infinity:undefined:undefined:undefined:undefined":2,"s:55:4:55:Infinity":20,"s:55:15:55:Infinity":21,"s:56:20:58:Infinity":22,"f:56:20:56:21":4,"b:57:6:57:Infinity:undefined:undefined:undefined:undefined":3,"s:57:6:57:Infinity":23,"s:57:30:57:Infinity":24,"s:59:4:59:Infinity":25,"s:60:4:60:Infinity":26,"f:60:11:60:17":5,"s:60:17:60:Infinity":27,"b:63:2:63:Infinity:undefined:undefined:undefined:undefined":4,"s:63:2:63:Infinity":28,"s:63:13:63:Infinity":29,"s:65:23:65:Infinity":30,"b:65:23:65:73:65:73:65:Infinity":5,"s:67:2:207:Infinity":31,"f:70:15:70:16":6,"b:71:8:71:Infinity:undefined:undefined:undefined:undefined":6,"s:71:8:71:Infinity":32,"s:71:42:71:Infinity":33,"b:77:11:77:Infinity:78:12:89:Infinity":7,"f:79:23:79:29":7,"b:80:16:84:Infinity:82:23:84:Infinity":8,"s:80:16:84:Infinity":34,"s:81:18:81:Infinity":35,"s:83:18:83:Infinity":36,"b:97:9:97:Infinity:98:10:124:Infinity":9,"f:100:23:100:29":8,"s:100:29:100:Infinity":37,"f:105:30:105:31":9,"s:106:34:106:Infinity":38,"s:107:29:107:Infinity":39,"s:108:14:121:Infinity":40,"b:112:20:112:Infinity:114:20:119:Infinity":10,"f:115:31:115:37":10,"s:115:37:115:Infinity":41,"b:129:11:129:Infinity:130:12:132:Infinity":11,"b:135:11:135:Infinity:136:12:144:Infinity":12,"f:139:25:139:31":11,"s:139:31:139:Infinity":42,"b:139:36:139:58:139:58:139:67":13,"b:147:11:147:23:147:23:147:33:147:33:147:41:147:41:147:Infinity:148:12:152:Infinity":14,"b:150:37:150:59:150:59:150:Infinity":15,"b:155:11:155:Infinity:156:12:156:Infinity:157:12:174:Infinity":16,"f:157:30:157:31":12,"s:158:14:173:Infinity":43,"f:160:25:160:31":13,"s:160:31:160:Infinity":44,"f:161:31:161:37":14,"s:161:37:161:Infinity":45,"b:164:22:164:Infinity:165:22:165:Infinity":17,"b:180:13:180:29:180:29:180:51:180:51:180:Infinity":18,"b:186:13:186:35:186:35:186:Infinity:187:14:193:Infinity":19,"f:190:25:190:31":15,"s:190:31:190:Infinity":46,"b:195:13:195:Infinity:196:14:202:Infinity":20,"f:199:25:199:31":16,"s:199:31:199:Infinity":47}}}
,"/Users/mohamedibrahim/momodoc/frontend/src/shared/renderer/components/ErrorPage.tsx": {"path":"/Users/mohamedibrahim/momodoc/frontend/src/shared/renderer/components/ErrorPage.tsx","statementMap":{"0":{"start":{"line":12,"column":2},"end":{"line":25,"column":null}}},"fnMap":{"0":{"name":"ErrorPage","decl":{"start":{"line":8,"column":16},"end":{"line":8,"column":26}},"loc":{"start":{"line":11,"column":19},"end":{"line":27,"column":null}},"line":11}},"branchMap":{"0":{"loc":{"start":{"line":9,"column":2},"end":{"line":9,"column":null}},"type":"default-arg","locations":[{"start":{"line":9,"column":12},"end":{"line":9,"column":null}}],"line":9},"1":{"loc":{"start":{"line":20,"column":7},"end":{"line":23,"column":null}},"type":"binary-expr","locations":[{"start":{"line":20,"column":7},"end":{"line":20,"column":null}},{"start":{"line":21,"column":8},"end":{"line":23,"column":null}}],"line":20}},"s":{"0":0},"f":{"0":0},"b":{"0":[0],"1":[0,0]},"meta":{"lastBranch":2,"lastFunction":1,"lastStatement":1,"seen":{"f:8:16:8:26":0,"b:9:12:9:Infinity":0,"s:12:2:25:Infinity":0,"b:20:7:20:Infinity:21:8:23:Infinity":1}}}
,"/Users/mohamedibrahim/momodoc/frontend/src/shared/renderer/components/FilesSection.tsx": {"path":"/Users/mohamedibrahim/momodoc/frontend/src/shared/renderer/components/FilesSection.tsx","statementMap":{"0":{"start":{"line":19,"column":24},"end":{"line":19,"column":null}},"1":{"start":{"line":20,"column":28},"end":{"line":20,"column":null}},"2":{"start":{"line":21,"column":32},"end":{"line":21,"column":null}},"3":{"start":{"line":22,"column":42},"end":{"line":22,"column":null}},"4":{"start":{"line":23,"column":24},"end":{"line":23,"column":null}},"5":{"start":{"line":24,"column":32},"end":{"line":24,"column":null}},"6":{"start":{"line":25,"column":30},"end":{"line":25,"column":null}},"7":{"start":{"line":26,"column":28},"end":{"line":26,"column":null}},"8":{"start":{"line":27,"column":8},"end":{"line":27,"column":null}},"9":{"start":{"line":28,"column":8},"end":{"line":28,"column":null}},"10":{"start":{"line":29,"column":8},"end":{"line":29,"column":null}},"11":{"start":{"line":31,"column":8},"end":{"line":42,"column":null}},"12":{"start":{"line":32,"column":4},"end":{"line":32,"column":null}},"13":{"start":{"line":33,"column":4},"end":{"line":33,"column":null}},"14":{"start":{"line":34,"column":4},"end":{"line":41,"column":null}},"15":{"start":{"line":35,"column":19},"end":{"line":35,"column":null}},"16":{"start":{"line":36,"column":6},"end":{"line":36,"column":null}},"17":{"start":{"line":38,"column":6},"end":{"line":38,"column":null}},"18":{"start":{"line":40,"column":6},"end":{"line":40,"column":null}},"19":{"start":{"line":44,"column":2},"end":{"line":46,"column":null}},"20":{"start":{"line":45,"column":4},"end":{"line":45,"column":null}},"21":{"start":{"line":49,"column":2},"end":{"line":63,"column":null}},"22":{"start":{"line":50,"column":4},"end":{"line":54,"column":null}},"23":{"start":{"line":52,"column":6},"end":{"line":52,"column":null}},"24":{"start":{"line":53,"column":6},"end":{"line":53,"column":null}},"25":{"start":{"line":56,"column":4},"end":{"line":62,"column":null}},"26":{"start":{"line":57,"column":6},"end":{"line":61,"column":null}},"27":{"start":{"line":58,"column":8},"end":{"line":60,"column":null}},"28":{"start":{"line":59,"column":10},"end":{"line":59,"column":null}},"29":{"start":{"line":65,"column":20},"end":{"line":65,"column":null}},"30":{"start":{"line":66,"column":24},"end":{"line":66,"column":null}},"31":{"start":{"line":69,"column":2},"end":{"line":96,"column":null}},"32":{"start":{"line":70,"column":4},"end":{"line":79,"column":null}},"33":{"start":{"line":71,"column":6},"end":{"line":74,"column":null}},"34":{"start":{"line":72,"column":8},"end":{"line":72,"column":null}},"35":{"start":{"line":73,"column":8},"end":{"line":73,"column":null}},"36":{"start":{"line":75,"column":6},"end":{"line":77,"column":null}},"37":{"start":{"line":76,"column":8},"end":{"line":76,"column":null}},"38":{"start":{"line":78,"column":6},"end":{"line":78,"column":null}},"39":{"start":{"line":81,"column":4},"end":{"line":88,"column":null}},"40":{"start":{"line":82,"column":6},"end":{"line":87,"column":null}},"41":{"start":{"line":83,"column":20},"end":{"line":83,"column":null}},"42":{"start":{"line":84,"column":8},"end":{"line":84,"column":null}},"43":{"start":{"line":90,"column":4},"end":{"line":95,"column":null}},"44":{"start":{"line":91,"column":6},"end":{"line":94,"column":null}},"45":{"start":{"line":92,"column":8},"end":{"line":92,"column":null}},"46":{"start":{"line":93,"column":8},"end":{"line":93,"column":null}},"47":{"start":{"line":98,"column":8},"end":{"line":122,"column":null}},"48":{"start":{"line":99,"column":4},"end":{"line":99,"column":null}},"49":{"start":{"line":99,"column":31},"end":{"line":99,"column":null}},"50":{"start":{"line":100,"column":4},"end":{"line":100,"column":null}},"51":{"start":{"line":101,"column":4},"end":{"line":101,"column":null}},"52":{"start":{"line":102,"column":4},"end":{"line":102,"column":null}},"53":{"start":{"line":103,"column":35},"end":{"line":103,"column":null}},"54":{"start":{"line":104,"column":29},"end":{"line":104,"column":null}},"55":{"start":{"line":105,"column":4},"end":{"line":113,"column":null}},"56":{"start":{"line":105,"column":17},"end":{"line":105,"column":20}},"57":{"start":{"line":106,"column":6},"end":{"line":106,"column":null}},"58":{"start":{"line":107,"column":6},"end":{"line":112,"column":null}},"59":{"start":{"line":108,"column":23},"end":{"line":108,"column":null}},"60":{"start":{"line":109,"column":8},"end":{"line":109,"column":null}},"61":{"start":{"line":111,"column":8},"end":{"line":111,"column":null}},"62":{"start":{"line":114,"column":4},"end":{"line":114,"column":null}},"63":{"start":{"line":114,"column":23},"end":{"line":114,"column":45}},"64":{"start":{"line":115,"column":4},"end":{"line":117,"column":null}},"65":{"start":{"line":116,"column":6},"end":{"line":116,"column":null}},"66":{"start":{"line":118,"column":4},"end":{"line":118,"column":null}},"67":{"start":{"line":119,"column":4},"end":{"line":119,"column":null}},"68":{"start":{"line":120,"column":4},"end":{"line":120,"column":null}},"69":{"start":{"line":120,"column":26},"end":{"line":120,"column":null}},"70":{"start":{"line":121,"column":4},"end":{"line":121,"column":null}},"71":{"start":{"line":121,"column":29},"end":{"line":121,"column":null}},"72":{"start":{"line":124,"column":23},"end":{"line":128,"column":null}},"73":{"start":{"line":125,"column":21},"end":{"line":125,"column":null}},"74":{"start":{"line":126,"column":4},"end":{"line":126,"column":null}},"75":{"start":{"line":126,"column":44},"end":{"line":126,"column":null}},"76":{"start":{"line":127,"column":4},"end":{"line":127,"column":null}},"77":{"start":{"line":130,"column":8},"end":{"line":135,"column":null}},"78":{"start":{"line":131,"column":4},"end":{"line":131,"column":null}},"79":{"start":{"line":132,"column":4},"end":{"line":132,"column":null}},"80":{"start":{"line":133,"column":21},"end":{"line":133,"column":null}},"81":{"start":{"line":134,"column":4},"end":{"line":134,"column":null}},"82":{"start":{"line":134,"column":41},"end":{"line":134,"column":null}},"83":{"start":{"line":137,"column":21},"end":{"line":145,"column":null}},"84":{"start":{"line":138,"column":4},"end":{"line":138,"column":null}},"85":{"start":{"line":139,"column":4},"end":{"line":144,"column":null}},"86":{"start":{"line":140,"column":18},"end":{"line":140,"column":null}},"87":{"start":{"line":141,"column":6},"end":{"line":141,"column":null}},"88":{"start":{"line":143,"column":6},"end":{"line":143,"column":null}},"89":{"start":{"line":147,"column":23},"end":{"line":154,"column":null}},"90":{"start":{"line":148,"column":4},"end":{"line":153,"column":null}},"91":{"start":{"line":149,"column":6},"end":{"line":149,"column":null}},"92":{"start":{"line":150,"column":6},"end":{"line":150,"column":null}},"93":{"start":{"line":150,"column":25},"end":{"line":150,"column":60}},"94":{"start":{"line":150,"column":44},"end":{"line":150,"column":59}},"95":{"start":{"line":152,"column":6},"end":{"line":152,"column":null}},"96":{"start":{"line":156,"column":20},"end":{"line":156,"column":null}},"97":{"start":{"line":157,"column":25},"end":{"line":157,"column":null}},"98":{"start":{"line":159,"column":4},"end":{"line":163,"column":null}},"99":{"start":{"line":165,"column":2},"end":{"line":375,"column":null}},"100":{"start":{"line":192,"column":27},"end":{"line":192,"column":null}},"101":{"start":{"line":201,"column":27},"end":{"line":201,"column":null}},"102":{"start":{"line":272,"column":29},"end":{"line":272,"column":null}},"103":{"start":{"line":288,"column":29},"end":{"line":288,"column":49}},"104":{"start":{"line":288,"column":49},"end":{"line":288,"column":68}},"105":{"start":{"line":289,"column":27},"end":{"line":289,"column":null}},"106":{"start":{"line":300,"column":27},"end":{"line":300,"column":null}},"107":{"start":{"line":323,"column":27},"end":{"line":323,"column":null}},"108":{"start":{"line":329,"column":18},"end":{"line":329,"column":null}},"109":{"start":{"line":330,"column":12},"end":{"line":370,"column":null}},"110":{"start":{"line":336,"column":36},"end":{"line":336,"column":null}},"111":{"start":{"line":337,"column":36},"end":{"line":337,"column":null}},"112":{"start":{"line":359,"column":20},"end":{"line":359,"column":null}},"113":{"start":{"line":360,"column":20},"end":{"line":360,"column":null}}},"fnMap":{"0":{"name":"FilesSection","decl":{"start":{"line":18,"column":16},"end":{"line":18,"column":29}},"loc":{"start":{"line":18,"column":98},"end":{"line":377,"column":null}},"line":18},"1":{"name":"(anonymous_1)","decl":{"start":{"line":31,"column":33},"end":{"line":31,"column":45}},"loc":{"start":{"line":31,"column":45},"end":{"line":42,"column":5}},"line":31},"2":{"name":"(anonymous_2)","decl":{"start":{"line":44,"column":12},"end":{"line":44,"column":18}},"loc":{"start":{"line":44,"column":18},"end":{"line":46,"column":5}},"line":44},"3":{"name":"(anonymous_3)","decl":{"start":{"line":49,"column":12},"end":{"line":49,"column":18}},"loc":{"start":{"line":49,"column":18},"end":{"line":63,"column":5}},"line":49},"4":{"name":"(anonymous_4)","decl":{"start":{"line":52,"column":69},"end":{"line":52,"column":75}},"loc":{"start":{"line":52,"column":75},"end":{"line":52,"column":77}},"line":52},"5":{"name":"(anonymous_5)","decl":{"start":{"line":57,"column":40},"end":{"line":57,"column":41}},"loc":{"start":{"line":57,"column":49},"end":{"line":61,"column":7}},"line":57},"6":{"name":"(anonymous_6)","decl":{"start":{"line":61,"column":15},"end":{"line":61,"column":21}},"loc":{"start":{"line":61,"column":21},"end":{"line":61,"column":23}},"line":61},"7":{"name":"(anonymous_7)","decl":{"start":{"line":69,"column":12},"end":{"line":69,"column":18}},"loc":{"start":{"line":69,"column":18},"end":{"line":96,"column":5}},"line":69},"8":{"name":"(anonymous_8)","decl":{"start":{"line":81,"column":34},"end":{"line":81,"column":46}},"loc":{"start":{"line":81,"column":46},"end":{"line":88,"column":7}},"line":81},"9":{"name":"(anonymous_9)","decl":{"start":{"line":90,"column":11},"end":{"line":90,"column":17}},"loc":{"start":{"line":90,"column":17},"end":{"line":95,"column":null}},"line":90},"10":{"name":"(anonymous_10)","decl":{"start":{"line":98,"column":34},"end":{"line":98,"column":41}},"loc":{"start":{"line":98,"column":62},"end":{"line":122,"column":5}},"line":98},"11":{"name":"(anonymous_11)","decl":{"start":{"line":114,"column":13},"end":{"line":114,"column":14}},"loc":{"start":{"line":114,"column":23},"end":{"line":114,"column":45}},"line":114},"12":{"name":"(anonymous_12)","decl":{"start":{"line":124,"column":23},"end":{"line":124,"column":30}},"loc":{"start":{"line":124,"column":73},"end":{"line":128,"column":null}},"line":124},"13":{"name":"(anonymous_13)","decl":{"start":{"line":130,"column":33},"end":{"line":130,"column":34}},"loc":{"start":{"line":130,"column":57},"end":{"line":135,"column":5}},"line":130},"14":{"name":"(anonymous_14)","decl":{"start":{"line":137,"column":21},"end":{"line":137,"column":33}},"loc":{"start":{"line":137,"column":33},"end":{"line":145,"column":null}},"line":137},"15":{"name":"(anonymous_15)","decl":{"start":{"line":147,"column":23},"end":{"line":147,"column":30}},"loc":{"start":{"line":147,"column":49},"end":{"line":154,"column":null}},"line":147},"16":{"name":"(anonymous_16)","decl":{"start":{"line":150,"column":15},"end":{"line":150,"column":16}},"loc":{"start":{"line":150,"column":25},"end":{"line":150,"column":60}},"line":150},"17":{"name":"(anonymous_17)","decl":{"start":{"line":150,"column":37},"end":{"line":150,"column":38}},"loc":{"start":{"line":150,"column":44},"end":{"line":150,"column":59}},"line":150},"18":{"name":"(anonymous_18)","decl":{"start":{"line":192,"column":21},"end":{"line":192,"column":27}},"loc":{"start":{"line":192,"column":27},"end":{"line":192,"column":null}},"line":192},"19":{"name":"(anonymous_19)","decl":{"start":{"line":201,"column":21},"end":{"line":201,"column":27}},"loc":{"start":{"line":201,"column":27},"end":{"line":201,"column":null}},"line":201},"20":{"name":"(anonymous_20)","decl":{"start":{"line":272,"column":23},"end":{"line":272,"column":29}},"loc":{"start":{"line":272,"column":29},"end":{"line":272,"column":null}},"line":272},"21":{"name":"(anonymous_21)","decl":{"start":{"line":288,"column":20},"end":{"line":288,"column":21}},"loc":{"start":{"line":288,"column":27},"end":{"line":288,"column":null}},"line":288},"22":{"name":"(anonymous_22)","decl":{"start":{"line":289,"column":21},"end":{"line":289,"column":27}},"loc":{"start":{"line":289,"column":27},"end":{"line":289,"column":null}},"line":289},"23":{"name":"(anonymous_23)","decl":{"start":{"line":300,"column":21},"end":{"line":300,"column":27}},"loc":{"start":{"line":300,"column":27},"end":{"line":300,"column":null}},"line":300},"24":{"name":"(anonymous_24)","decl":{"start":{"line":323,"column":21},"end":{"line":323,"column":27}},"loc":{"start":{"line":323,"column":27},"end":{"line":323,"column":null}},"line":323},"25":{"name":"(anonymous_25)","decl":{"start":{"line":328,"column":21},"end":{"line":328,"column":22}},"loc":{"start":{"line":328,"column":34},"end":{"line":372,"column":11}},"line":328},"26":{"name":"(anonymous_26)","decl":{"start":{"line":336,"column":30},"end":{"line":336,"column":36}},"loc":{"start":{"line":336,"column":36},"end":{"line":336,"column":null}},"line":336},"27":{"name":"(anonymous_27)","decl":{"start":{"line":337,"column":30},"end":{"line":337,"column":36}},"loc":{"start":{"line":337,"column":36},"end":{"line":337,"column":null}},"line":337},"28":{"name":"(anonymous_28)","decl":{"start":{"line":358,"column":27},"end":{"line":358,"column":28}},"loc":{"start":{"line":358,"column":34},"end":{"line":361,"column":null}},"line":358}},"branchMap":{"0":{"loc":{"start":{"line":50,"column":4},"end":{"line":54,"column":null}},"type":"if","locations":[{"start":{"line":50,"column":4},"end":{"line":54,"column":null}},{"start":{},"end":{}}],"line":50},"1":{"loc":{"start":{"line":56,"column":4},"end":{"line":62,"column":null}},"type":"if","locations":[{"start":{"line":56,"column":4},"end":{"line":62,"column":null}},{"start":{},"end":{}}],"line":56},"2":{"loc":{"start":{"line":58,"column":8},"end":{"line":60,"column":null}},"type":"if","locations":[{"start":{"line":58,"column":8},"end":{"line":60,"column":null}},{"start":{},"end":{}}],"line":58},"3":{"loc":{"start":{"line":58,"column":12},"end":{"line":58,"column":75}},"type":"binary-expr","locations":[{"start":{"line":58,"column":12},"end":{"line":58,"column":20}},{"start":{"line":58,"column":20},"end":{"line":58,"column":48}},{"start":{"line":58,"column":48},"end":{"line":58,"column":75}}],"line":58},"4":{"loc":{"start":{"line":70,"column":4},"end":{"line":79,"column":null}},"type":"if","locations":[{"start":{"line":70,"column":4},"end":{"line":79,"column":null}},{"start":{},"end":{}}],"line":70},"5":{"loc":{"start":{"line":70,"column":8},"end":{"line":70,"column":83}},"type":"binary-expr","locations":[{"start":{"line":70,"column":8},"end":{"line":70,"column":22}},{"start":{"line":70,"column":22},"end":{"line":70,"column":55}},{"start":{"line":70,"column":55},"end":{"line":70,"column":83}}],"line":70},"6":{"loc":{"start":{"line":71,"column":6},"end":{"line":74,"column":null}},"type":"if","locations":[{"start":{"line":71,"column":6},"end":{"line":74,"column":null}},{"start":{},"end":{}}],"line":71},"7":{"loc":{"start":{"line":75,"column":6},"end":{"line":77,"column":null}},"type":"if","locations":[{"start":{"line":75,"column":6},"end":{"line":77,"column":null}},{"start":{},"end":{}}],"line":75},"8":{"loc":{"start":{"line":91,"column":6},"end":{"line":94,"column":null}},"type":"if","locations":[{"start":{"line":91,"column":6},"end":{"line":94,"column":null}},{"start":{},"end":{}}],"line":91},"9":{"loc":{"start":{"line":99,"column":4},"end":{"line":99,"column":null}},"type":"if","locations":[{"start":{"line":99,"column":4},"end":{"line":99,"column":null}},{"start":{},"end":{}}],"line":99},"10":{"loc":{"start":{"line":115,"column":4},"end":{"line":117,"column":null}},"type":"if","locations":[{"start":{"line":115,"column":4},"end":{"line":117,"column":null}},{"start":{},"end":{}}],"line":115},"11":{"loc":{"start":{"line":120,"column":4},"end":{"line":120,"column":null}},"type":"if","locations":[{"start":{"line":120,"column":4},"end":{"line":120,"column":null}},{"start":{},"end":{}}],"line":120},"12":{"loc":{"start":{"line":121,"column":4},"end":{"line":121,"column":null}},"type":"if","locations":[{"start":{"line":121,"column":4},"end":{"line":121,"column":null}},{"start":{},"end":{}}],"line":121},"13":{"loc":{"start":{"line":126,"column":4},"end":{"line":126,"column":null}},"type":"if","locations":[{"start":{"line":126,"column":4},"end":{"line":126,"column":null}},{"start":{},"end":{}}],"line":126},"14":{"loc":{"start":{"line":126,"column":8},"end":{"line":126,"column":44}},"type":"binary-expr","locations":[{"start":{"line":126,"column":8},"end":{"line":126,"column":21}},{"start":{"line":126,"column":21},"end":{"line":126,"column":44}}],"line":126},"15":{"loc":{"start":{"line":134,"column":4},"end":{"line":134,"column":null}},"type":"if","locations":[{"start":{"line":134,"column":4},"end":{"line":134,"column":null}},{"start":{},"end":{}}],"line":134},"16":{"loc":{"start":{"line":134,"column":8},"end":{"line":134,"column":41}},"type":"binary-expr","locations":[{"start":{"line":134,"column":8},"end":{"line":134,"column":20}},{"start":{"line":134,"column":20},"end":{"line":134,"column":41}}],"line":134},"17":{"loc":{"start":{"line":143,"column":15},"end":{"line":143,"column":70}},"type":"cond-expr","locations":[{"start":{"line":143,"column":36},"end":{"line":143,"column":48}},{"start":{"line":143,"column":48},"end":{"line":143,"column":70}}],"line":143},"18":{"loc":{"start":{"line":156,"column":20},"end":{"line":156,"column":null}},"type":"binary-expr","locations":[{"start":{"line":156,"column":20},"end":{"line":156,"column":51}},{"start":{"line":156,"column":51},"end":{"line":156,"column":null}}],"line":156},"19":{"loc":{"start":{"line":157,"column":25},"end":{"line":157,"column":null}},"type":"binary-expr","locations":[{"start":{"line":157,"column":25},"end":{"line":157,"column":53}},{"start":{"line":157,"column":53},"end":{"line":157,"column":81}},{"start":{"line":157,"column":81},"end":{"line":157,"column":null}}],"line":157},"20":{"loc":{"start":{"line":159,"column":4},"end":{"line":163,"column":null}},"type":"binary-expr","locations":[{"start":{"line":159,"column":4},"end":{"line":159,"column":null}},{"start":{"line":160,"column":4},"end":{"line":163,"column":null}}],"line":159},"21":{"loc":{"start":{"line":161,"column":24},"end":{"line":161,"column":56}},"type":"binary-expr","locations":[{"start":{"line":161,"column":24},"end":{"line":161,"column":50}},{"start":{"line":161,"column":50},"end":{"line":161,"column":56}}],"line":161},"22":{"loc":{"start":{"line":161,"column":56},"end":{"line":161,"column":null}},"type":"binary-expr","locations":[{"start":{"line":161,"column":56},"end":{"line":161,"column":81}},{"start":{"line":161,"column":81},"end":{"line":161,"column":null}}],"line":161},"23":{"loc":{"start":{"line":172,"column":11},"end":{"line":175,"column":null}},"type":"binary-expr","locations":[{"start":{"line":172,"column":11},"end":{"line":172,"column":24}},{"start":{"line":172,"column":24},"end":{"line":172,"column":null}},{"start":{"line":173,"column":12},"end":{"line":175,"column":null}}],"line":172},"24":{"loc":{"start":{"line":177,"column":11},"end":{"line":177,"column":null}},"type":"binary-expr","locations":[{"start":{"line":177,"column":11},"end":{"line":177,"column":24}},{"start":{"line":177,"column":24},"end":{"line":177,"column":null}}],"line":177},"25":{"loc":{"start":{"line":178,"column":11},"end":{"line":187,"column":null}},"type":"binary-expr","locations":[{"start":{"line":178,"column":11},"end":{"line":178,"column":null}},{"start":{"line":179,"column":12},"end":{"line":187,"column":null}}],"line":178},"26":{"loc":{"start":{"line":183,"column":24},"end":{"line":183,"column":null}},"type":"binary-expr","locations":[{"start":{"line":183,"column":24},"end":{"line":183,"column":37}},{"start":{"line":183,"column":37},"end":{"line":183,"column":null}}],"line":183},"27":{"loc":{"start":{"line":185,"column":46},"end":{"line":185,"column":79}},"type":"cond-expr","locations":[{"start":{"line":185,"column":58},"end":{"line":185,"column":75}},{"start":{"line":185,"column":75},"end":{"line":185,"column":79}}],"line":185},"28":{"loc":{"start":{"line":226,"column":7},"end":{"line":229,"column":null}},"type":"binary-expr","locations":[{"start":{"line":226,"column":7},"end":{"line":226,"column":null}},{"start":{"line":227,"column":8},"end":{"line":229,"column":null}}],"line":226},"29":{"loc":{"start":{"line":233,"column":7},"end":{"line":260,"column":null}},"type":"binary-expr","locations":[{"start":{"line":233,"column":7},"end":{"line":233,"column":18}},{"start":{"line":233,"column":18},"end":{"line":233,"column":null}},{"start":{"line":234,"column":8},"end":{"line":260,"column":null}}],"line":233},"30":{"loc":{"start":{"line":239,"column":13},"end":{"line":242,"column":null}},"type":"binary-expr","locations":[{"start":{"line":239,"column":13},"end":{"line":239,"column":null}},{"start":{"line":240,"column":14},"end":{"line":242,"column":null}}],"line":239},"31":{"loc":{"start":{"line":249,"column":23},"end":{"line":251,"column":null}},"type":"cond-expr","locations":[{"start":{"line":250,"column":20},"end":{"line":250,"column":null}},{"start":{"line":251,"column":20},"end":{"line":251,"column":null}}],"line":249},"32":{"loc":{"start":{"line":255,"column":11},"end":{"line":258,"column":null}},"type":"binary-expr","locations":[{"start":{"line":255,"column":11},"end":{"line":255,"column":null}},{"start":{"line":256,"column":12},"end":{"line":258,"column":null}}],"line":255},"33":{"loc":{"start":{"line":257,"column":43},"end":{"line":257,"column":null}},"type":"cond-expr","locations":[{"start":{"line":257,"column":72},"end":{"line":257,"column":78}},{"start":{"line":257,"column":78},"end":{"line":257,"column":null}}],"line":257},"34":{"loc":{"start":{"line":264,"column":7},"end":{"line":283,"column":null}},"type":"binary-expr","locations":[{"start":{"line":264,"column":7},"end":{"line":264,"column":null}},{"start":{"line":265,"column":8},"end":{"line":283,"column":null}}],"line":264},"35":{"loc":{"start":{"line":278,"column":11},"end":{"line":281,"column":null}},"type":"binary-expr","locations":[{"start":{"line":278,"column":11},"end":{"line":278,"column":null}},{"start":{"line":279,"column":12},"end":{"line":281,"column":null}}],"line":278},"36":{"loc":{"start":{"line":280,"column":43},"end":{"line":280,"column":null}},"type":"cond-expr","locations":[{"start":{"line":280,"column":72},"end":{"line":280,"column":78}},{"start":{"line":280,"column":78},"end":{"line":280,"column":null}}],"line":280},"37":{"loc":{"start":{"line":292,"column":10},"end":{"line":294,"column":null}},"type":"cond-expr","locations":[{"start":{"line":293,"column":14},"end":{"line":293,"column":null}},{"start":{"line":294,"column":14},"end":{"line":294,"column":null}}],"line":292},"38":{"loc":{"start":{"line":308,"column":7},"end":{"line":373,"column":null}},"type":"cond-expr","locations":[{"start":{"line":309,"column":8},"end":{"line":311,"column":null}},{"start":{"line":312,"column":10},"end":{"line":373,"column":null}}],"line":308},"39":{"loc":{"start":{"line":312,"column":10},"end":{"line":373,"column":null}},"type":"cond-expr","locations":[{"start":{"line":313,"column":8},"end":{"line":325,"column":null}},{"start":{"line":327,"column":8},"end":{"line":373,"column":null}}],"line":312},"40":{"loc":{"start":{"line":317,"column":12},"end":{"line":319,"column":null}},"type":"cond-expr","locations":[{"start":{"line":318,"column":16},"end":{"line":318,"column":null}},{"start":{"line":319,"column":16},"end":{"line":319,"column":null}}],"line":317},"41":{"loc":{"start":{"line":334,"column":18},"end":{"line":334,"column":null}},"type":"cond-expr","locations":[{"start":{"line":334,"column":28},"end":{"line":334,"column":55}},{"start":{"line":334,"column":55},"end":{"line":334,"column":null}}],"line":334},"42":{"loc":{"start":{"line":349,"column":17},"end":{"line":352,"column":null}},"type":"binary-expr","locations":[{"start":{"line":349,"column":17},"end":{"line":349,"column":null}},{"start":{"line":350,"column":18},"end":{"line":352,"column":null}}],"line":349},"43":{"loc":{"start":{"line":365,"column":20},"end":{"line":365,"column":null}},"type":"cond-expr","locations":[{"start":{"line":365,"column":44},"end":{"line":365,"column":60}},{"start":{"line":365,"column":60},"end":{"line":365,"column":null}}],"line":365}},"s":{"0":55,"1":55,"2":55,"3":55,"4":55,"5":55,"6":55,"7":55,"8":55,"9":55,"10":55,"11":55,"12":20,"13":20,"14":20,"15":20,"16":19,"17":1,"18":20,"19":55,"20":19,"21":55,"22":19,"23":2,"24":2,"25":17,"26":3,"27":3,"28":0,"29":55,"30":55,"31":55,"32":22,"33":20,"34":0,"35":0,"36":20,"37":1,"38":20,"39":2,"40":0,"41":0,"42":0,"43":2,"44":2,"45":2,"46":2,"47":55,"48":2,"49":0,"50":2,"51":2,"52":2,"53":2,"54":2,"55":2,"56":2,"57":2,"58":2,"59":2,"60":1,"61":1,"62":2,"63":2,"64":2,"65":1,"66":2,"67":2,"68":2,"69":2,"70":2,"71":2,"72":55,"73":2,"74":2,"75":0,"76":2,"77":55,"78":0,"79":0,"80":0,"81":0,"82":0,"83":55,"84":2,"85":2,"86":2,"87":1,"88":1,"89":55,"90":2,"91":2,"92":1,"93":1,"94":2,"95":1,"96":55,"97":55,"98":55,"99":55,"100":0,"101":2,"102":0,"103":0,"104":0,"105":0,"106":0,"107":0,"108":28,"109":28,"110":5,"111":2,"112":2,"113":2},"f":{"0":55,"1":20,"2":19,"3":19,"4":0,"5":3,"6":0,"7":22,"8":0,"9":2,"10":2,"11":2,"12":2,"13":0,"14":2,"15":2,"16":1,"17":2,"18":0,"19":2,"20":0,"21":0,"22":0,"23":0,"24":0,"25":28,"26":5,"27":2,"28":2},"b":{"0":[2,17],"1":[3,14],"2":[0,3],"3":[3,0,0],"4":[20,2],"5":[22,3,2],"6":[0,20],"7":[1,19],"8":[2,0],"9":[0,2],"10":[1,1],"11":[2,0],"12":[2,0],"13":[0,2],"14":[2,2],"15":[0,0],"16":[0,0],"17":[1,0],"18":[55,54],"19":[55,51,51],"20":[55,51],"21":[51,51],"22":[51,51],"23":[55,2,2],"24":[55,2],"25":[55,15],"26":[15,15],"27":[2,13],"28":[55,4],"29":[55,4,2],"30":[2,1],"31":[2,0],"32":[2,0],"33":[0,0],"34":[55,2],"35":[2,0],"36":[0,0],"37":[0,55],"38":[19,36],"39":[21,15],"40":[9,12],"41":[13,15],"42":[28,27],"43":[6,22]},"meta":{"lastBranch":44,"lastFunction":29,"lastStatement":114,"seen":{"f:18:16:18:29":0,"s:19:24:19:Infinity":0,"s:20:28:20:Infinity":1,"s:21:32:21:Infinity":2,"s:22:42:22:Infinity":3,"s:23:24:23:Infinity":4,"s:24:32:24:Infinity":5,"s:25:30:25:Infinity":6,"s:26:28:26:Infinity":7,"s:27:8:27:Infinity":8,"s:28:8:28:Infinity":9,"s:29:8:29:Infinity":10,"s:31:8:42:Infinity":11,"f:31:33:31:45":1,"s:32:4:32:Infinity":12,"s:33:4:33:Infinity":13,"s:34:4:41:Infinity":14,"s:35:19:35:Infinity":15,"s:36:6:36:Infinity":16,"s:38:6:38:Infinity":17,"s:40:6:40:Infinity":18,"s:44:2:46:Infinity":19,"f:44:12:44:18":2,"s:45:4:45:Infinity":20,"s:49:2:63:Infinity":21,"f:49:12:49:18":3,"b:50:4:54:Infinity:undefined:undefined:undefined:undefined":0,"s:50:4:54:Infinity":22,"s:52:6:52:Infinity":23,"f:52:69:52:75":4,"s:53:6:53:Infinity":24,"b:56:4:62:Infinity:undefined:undefined:undefined:undefined":1,"s:56:4:62:Infinity":25,"s:57:6:61:Infinity":26,"f:57:40:57:41":5,"b:58:8:60:Infinity:undefined:undefined:undefined:undefined":2,"s:58:8:60:Infinity":27,"b:58:12:58:20:58:20:58:48:58:48:58:75":3,"s:59:10:59:Infinity":28,"f:61:15:61:21":6,"s:65:20:65:Infinity":29,"s:66:24:66:Infinity":30,"s:69:2:96:Infinity":31,"f:69:12:69:18":7,"b:70:4:79:Infinity:undefined:undefined:undefined:undefined":4,"s:70:4:79:Infinity":32,"b:70:8:70:22:70:22:70:55:70:55:70:83":5,"b:71:6:74:Infinity:undefined:undefined:undefined:undefined":6,"s:71:6:74:Infinity":33,"s:72:8:72:Infinity":34,"s:73:8:73:Infinity":35,"b:75:6:77:Infinity:undefined:undefined:undefined:undefined":7,"s:75:6:77:Infinity":36,"s:76:8:76:Infinity":37,"s:78:6:78:Infinity":38,"s:81:4:88:Infinity":39,"f:81:34:81:46":8,"s:82:6:87:Infinity":40,"s:83:20:83:Infinity":41,"s:84:8:84:Infinity":42,"s:90:4:95:Infinity":43,"f:90:11:90:17":9,"b:91:6:94:Infinity:undefined:undefined:undefined:undefined":8,"s:91:6:94:Infinity":44,"s:92:8:92:Infinity":45,"s:93:8:93:Infinity":46,"s:98:8:122:Infinity":47,"f:98:34:98:41":10,"b:99:4:99:Infinity:undefined:undefined:undefined:undefined":9,"s:99:4:99:Infinity":48,"s:99:31:99:Infinity":49,"s:100:4:100:Infinity":50,"s:101:4:101:Infinity":51,"s:102:4:102:Infinity":52,"s:103:35:103:Infinity":53,"s:104:29:104:Infinity":54,"s:105:4:113:Infinity":55,"s:105:17:105:20":56,"s:106:6:106:Infinity":57,"s:107:6:112:Infinity":58,"s:108:23:108:Infinity":59,"s:109:8:109:Infinity":60,"s:111:8:111:Infinity":61,"s:114:4:114:Infinity":62,"f:114:13:114:14":11,"s:114:23:114:45":63,"b:115:4:117:Infinity:undefined:undefined:undefined:undefined":10,"s:115:4:117:Infinity":64,"s:116:6:116:Infinity":65,"s:118:4:118:Infinity":66,"s:119:4:119:Infinity":67,"b:120:4:120:Infinity:undefined:undefined:undefined:undefined":11,"s:120:4:120:Infinity":68,"s:120:26:120:Infinity":69,"b:121:4:121:Infinity:undefined:undefined:undefined:undefined":12,"s:121:4:121:Infinity":70,"s:121:29:121:Infinity":71,"s:124:23:128:Infinity":72,"f:124:23:124:30":12,"s:125:21:125:Infinity":73,"b:126:4:126:Infinity:undefined:undefined:undefined:undefined":13,"s:126:4:126:Infinity":74,"b:126:8:126:21:126:21:126:44":14,"s:126:44:126:Infinity":75,"s:127:4:127:Infinity":76,"s:130:8:135:Infinity":77,"f:130:33:130:34":13,"s:131:4:131:Infinity":78,"s:132:4:132:Infinity":79,"s:133:21:133:Infinity":80,"b:134:4:134:Infinity:undefined:undefined:undefined:undefined":15,"s:134:4:134:Infinity":81,"b:134:8:134:20:134:20:134:41":16,"s:134:41:134:Infinity":82,"s:137:21:145:Infinity":83,"f:137:21:137:33":14,"s:138:4:138:Infinity":84,"s:139:4:144:Infinity":85,"s:140:18:140:Infinity":86,"s:141:6:141:Infinity":87,"s:143:6:143:Infinity":88,"b:143:36:143:48:143:48:143:70":17,"s:147:23:154:Infinity":89,"f:147:23:147:30":15,"s:148:4:153:Infinity":90,"s:149:6:149:Infinity":91,"s:150:6:150:Infinity":92,"f:150:15:150:16":16,"s:150:25:150:60":93,"f:150:37:150:38":17,"s:150:44:150:59":94,"s:152:6:152:Infinity":95,"s:156:20:156:Infinity":96,"b:156:20:156:51:156:51:156:Infinity":18,"s:157:25:157:Infinity":97,"b:157:25:157:53:157:53:157:81:157:81:157:Infinity":19,"s:159:4:163:Infinity":98,"b:159:4:159:Infinity:160:4:163:Infinity":20,"b:161:24:161:50:161:50:161:56":21,"b:161:56:161:81:161:81:161:Infinity":22,"s:165:2:375:Infinity":99,"b:172:11:172:24:172:24:172:Infinity:173:12:175:Infinity":23,"b:177:11:177:24:177:24:177:Infinity":24,"b:178:11:178:Infinity:179:12:187:Infinity":25,"b:183:24:183:37:183:37:183:Infinity":26,"b:185:58:185:75:185:75:185:79":27,"f:192:21:192:27":18,"s:192:27:192:Infinity":100,"f:201:21:201:27":19,"s:201:27:201:Infinity":101,"b:226:7:226:Infinity:227:8:229:Infinity":28,"b:233:7:233:18:233:18:233:Infinity:234:8:260:Infinity":29,"b:239:13:239:Infinity:240:14:242:Infinity":30,"b:250:20:250:Infinity:251:20:251:Infinity":31,"b:255:11:255:Infinity:256:12:258:Infinity":32,"b:257:72:257:78:257:78:257:Infinity":33,"b:264:7:264:Infinity:265:8:283:Infinity":34,"f:272:23:272:29":20,"s:272:29:272:Infinity":102,"b:278:11:278:Infinity:279:12:281:Infinity":35,"b:280:72:280:78:280:78:280:Infinity":36,"f:288:20:288:21":21,"s:288:29:288:49":103,"s:288:49:288:68":104,"f:289:21:289:27":22,"s:289:27:289:Infinity":105,"b:293:14:293:Infinity:294:14:294:Infinity":37,"f:300:21:300:27":23,"s:300:27:300:Infinity":106,"b:309:8:311:Infinity:312:10:373:Infinity":38,"b:313:8:325:Infinity:327:8:373:Infinity":39,"b:318:16:318:Infinity:319:16:319:Infinity":40,"f:323:21:323:27":24,"s:323:27:323:Infinity":107,"f:328:21:328:22":25,"s:329:18:329:Infinity":108,"s:330:12:370:Infinity":109,"b:334:28:334:55:334:55:334:Infinity":41,"f:336:30:336:36":26,"s:336:36:336:Infinity":110,"f:337:30:337:36":27,"s:337:36:337:Infinity":111,"b:349:17:349:Infinity:350:18:352:Infinity":42,"f:358:27:358:28":28,"s:359:20:359:Infinity":112,"s:360:20:360:Infinity":113,"b:365:44:365:60:365:60:365:Infinity":43}}}
,"/Users/mohamedibrahim/momodoc/frontend/src/shared/renderer/components/IssuesSection.tsx": {"path":"/Users/mohamedibrahim/momodoc/frontend/src/shared/renderer/components/IssuesSection.tsx","statementMap":{"0":{"start":{"line":19,"column":26},"end":{"line":19,"column":null}},"1":{"start":{"line":20,"column":28},"end":{"line":20,"column":null}},"2":{"start":{"line":21,"column":24},"end":{"line":21,"column":null}},"3":{"start":{"line":22,"column":30},"end":{"line":22,"column":null}},"4":{"start":{"line":23,"column":30},"end":{"line":23,"column":null}},"5":{"start":{"line":24,"column":42},"end":{"line":24,"column":null}},"6":{"start":{"line":25,"column":36},"end":{"line":25,"column":null}},"7":{"start":{"line":26,"column":26},"end":{"line":26,"column":null}},"8":{"start":{"line":27,"column":32},"end":{"line":27,"column":null}},"9":{"start":{"line":28,"column":30},"end":{"line":28,"column":null}},"10":{"start":{"line":30,"column":8},"end":{"line":41,"column":null}},"11":{"start":{"line":31,"column":4},"end":{"line":31,"column":null}},"12":{"start":{"line":32,"column":4},"end":{"line":32,"column":null}},"13":{"start":{"line":33,"column":4},"end":{"line":40,"column":null}},"14":{"start":{"line":34,"column":19},"end":{"line":34,"column":null}},"15":{"start":{"line":35,"column":6},"end":{"line":35,"column":null}},"16":{"start":{"line":37,"column":6},"end":{"line":37,"column":null}},"17":{"start":{"line":39,"column":6},"end":{"line":39,"column":null}},"18":{"start":{"line":43,"column":2},"end":{"line":45,"column":null}},"19":{"start":{"line":44,"column":4},"end":{"line":44,"column":null}},"20":{"start":{"line":47,"column":23},"end":{"line":67,"column":null}},"21":{"start":{"line":48,"column":4},"end":{"line":48,"column":null}},"22":{"start":{"line":49,"column":4},"end":{"line":49,"column":null}},"23":{"start":{"line":49,"column":26},"end":{"line":49,"column":null}},"24":{"start":{"line":50,"column":4},"end":{"line":50,"column":null}},"25":{"start":{"line":51,"column":4},"end":{"line":66,"column":null}},"26":{"start":{"line":52,"column":20},"end":{"line":56,"column":null}},"27":{"start":{"line":57,"column":6},"end":{"line":57,"column":null}},"28":{"start":{"line":57,"column":26},"end":{"line":57,"column":42}},"29":{"start":{"line":58,"column":6},"end":{"line":58,"column":null}},"30":{"start":{"line":59,"column":6},"end":{"line":59,"column":null}},"31":{"start":{"line":60,"column":6},"end":{"line":60,"column":null}},"32":{"start":{"line":61,"column":6},"end":{"line":61,"column":null}},"33":{"start":{"line":63,"column":6},"end":{"line":63,"column":null}},"34":{"start":{"line":65,"column":6},"end":{"line":65,"column":null}},"35":{"start":{"line":69,"column":22},"end":{"line":86,"column":null}},"36":{"start":{"line":70,"column":72},"end":{"line":74,"column":null}},"37":{"start":{"line":75,"column":22},"end":{"line":75,"column":null}},"38":{"start":{"line":76,"column":4},"end":{"line":85,"column":null}},"39":{"start":{"line":77,"column":22},"end":{"line":79,"column":null}},"40":{"start":{"line":80,"column":6},"end":{"line":82,"column":null}},"41":{"start":{"line":81,"column":8},"end":{"line":81,"column":null}},"42":{"start":{"line":81,"column":25},"end":{"line":81,"column":57}},"43":{"start":{"line":84,"column":6},"end":{"line":84,"column":null}},"44":{"start":{"line":88,"column":23},"end":{"line":95,"column":null}},"45":{"start":{"line":89,"column":4},"end":{"line":94,"column":null}},"46":{"start":{"line":90,"column":6},"end":{"line":90,"column":null}},"47":{"start":{"line":91,"column":6},"end":{"line":91,"column":null}},"48":{"start":{"line":91,"column":26},"end":{"line":91,"column":62}},"49":{"start":{"line":91,"column":45},"end":{"line":91,"column":61}},"50":{"start":{"line":93,"column":6},"end":{"line":93,"column":null}},"51":{"start":{"line":97,"column":21},"end":{"line":97,"column":null}},"52":{"start":{"line":97,"column":42},"end":{"line":97,"column":61}},"53":{"start":{"line":98,"column":21},"end":{"line":98,"column":null}},"54":{"start":{"line":98,"column":42},"end":{"line":98,"column":61}},"55":{"start":{"line":100,"column":2},"end":{"line":241,"column":null}},"56":{"start":{"line":110,"column":25},"end":{"line":110,"column":null}},"57":{"start":{"line":138,"column":31},"end":{"line":138,"column":null}},"58":{"start":{"line":144,"column":31},"end":{"line":144,"column":null}},"59":{"start":{"line":150,"column":18},"end":{"line":150,"column":null}},"60":{"start":{"line":164,"column":31},"end":{"line":164,"column":null}},"61":{"start":{"line":191,"column":55},"end":{"line":191,"column":73}},"62":{"start":{"line":199,"column":16},"end":{"line":207,"column":null}},"63":{"start":{"line":216,"column":31},"end":{"line":216,"column":null}},"64":{"start":{"line":225,"column":20},"end":{"line":233,"column":null}},"65":{"start":{"line":260,"column":17},"end":{"line":260,"column":null}},"66":{"start":{"line":261,"column":23},"end":{"line":261,"column":null}},"67":{"start":{"line":263,"column":2},"end":{"line":314,"column":null}},"68":{"start":{"line":268,"column":26},"end":{"line":268,"column":null}},"69":{"start":{"line":269,"column":26},"end":{"line":269,"column":null}},"70":{"start":{"line":272,"column":23},"end":{"line":272,"column":null}},"71":{"start":{"line":305,"column":23},"end":{"line":305,"column":null}}},"fnMap":{"0":{"name":"IssuesSection","decl":{"start":{"line":18,"column":16},"end":{"line":18,"column":30}},"loc":{"start":{"line":18,"column":65},"end":{"line":243,"column":null}},"line":18},"1":{"name":"(anonymous_1)","decl":{"start":{"line":30,"column":34},"end":{"line":30,"column":46}},"loc":{"start":{"line":30,"column":46},"end":{"line":41,"column":5}},"line":30},"2":{"name":"(anonymous_2)","decl":{"start":{"line":43,"column":12},"end":{"line":43,"column":18}},"loc":{"start":{"line":43,"column":18},"end":{"line":45,"column":5}},"line":43},"3":{"name":"(anonymous_3)","decl":{"start":{"line":47,"column":23},"end":{"line":47,"column":30}},"loc":{"start":{"line":47,"column":53},"end":{"line":67,"column":null}},"line":47},"4":{"name":"(anonymous_4)","decl":{"start":{"line":57,"column":16},"end":{"line":57,"column":17}},"loc":{"start":{"line":57,"column":26},"end":{"line":57,"column":42}},"line":57},"5":{"name":"(anonymous_5)","decl":{"start":{"line":69,"column":22},"end":{"line":69,"column":29}},"loc":{"start":{"line":69,"column":46},"end":{"line":86,"column":null}},"line":69},"6":{"name":"(anonymous_6)","decl":{"start":{"line":80,"column":16},"end":{"line":80,"column":17}},"loc":{"start":{"line":81,"column":8},"end":{"line":81,"column":null}},"line":81},"7":{"name":"(anonymous_7)","decl":{"start":{"line":81,"column":17},"end":{"line":81,"column":18}},"loc":{"start":{"line":81,"column":25},"end":{"line":81,"column":57}},"line":81},"8":{"name":"(anonymous_8)","decl":{"start":{"line":88,"column":23},"end":{"line":88,"column":30}},"loc":{"start":{"line":88,"column":50},"end":{"line":95,"column":null}},"line":88},"9":{"name":"(anonymous_9)","decl":{"start":{"line":91,"column":16},"end":{"line":91,"column":17}},"loc":{"start":{"line":91,"column":26},"end":{"line":91,"column":62}},"line":91},"10":{"name":"(anonymous_10)","decl":{"start":{"line":91,"column":38},"end":{"line":91,"column":39}},"loc":{"start":{"line":91,"column":45},"end":{"line":91,"column":61}},"line":91},"11":{"name":"(anonymous_11)","decl":{"start":{"line":97,"column":35},"end":{"line":97,"column":36}},"loc":{"start":{"line":97,"column":42},"end":{"line":97,"column":61}},"line":97},"12":{"name":"(anonymous_12)","decl":{"start":{"line":98,"column":35},"end":{"line":98,"column":36}},"loc":{"start":{"line":98,"column":42},"end":{"line":98,"column":61}},"line":98},"13":{"name":"(anonymous_13)","decl":{"start":{"line":110,"column":19},"end":{"line":110,"column":25}},"loc":{"start":{"line":110,"column":25},"end":{"line":110,"column":null}},"line":110},"14":{"name":"(anonymous_14)","decl":{"start":{"line":138,"column":24},"end":{"line":138,"column":25}},"loc":{"start":{"line":138,"column":31},"end":{"line":138,"column":null}},"line":138},"15":{"name":"(anonymous_15)","decl":{"start":{"line":144,"column":24},"end":{"line":144,"column":25}},"loc":{"start":{"line":144,"column":31},"end":{"line":144,"column":null}},"line":144},"16":{"name":"(anonymous_16)","decl":{"start":{"line":149,"column":26},"end":{"line":149,"column":27}},"loc":{"start":{"line":150,"column":18},"end":{"line":150,"column":null}},"line":150},"17":{"name":"(anonymous_17)","decl":{"start":{"line":164,"column":25},"end":{"line":164,"column":31}},"loc":{"start":{"line":164,"column":31},"end":{"line":164,"column":null}},"line":164},"18":{"name":"(anonymous_18)","decl":{"start":{"line":191,"column":49},"end":{"line":191,"column":55}},"loc":{"start":{"line":191,"column":55},"end":{"line":191,"column":73}},"line":191},"19":{"name":"(anonymous_19)","decl":{"start":{"line":198,"column":30},"end":{"line":198,"column":31}},"loc":{"start":{"line":199,"column":16},"end":{"line":207,"column":null}},"line":199},"20":{"name":"(anonymous_20)","decl":{"start":{"line":216,"column":25},"end":{"line":216,"column":31}},"loc":{"start":{"line":216,"column":31},"end":{"line":216,"column":null}},"line":216},"21":{"name":"(anonymous_21)","decl":{"start":{"line":224,"column":34},"end":{"line":224,"column":35}},"loc":{"start":{"line":225,"column":20},"end":{"line":233,"column":null}},"line":225},"22":{"name":"IssueRow","decl":{"start":{"line":245,"column":9},"end":{"line":245,"column":18}},"loc":{"start":{"line":259,"column":3},"end":{"line":316,"column":null}},"line":259},"23":{"name":"(anonymous_23)","decl":{"start":{"line":268,"column":20},"end":{"line":268,"column":26}},"loc":{"start":{"line":268,"column":26},"end":{"line":268,"column":null}},"line":268},"24":{"name":"(anonymous_24)","decl":{"start":{"line":269,"column":20},"end":{"line":269,"column":26}},"loc":{"start":{"line":269,"column":26},"end":{"line":269,"column":null}},"line":269},"25":{"name":"(anonymous_25)","decl":{"start":{"line":272,"column":17},"end":{"line":272,"column":23}},"loc":{"start":{"line":272,"column":23},"end":{"line":272,"column":null}},"line":272},"26":{"name":"(anonymous_26)","decl":{"start":{"line":305,"column":17},"end":{"line":305,"column":23}},"loc":{"start":{"line":305,"column":23},"end":{"line":305,"column":null}},"line":305}},"branchMap":{"0":{"loc":{"start":{"line":49,"column":4},"end":{"line":49,"column":null}},"type":"if","locations":[{"start":{"line":49,"column":4},"end":{"line":49,"column":null}},{"start":{},"end":{}}],"line":49},"1":{"loc":{"start":{"line":54,"column":21},"end":{"line":54,"column":null}},"type":"binary-expr","locations":[{"start":{"line":54,"column":21},"end":{"line":54,"column":46}},{"start":{"line":54,"column":46},"end":{"line":54,"column":null}}],"line":54},"2":{"loc":{"start":{"line":75,"column":22},"end":{"line":75,"column":null}},"type":"binary-expr","locations":[{"start":{"line":75,"column":22},"end":{"line":75,"column":50}},{"start":{"line":75,"column":50},"end":{"line":75,"column":null}}],"line":75},"3":{"loc":{"start":{"line":81,"column":25},"end":{"line":81,"column":57}},"type":"cond-expr","locations":[{"start":{"line":81,"column":45},"end":{"line":81,"column":55}},{"start":{"line":81,"column":55},"end":{"line":81,"column":57}}],"line":81},"4":{"loc":{"start":{"line":107,"column":19},"end":{"line":107,"column":null}},"type":"cond-expr","locations":[{"start":{"line":107,"column":30},"end":{"line":107,"column":40}},{"start":{"line":107,"column":40},"end":{"line":107,"column":null}}],"line":107},"5":{"loc":{"start":{"line":109,"column":17},"end":{"line":109,"column":null}},"type":"cond-expr","locations":[{"start":{"line":109,"column":28},"end":{"line":109,"column":45}},{"start":{"line":109,"column":45},"end":{"line":109,"column":null}}],"line":109},"6":{"loc":{"start":{"line":112,"column":11},"end":{"line":121,"column":null}},"type":"cond-expr","locations":[{"start":{"line":113,"column":12},"end":{"line":116,"column":null}},{"start":{"line":118,"column":12},"end":{"line":121,"column":null}}],"line":112},"7":{"loc":{"start":{"line":126,"column":7},"end":{"line":129,"column":null}},"type":"binary-expr","locations":[{"start":{"line":126,"column":7},"end":{"line":126,"column":null}},{"start":{"line":127,"column":8},"end":{"line":129,"column":null}}],"line":126},"8":{"loc":{"start":{"line":132,"column":7},"end":{"line":179,"column":null}},"type":"binary-expr","locations":[{"start":{"line":132,"column":7},"end":{"line":132,"column":null}},{"start":{"line":133,"column":8},"end":{"line":179,"column":null}}],"line":132},"9":{"loc":{"start":{"line":173,"column":26},"end":{"line":173,"column":null}},"type":"binary-expr","locations":[{"start":{"line":173,"column":26},"end":{"line":173,"column":36}},{"start":{"line":173,"column":36},"end":{"line":173,"column":null}}],"line":173},"10":{"loc":{"start":{"line":175,"column":17},"end":{"line":175,"column":null}},"type":"cond-expr","locations":[{"start":{"line":175,"column":26},"end":{"line":175,"column":42}},{"start":{"line":175,"column":42},"end":{"line":175,"column":null}}],"line":175},"11":{"loc":{"start":{"line":182,"column":7},"end":{"line":239,"column":null}},"type":"cond-expr","locations":[{"start":{"line":183,"column":8},"end":{"line":185,"column":null}},{"start":{"line":186,"column":10},"end":{"line":239,"column":null}}],"line":182},"12":{"loc":{"start":{"line":186,"column":10},"end":{"line":239,"column":null}},"type":"cond-expr","locations":[{"start":{"line":187,"column":8},"end":{"line":192,"column":null}},{"start":{"line":194,"column":8},"end":{"line":239,"column":null}}],"line":186},"13":{"loc":{"start":{"line":196,"column":11},"end":{"line":209,"column":null}},"type":"binary-expr","locations":[{"start":{"line":196,"column":11},"end":{"line":196,"column":null}},{"start":{"line":197,"column":12},"end":{"line":209,"column":null}}],"line":196},"14":{"loc":{"start":{"line":213,"column":11},"end":{"line":237,"column":null}},"type":"binary-expr","locations":[{"start":{"line":213,"column":11},"end":{"line":213,"column":null}},{"start":{"line":214,"column":12},"end":{"line":237,"column":null}}],"line":213},"15":{"loc":{"start":{"line":219,"column":17},"end":{"line":219,"column":null}},"type":"cond-expr","locations":[{"start":{"line":219,"column":28},"end":{"line":219,"column":56}},{"start":{"line":219,"column":56},"end":{"line":219,"column":null}}],"line":219},"16":{"loc":{"start":{"line":222,"column":15},"end":{"line":235,"column":null}},"type":"binary-expr","locations":[{"start":{"line":222,"column":15},"end":{"line":222,"column":null}},{"start":{"line":223,"column":16},"end":{"line":235,"column":null}}],"line":222},"17":{"loc":{"start":{"line":266,"column":8},"end":{"line":266,"column":null}},"type":"cond-expr","locations":[{"start":{"line":266,"column":21},"end":{"line":266,"column":48}},{"start":{"line":266,"column":48},"end":{"line":266,"column":null}}],"line":266},"18":{"loc":{"start":{"line":276,"column":9},"end":{"line":281,"column":null}},"type":"cond-expr","locations":[{"start":{"line":277,"column":10},"end":{"line":277,"column":null}},{"start":{"line":278,"column":12},"end":{"line":281,"column":null}}],"line":276},"19":{"loc":{"start":{"line":278,"column":12},"end":{"line":281,"column":null}},"type":"cond-expr","locations":[{"start":{"line":279,"column":10},"end":{"line":279,"column":null}},{"start":{"line":281,"column":10},"end":{"line":281,"column":null}}],"line":278},"20":{"loc":{"start":{"line":287,"column":12},"end":{"line":287,"column":null}},"type":"cond-expr","locations":[{"start":{"line":287,"column":21},"end":{"line":287,"column":52}},{"start":{"line":287,"column":52},"end":{"line":287,"column":null}}],"line":287},"21":{"loc":{"start":{"line":292,"column":9},"end":{"line":295,"column":null}},"type":"binary-expr","locations":[{"start":{"line":292,"column":9},"end":{"line":292,"column":30}},{"start":{"line":292,"column":30},"end":{"line":292,"column":null}},{"start":{"line":293,"column":10},"end":{"line":295,"column":null}}],"line":292},"22":{"loc":{"start":{"line":309,"column":10},"end":{"line":309,"column":null}},"type":"cond-expr","locations":[{"start":{"line":309,"column":35},"end":{"line":309,"column":51}},{"start":{"line":309,"column":51},"end":{"line":309,"column":null}}],"line":309}},"s":{"0":61,"1":61,"2":61,"3":61,"4":61,"5":61,"6":61,"7":61,"8":61,"9":61,"10":61,"11":12,"12":12,"13":12,"14":12,"15":11,"16":1,"17":12,"18":61,"19":12,"20":61,"21":2,"22":2,"23":0,"24":2,"25":2,"26":2,"27":1,"28":1,"29":1,"30":1,"31":1,"32":1,"33":1,"34":2,"35":61,"36":0,"37":0,"38":0,"39":0,"40":0,"41":0,"42":0,"43":0,"44":61,"45":1,"46":1,"47":1,"48":1,"49":3,"50":0,"51":61,"52":33,"53":61,"54":33,"55":61,"56":3,"57":26,"58":0,"59":0,"60":0,"61":0,"62":22,"63":1,"64":1,"65":23,"66":23,"67":23,"68":2,"69":1,"70":0,"71":1},"f":{"0":61,"1":12,"2":12,"3":2,"4":1,"5":0,"6":0,"7":0,"8":1,"9":1,"10":3,"11":33,"12":33,"13":3,"14":26,"15":0,"16":0,"17":0,"18":0,"19":22,"20":1,"21":1,"22":23,"23":2,"24":1,"25":0,"26":1},"b":{"0":[0,2],"1":[2,2],"2":[0,0],"3":[0,0],"4":[32,29],"5":[32,29],"6":[32,29],"7":[61,2],"8":[61,32],"9":[32,30],"10":[2,30],"11":[12,49],"12":[37,12],"13":[12,12],"14":[12,11],"15":[1,10],"16":[11,1],"17":[10,13],"18":[1,22],"19":[11,11],"20":[1,22],"21":[23,10,10],"22":[2,21]},"meta":{"lastBranch":23,"lastFunction":27,"lastStatement":72,"seen":{"f:18:16:18:30":0,"s:19:26:19:Infinity":0,"s:20:28:20:Infinity":1,"s:21:24:21:Infinity":2,"s:22:30:22:Infinity":3,"s:23:30:23:Infinity":4,"s:24:42:24:Infinity":5,"s:25:36:25:Infinity":6,"s:26:26:26:Infinity":7,"s:27:32:27:Infinity":8,"s:28:30:28:Infinity":9,"s:30:8:41:Infinity":10,"f:30:34:30:46":1,"s:31:4:31:Infinity":11,"s:32:4:32:Infinity":12,"s:33:4:40:Infinity":13,"s:34:19:34:Infinity":14,"s:35:6:35:Infinity":15,"s:37:6:37:Infinity":16,"s:39:6:39:Infinity":17,"s:43:2:45:Infinity":18,"f:43:12:43:18":2,"s:44:4:44:Infinity":19,"s:47:23:67:Infinity":20,"f:47:23:47:30":3,"s:48:4:48:Infinity":21,"b:49:4:49:Infinity:undefined:undefined:undefined:undefined":0,"s:49:4:49:Infinity":22,"s:49:26:49:Infinity":23,"s:50:4:50:Infinity":24,"s:51:4:66:Infinity":25,"s:52:20:56:Infinity":26,"b:54:21:54:46:54:46:54:Infinity":1,"s:57:6:57:Infinity":27,"f:57:16:57:17":4,"s:57:26:57:42":28,"s:58:6:58:Infinity":29,"s:59:6:59:Infinity":30,"s:60:6:60:Infinity":31,"s:61:6:61:Infinity":32,"s:63:6:63:Infinity":33,"s:65:6:65:Infinity":34,"s:69:22:86:Infinity":35,"f:69:22:69:29":5,"s:70:72:74:Infinity":36,"s:75:22:75:Infinity":37,"b:75:22:75:50:75:50:75:Infinity":2,"s:76:4:85:Infinity":38,"s:77:22:79:Infinity":39,"s:80:6:82:Infinity":40,"f:80:16:80:17":6,"s:81:8:81:Infinity":41,"f:81:17:81:18":7,"s:81:25:81:57":42,"b:81:45:81:55:81:55:81:57":3,"s:84:6:84:Infinity":43,"s:88:23:95:Infinity":44,"f:88:23:88:30":8,"s:89:4:94:Infinity":45,"s:90:6:90:Infinity":46,"s:91:6:91:Infinity":47,"f:91:16:91:17":9,"s:91:26:91:62":48,"f:91:38:91:39":10,"s:91:45:91:61":49,"s:93:6:93:Infinity":50,"s:97:21:97:Infinity":51,"f:97:35:97:36":11,"s:97:42:97:61":52,"s:98:21:98:Infinity":53,"f:98:35:98:36":12,"s:98:42:98:61":54,"s:100:2:241:Infinity":55,"b:107:30:107:40:107:40:107:Infinity":4,"b:109:28:109:45:109:45:109:Infinity":5,"f:110:19:110:25":13,"s:110:25:110:Infinity":56,"b:113:12:116:Infinity:118:12:121:Infinity":6,"b:126:7:126:Infinity:127:8:129:Infinity":7,"b:132:7:132:Infinity:133:8:179:Infinity":8,"f:138:24:138:25":14,"s:138:31:138:Infinity":57,"f:144:24:144:25":15,"s:144:31:144:Infinity":58,"f:149:26:149:27":16,"s:150:18:150:Infinity":59,"f:164:25:164:31":17,"s:164:31:164:Infinity":60,"b:173:26:173:36:173:36:173:Infinity":9,"b:175:26:175:42:175:42:175:Infinity":10,"b:183:8:185:Infinity:186:10:239:Infinity":11,"b:187:8:192:Infinity:194:8:239:Infinity":12,"f:191:49:191:55":18,"s:191:55:191:73":61,"b:196:11:196:Infinity:197:12:209:Infinity":13,"f:198:30:198:31":19,"s:199:16:207:Infinity":62,"b:213:11:213:Infinity:214:12:237:Infinity":14,"f:216:25:216:31":20,"s:216:31:216:Infinity":63,"b:219:28:219:56:219:56:219:Infinity":15,"b:222:15:222:Infinity:223:16:235:Infinity":16,"f:224:34:224:35":21,"s:225:20:233:Infinity":64,"f:245:9:245:18":22,"s:260:17:260:Infinity":65,"s:261:23:261:Infinity":66,"s:263:2:314:Infinity":67,"b:266:21:266:48:266:48:266:Infinity":17,"f:268:20:268:26":23,"s:268:26:268:Infinity":68,"f:269:20:269:26":24,"s:269:26:269:Infinity":69,"f:272:17:272:23":25,"s:272:23:272:Infinity":70,"b:277:10:277:Infinity:278:12:281:Infinity":18,"b:279:10:279:Infinity:281:10:281:Infinity":19,"b:287:21:287:52:287:52:287:Infinity":20,"b:292:9:292:30:292:30:292:Infinity:293:10:295:Infinity":21,"f:305:17:305:23":26,"s:305:23:305:Infinity":71,"b:309:35:309:51:309:51:309:Infinity":22}}}
,"/Users/mohamedibrahim/momodoc/frontend/src/shared/renderer/components/LoadingPage.tsx": {"path":"/Users/mohamedibrahim/momodoc/frontend/src/shared/renderer/components/LoadingPage.tsx","statementMap":{"0":{"start":{"line":4,"column":2},"end":{"line":7,"column":null}}},"fnMap":{"0":{"name":"LoadingPage","decl":{"start":{"line":3,"column":16},"end":{"line":3,"column":30}},"loc":{"start":{"line":3,"column":30},"end":{"line":9,"column":null}},"line":3}},"branchMap":{},"s":{"0":0},"f":{"0":0},"b":{},"meta":{"lastBranch":0,"lastFunction":1,"lastStatement":1,"seen":{"f:3:16:3:30":0,"s:4:2:7:Infinity":0}}}
,"/Users/mohamedibrahim/momodoc/frontend/src/shared/renderer/components/ModelSelector.tsx": {"path":"/Users/mohamedibrahim/momodoc/frontend/src/shared/renderer/components/ModelSelector.tsx","statementMap":{"0":{"start":{"line":23,"column":26},"end":{"line":23,"column":null}},"1":{"start":{"line":24,"column":28},"end":{"line":24,"column":null}},"2":{"start":{"line":25,"column":34},"end":{"line":25,"column":null}},"3":{"start":{"line":27,"column":8},"end":{"line":39,"column":null}},"4":{"start":{"line":28,"column":4},"end":{"line":28,"column":null}},"5":{"start":{"line":28,"column":19},"end":{"line":28,"column":null}},"6":{"start":{"line":29,"column":4},"end":{"line":29,"column":null}},"7":{"start":{"line":30,"column":4},"end":{"line":38,"column":null}},"8":{"start":{"line":31,"column":21},"end":{"line":31,"column":null}},"9":{"start":{"line":32,"column":6},"end":{"line":32,"column":null}},"10":{"start":{"line":33,"column":6},"end":{"line":33,"column":null}},"11":{"start":{"line":35,"column":6},"end":{"line":35,"column":null}},"12":{"start":{"line":37,"column":6},"end":{"line":37,"column":null}},"13":{"start":{"line":41,"column":2},"end":{"line":43,"column":null}},"14":{"start":{"line":42,"column":4},"end":{"line":42,"column":null}},"15":{"start":{"line":45,"column":22},"end":{"line":45,"column":null}},"16":{"start":{"line":45,"column":41},"end":{"line":45,"column":55}},"17":{"start":{"line":46,"column":26},"end":{"line":46,"column":null}},"18":{"start":{"line":48,"column":2},"end":{"line":77,"column":null}},"19":{"start":{"line":49,"column":4},"end":{"line":75,"column":null}},"20":{"start":{"line":54,"column":27},"end":{"line":54,"column":null}},"21":{"start":{"line":64,"column":12},"end":{"line":64,"column":null}},"22":{"start":{"line":65,"column":12},"end":{"line":68,"column":null}},"23":{"start":{"line":66,"column":26},"end":{"line":66,"column":null}},"24":{"start":{"line":66,"column":45},"end":{"line":66,"column":57}},"25":{"start":{"line":67,"column":14},"end":{"line":67,"column":null}},"26":{"start":{"line":79,"column":2},"end":{"line":110,"column":null}},"27":{"start":{"line":83,"column":25},"end":{"line":83,"column":null}},"28":{"start":{"line":95,"column":10},"end":{"line":99,"column":null}},"29":{"start":{"line":104,"column":23},"end":{"line":104,"column":null}}},"fnMap":{"0":{"name":"ModelSelector","decl":{"start":{"line":15,"column":16},"end":{"line":15,"column":30}},"loc":{"start":{"line":22,"column":23},"end":{"line":112,"column":null}},"line":22},"1":{"name":"(anonymous_1)","decl":{"start":{"line":27,"column":33},"end":{"line":27,"column":45}},"loc":{"start":{"line":27,"column":45},"end":{"line":39,"column":5}},"line":27},"2":{"name":"(anonymous_2)","decl":{"start":{"line":41,"column":12},"end":{"line":41,"column":18}},"loc":{"start":{"line":41,"column":18},"end":{"line":43,"column":5}},"line":41},"3":{"name":"(anonymous_3)","decl":{"start":{"line":45,"column":34},"end":{"line":45,"column":35}},"loc":{"start":{"line":45,"column":41},"end":{"line":45,"column":55}},"line":45},"4":{"name":"(anonymous_4)","decl":{"start":{"line":54,"column":20},"end":{"line":54,"column":21}},"loc":{"start":{"line":54,"column":27},"end":{"line":54,"column":null}},"line":54},"5":{"name":"(anonymous_5)","decl":{"start":{"line":63,"column":19},"end":{"line":63,"column":25}},"loc":{"start":{"line":63,"column":25},"end":{"line":69,"column":null}},"line":63},"6":{"name":"(anonymous_6)","decl":{"start":{"line":66,"column":38},"end":{"line":66,"column":39}},"loc":{"start":{"line":66,"column":45},"end":{"line":66,"column":57}},"line":66},"7":{"name":"(anonymous_7)","decl":{"start":{"line":83,"column":18},"end":{"line":83,"column":19}},"loc":{"start":{"line":83,"column":25},"end":{"line":83,"column":null}},"line":83},"8":{"name":"(anonymous_8)","decl":{"start":{"line":94,"column":20},"end":{"line":94,"column":21}},"loc":{"start":{"line":95,"column":10},"end":{"line":99,"column":null}},"line":95},"9":{"name":"(anonymous_9)","decl":{"start":{"line":104,"column":17},"end":{"line":104,"column":23}},"loc":{"start":{"line":104,"column":23},"end":{"line":104,"column":null}},"line":104}},"branchMap":{"0":{"loc":{"start":{"line":28,"column":4},"end":{"line":28,"column":null}},"type":"if","locations":[{"start":{"line":28,"column":4},"end":{"line":28,"column":null}},{"start":{},"end":{}}],"line":28},"1":{"loc":{"start":{"line":46,"column":26},"end":{"line":46,"column":null}},"type":"binary-expr","locations":[{"start":{"line":46,"column":26},"end":{"line":46,"column":41}},{"start":{"line":46,"column":41},"end":{"line":46,"column":50}},{"start":{"line":46,"column":50},"end":{"line":46,"column":66}},{"start":{"line":46,"column":66},"end":{"line":46,"column":null}}],"line":46},"2":{"loc":{"start":{"line":48,"column":2},"end":{"line":77,"column":null}},"type":"if","locations":[{"start":{"line":48,"column":2},"end":{"line":77,"column":null}},{"start":{},"end":{}}],"line":48},"3":{"loc":{"start":{"line":55,"column":23},"end":{"line":55,"column":null}},"type":"binary-expr","locations":[{"start":{"line":55,"column":23},"end":{"line":55,"column":38}},{"start":{"line":55,"column":38},"end":{"line":55,"column":null}}],"line":55},"4":{"loc":{"start":{"line":57,"column":12},"end":{"line":58,"column":null}},"type":"binary-expr","locations":[{"start":{"line":57,"column":12},"end":{"line":57,"column":null}},{"start":{"line":58,"column":12},"end":{"line":58,"column":null}}],"line":57},"5":{"loc":{"start":{"line":65,"column":12},"end":{"line":68,"column":null}},"type":"if","locations":[{"start":{"line":65,"column":12},"end":{"line":68,"column":null}},{"start":{},"end":{}}],"line":65},"6":{"loc":{"start":{"line":66,"column":26},"end":{"line":66,"column":null}},"type":"binary-expr","locations":[{"start":{"line":66,"column":26},"end":{"line":66,"column":62}},{"start":{"line":66,"column":62},"end":{"line":66,"column":null}}],"line":66},"7":{"loc":{"start":{"line":86,"column":10},"end":{"line":87,"column":null}},"type":"binary-expr","locations":[{"start":{"line":86,"column":10},"end":{"line":86,"column":null}},{"start":{"line":87,"column":10},"end":{"line":87,"column":null}}],"line":86},"8":{"loc":{"start":{"line":90,"column":9},"end":{"line":90,"column":null}},"type":"binary-expr","locations":[{"start":{"line":90,"column":9},"end":{"line":90,"column":20}},{"start":{"line":90,"column":20},"end":{"line":90,"column":null}}],"line":90},"9":{"loc":{"start":{"line":91,"column":9},"end":{"line":92,"column":null}},"type":"binary-expr","locations":[{"start":{"line":91,"column":9},"end":{"line":91,"column":21}},{"start":{"line":91,"column":21},"end":{"line":91,"column":null}},{"start":{"line":92,"column":10},"end":{"line":92,"column":null}}],"line":91},"10":{"loc":{"start":{"line":92,"column":33},"end":{"line":92,"column":64}},"type":"binary-expr","locations":[{"start":{"line":92,"column":33},"end":{"line":92,"column":42}},{"start":{"line":92,"column":42},"end":{"line":92,"column":64}}],"line":92},"11":{"loc":{"start":{"line":97,"column":13},"end":{"line":97,"column":null}},"type":"cond-expr","locations":[{"start":{"line":97,"column":32},"end":{"line":97,"column":80}},{"start":{"line":97,"column":80},"end":{"line":97,"column":null}}],"line":97},"12":{"loc":{"start":{"line":98,"column":13},"end":{"line":98,"column":null}},"type":"cond-expr","locations":[{"start":{"line":98,"column":28},"end":{"line":98,"column":35}},{"start":{"line":98,"column":35},"end":{"line":98,"column":null}}],"line":98}},"s":{"0":0,"1":0,"2":0,"3":0,"4":0,"5":0,"6":0,"7":0,"8":0,"9":0,"10":0,"11":0,"12":0,"13":0,"14":0,"15":0,"16":0,"17":0,"18":0,"19":0,"20":0,"21":0,"22":0,"23":0,"24":0,"25":0,"26":0,"27":0,"28":0,"29":0},"f":{"0":0,"1":0,"2":0,"3":0,"4":0,"5":0,"6":0,"7":0,"8":0,"9":0},"b":{"0":[0,0],"1":[0,0,0,0],"2":[0,0],"3":[0,0],"4":[0,0],"5":[0,0],"6":[0,0],"7":[0,0],"8":[0,0],"9":[0,0,0],"10":[0,0],"11":[0,0],"12":[0,0]},"meta":{"lastBranch":13,"lastFunction":10,"lastStatement":30,"seen":{"f:15:16:15:30":0,"s:23:26:23:Infinity":0,"s:24:28:24:Infinity":1,"s:25:34:25:Infinity":2,"s:27:8:39:Infinity":3,"f:27:33:27:45":1,"b:28:4:28:Infinity:undefined:undefined:undefined:undefined":0,"s:28:4:28:Infinity":4,"s:28:19:28:Infinity":5,"s:29:4:29:Infinity":6,"s:30:4:38:Infinity":7,"s:31:21:31:Infinity":8,"s:32:6:32:Infinity":9,"s:33:6:33:Infinity":10,"s:35:6:35:Infinity":11,"s:37:6:37:Infinity":12,"s:41:2:43:Infinity":13,"f:41:12:41:18":2,"s:42:4:42:Infinity":14,"s:45:22:45:Infinity":15,"f:45:34:45:35":3,"s:45:41:45:55":16,"s:46:26:46:Infinity":17,"b:46:26:46:41:46:41:46:50:46:50:46:66:46:66:46:Infinity":1,"b:48:2:77:Infinity:undefined:undefined:undefined:undefined":2,"s:48:2:77:Infinity":18,"s:49:4:75:Infinity":19,"f:54:20:54:21":4,"s:54:27:54:Infinity":20,"b:55:23:55:38:55:38:55:Infinity":3,"b:57:12:57:Infinity:58:12:58:Infinity":4,"f:63:19:63:25":5,"s:64:12:64:Infinity":21,"b:65:12:68:Infinity:undefined:undefined:undefined:undefined":5,"s:65:12:68:Infinity":22,"s:66:26:66:Infinity":23,"b:66:26:66:62:66:62:66:Infinity":6,"f:66:38:66:39":6,"s:66:45:66:57":24,"s:67:14:67:Infinity":25,"s:79:2:110:Infinity":26,"f:83:18:83:19":7,"s:83:25:83:Infinity":27,"b:86:10:86:Infinity:87:10:87:Infinity":7,"b:90:9:90:20:90:20:90:Infinity":8,"b:91:9:91:21:91:21:91:Infinity:92:10:92:Infinity":9,"b:92:33:92:42:92:42:92:64":10,"f:94:20:94:21":8,"s:95:10:99:Infinity":28,"b:97:32:97:80:97:80:97:Infinity":11,"b:98:28:98:35:98:35:98:Infinity":12,"f:104:17:104:23":9,"s:104:23:104:Infinity":29}}}
[...]
4:65:Infinity":13,"s:67:21:71:Infinity":14,"b:73:4:76:Infinity:undefined:undefined:undefined:undefined":3,"s:73:4:76:Infinity":15,"s:74:20:74:Infinity":16,"f:74:48:74:55":5,"s:74:55:74:58":17,"s:75:6:75:Infinity":18,"b:75:42:75:58:75:58:75:73":4,"s:78:4:78:Infinity":19,"s:81:14:239:Infinity":20,"f:83:17:83:18":6,"s:84:21:84:Infinity":21,"b:85:6:85:Infinity:undefined:undefined:undefined:undefined":5,"s:85:6:85:Infinity":22,"s:85:32:85:Infinity":23,"b:86:6:86:Infinity:undefined:undefined:undefined:undefined":6,"s:86:6:86:Infinity":24,"s:86:31:86:Infinity":25,"s:87:17:87:Infinity":26,"s:88:6:88:Infinity":27,"b:88:56:88:67:88:67:88:69":7,"f:90:16:90:17":7,"s:90:32:90:Infinity":28,"f:91:19:91:20":8,"s:92:6:95:Infinity":29,"f:96:19:96:20":9,"s:97:6:100:Infinity":30,"f:101:19:101:20":10,"s:102:6:102:Infinity":31,"f:105:14:105:15":11,"s:106:6:106:Infinity":32,"f:108:16:108:17":12,"s:109:6:111:Infinity":33,"f:114:14:114:15":13,"s:115:6:115:Infinity":34,"f:116:16:116:17":14,"s:117:6:120:Infinity":35,"f:121:16:121:17":15,"s:122:6:124:Infinity":36,"f:125:16:125:Infinity":16,"s:130:6:133:Infinity":37,"f:136:15:136:16":17,"s:137:21:137:Infinity":38,"b:137:30:137:52:137:52:137:Infinity":8,"s:138:6:138:Infinity":39,"f:140:17:140:18":18,"s:141:6:144:Infinity":40,"f:145:17:145:18":19,"s:146:6:149:Infinity":41,"f:150:17:150:18":20,"s:151:6:153:Infinity":42,"f:156:19:156:20":21,"s:157:6:160:Infinity":43,"f:161:17:161:18":22,"s:162:6:162:Infinity":44,"f:163:17:163:18":23,"s:164:6:166:Infinity":45,"f:167:19:167:20":24,"s:168:6:170:Infinity":46,"f:171:19:171:Infinity":25,"s:176:6:182:Infinity":47,"f:185:25:185:Infinity":26,"s:186:6:189:Infinity":48,"f:190:23:190:29":27,"s:190:29:190:Infinity":49,"f:191:23:191:24":28,"s:192:6:192:Infinity":50,"f:193:25:193:26":29,"s:194:6:194:Infinity":51,"f:195:25:195:26":30,"s:196:6:199:Infinity":52,"f:202:12:202:13":31,"s:203:19:205:Infinity":53,"b:204:10:204:Infinity:205:10:205:Infinity":9,"s:206:6:209:Infinity":54,"f:209:14:209:15":32,"s:209:25:209:67":55,"b:209:47:209:54:209:54:209:67":10,"f:213:18:213:24":33,"s:213:24:213:Infinity":56,"f:214:23:214:24":34,"s:215:6:215:Infinity":57,"f:216:17:216:23":35,"s:216:23:216:Infinity":58,"f:217:20:217:21":36,"s:218:6:221:Infinity":59,"f:224:15:224:16":37,"s:225:6:228:Infinity":60,"b:227:37:227:45:227:45:227:50":11,"f:229:19:229:20":38,"s:230:6:230:Infinity":61,"f:231:12:231:13":39,"s:232:6:232:Infinity":62,"f:235:23:235:24":40,"s:236:21:236:Infinity":63,"b:236:28:236:66:236:66:236:Infinity":12,"s:237:6:237:Infinity":64,"s:241:2:241:Infinity":65}}}
,"/Users/mohamedibrahim/momodoc/frontend/src/shared/renderer/lib/hooks.ts": {"path":"/Users/mohamedibrahim/momodoc/frontend/src/shared/renderer/lib/hooks.ts","statementMap":{"0":{"start":{"line":7,"column":42},"end":{"line":7,"column":null}},"1":{"start":{"line":9,"column":2},"end":{"line":12,"column":null}},"2":{"start":{"line":10,"column":18},"end":{"line":10,"column":null}},"3":{"start":{"line":10,"column":35},"end":{"line":10,"column":61}},"4":{"start":{"line":11,"column":4},"end":{"line":11,"column":null}},"5":{"start":{"line":11,"column":17},"end":{"line":11,"column":null}},"6":{"start":{"line":14,"column":2},"end":{"line":14,"column":null}},"7":{"start":{"line":26,"column":8},"end":{"line":26,"column":null}},"8":{"start":{"line":27,"column":8},"end":{"line":27,"column":null}},"9":{"start":{"line":29,"column":2},"end":{"line":31,"column":null}},"10":{"start":{"line":30,"column":4},"end":{"line":30,"column":null}},"11":{"start":{"line":33,"column":8},"end":{"line":47,"column":null}},"12":{"start":{"line":34,"column":21},"end":{"line":34,"column":null}},"13":{"start":{"line":35,"column":4},"end":{"line":35,"column":null}},"14":{"start":{"line":35,"column":19},"end":{"line":35,"column":null}},"15":{"start":{"line":37,"column":21},"end":{"line":44,"column":null}},"16":{"start":{"line":39,"column":8},"end":{"line":41,"column":null}},"17":{"start":{"line":40,"column":10},"end":{"line":40,"column":null}},"18":{"start":{"line":45,"column":4},"end":{"line":45,"column":null}},"19":{"start":{"line":46,"column":4},"end":{"line":46,"column":null}},"20":{"start":{"line":46,"column":17},"end":{"line":46,"column":null}},"21":{"start":{"line":49,"column":2},"end":{"line":52,"column":null}},"22":{"start":{"line":50,"column":4},"end":{"line":50,"column":null}},"23":{"start":{"line":50,"column":18},"end":{"line":50,"column":null}},"24":{"start":{"line":51,"column":4},"end":{"line":51,"column":null}},"25":{"start":{"line":54,"column":2},"end":{"line":54,"column":null}}},"fnMap":{"0":{"name":"useDebounce","decl":{"start":{"line":6,"column":16},"end":{"line":6,"column":31}},"loc":{"start":{"line":6,"column":59},"end":{"line":15,"column":null}},"line":6},"1":{"name":"(anonymous_1)","decl":{"start":{"line":9,"column":12},"end":{"line":9,"column":18}},"loc":{"start":{"line":9,"column":18},"end":{"line":12,"column":5}},"line":9},"2":{"name":"(anonymous_2)","decl":{"start":{"line":10,"column":29},"end":{"line":10,"column":35}},"loc":{"start":{"line":10,"column":35},"end":{"line":10,"column":61}},"line":10},"3":{"name":"(anonymous_3)","decl":{"start":{"line":11,"column":11},"end":{"line":11,"column":17}},"loc":{"start":{"line":11,"column":17},"end":{"line":11,"column":null}},"line":11},"4":{"name":"useInfiniteScroll","decl":{"start":{"line":21,"column":16},"end":{"line":21,"column":null}},"loc":{"start":{"line":25,"column":2},"end":{"line":55,"column":null}},"line":25},"5":{"name":"(anonymous_5)","decl":{"start":{"line":29,"column":12},"end":{"line":29,"column":18}},"loc":{"start":{"line":29,"column":18},"end":{"line":31,"column":5}},"line":29},"6":{"name":"(anonymous_6)","decl":{"start":{"line":33,"column":30},"end":{"line":33,"column":36}},"loc":{"start":{"line":33,"column":36},"end":{"line":47,"column":5}},"line":33},"7":{"name":"(anonymous_7)","decl":{"start":{"line":38,"column":6},"end":{"line":38,"column":7}},"loc":{"start":{"line":38,"column":19},"end":{"line":42,"column":null}},"line":38},"8":{"name":"(anonymous_8)","decl":{"start":{"line":46,"column":11},"end":{"line":46,"column":17}},"loc":{"start":{"line":46,"column":17},"end":{"line":46,"column":null}},"line":46},"9":{"name":"(anonymous_9)","decl":{"start":{"line":49,"column":12},"end":{"line":49,"column":18}},"loc":{"start":{"line":49,"column":18},"end":{"line":52,"column":5}},"line":49}},"branchMap":{"0":{"loc":{"start":{"line":35,"column":4},"end":{"line":35,"column":null}},"type":"if","locations":[{"start":{"line":35,"column":4},"end":{"line":35,"column":null}},{"start":{},"end":{}}],"line":35},"1":{"loc":{"start":{"line":39,"column":8},"end":{"line":41,"column":null}},"type":"if","locations":[{"start":{"line":39,"column":8},"end":{"line":41,"column":null}},{"start":{},"end":{}}],"line":39},"2":{"loc":{"start":{"line":39,"column":12},"end":{"line":39,"column":52}},"type":"binary-expr","locations":[{"start":{"line":39,"column":12},"end":{"line":39,"column":42}},{"start":{"line":39,"column":42},"end":{"line":39,"column":52}}],"line":39},"3":{"loc":{"start":{"line":50,"column":4},"end":{"line":50,"column":null}},"type":"if","locations":[{"start":{"line":50,"column":4},"end":{"line":50,"column":null}},{"start":{},"end":{}}],"line":50}},"s":{"0":7,"1":7,"2":5,"3":2,"4":5,"5":5,"6":7,"7":2,"8":2,"9":2,"10":2,"11":2,"12":1,"13":1,"14":1,"15":0,"16":0,"17":0,"18":0,"19":0,"20":0,"21":2,"22":2,"23":1,"24":1,"25":2},"f":{"0":7,"1":5,"2":2,"3":5,"4":2,"5":2,"6":1,"7":0,"8":0,"9":2},"b":{"0":[1,0],"1":[0,0],"2":[0,0],"3":[1,1]},"meta":{"lastBranch":4,"lastFunction":10,"lastStatement":26,"seen":{"f:6:16:6:31":0,"s:7:42:7:Infinity":0,"s:9:2:12:Infinity":1,"f:9:12:9:18":1,"s:10:18:10:Infinity":2,"f:10:29:10:35":2,"s:10:35:10:61":3,"s:11:4:11:Infinity":4,"f:11:11:11:17":3,"s:11:17:11:Infinity":5,"s:14:2:14:Infinity":6,"f:21:16:21:Infinity":4,"s:26:8:26:Infinity":7,"s:27:8:27:Infinity":8,"s:29:2:31:Infinity":9,"f:29:12:29:18":5,"s:30:4:30:Infinity":10,"s:33:8:47:Infinity":11,"f:33:30:33:36":6,"s:34:21:34:Infinity":12,"b:35:4:35:Infinity:undefined:undefined:undefined:undefined":0,"s:35:4:35:Infinity":13,"s:35:19:35:Infinity":14,"s:37:21:44:Infinity":15,"f:38:6:38:7":7,"b:39:8:41:Infinity:undefined:undefined:undefined:undefined":1,"s:39:8:41:Infinity":16,"b:39:12:39:42:39:42:39:52":2,"s:40:10:40:Infinity":17,"s:45:4:45:Infinity":18,"s:46:4:46:Infinity":19,"f:46:11:46:17":8,"s:46:17:46:Infinity":20,"s:49:2:52:Infinity":21,"f:49:12:49:18":9,"b:50:4:50:Infinity:undefined:undefined:undefined:undefined":3,"s:50:4:50:Infinity":22,"s:50:18:50:Infinity":23,"s:51:4:51:Infinity":24,"s:54:2:54:Infinity":25}}}
,"/Users/mohamedibrahim/momodoc/frontend/src/shared/renderer/lib/momodocSse.ts": {"path":"/Users/mohamedibrahim/momodoc/frontend/src/shared/renderer/lib/momodocSse.ts","statementMap":{},"fnMap":{},"branchMap":{},"s":{},"f":{},"b":{},"meta":{"lastBranch":0,"lastFunction":0,"lastStatement":0,"seen":{}}}
,"/Users/mohamedibrahim/momodoc/frontend/src/shared/renderer/lib/types.ts": {"path":"/Users/mohamedibrahim/momodoc/frontend/src/shared/renderer/lib/types.ts","statementMap":{},"fnMap":{},"branchMap":{},"s":{},"f":{},"b":{},"meta":{"lastBranch":0,"lastFunction":0,"lastStatement":0,"seen":{}}}
,"/Users/mohamedibrahim/momodoc/frontend/src/shared/renderer/lib/utils.ts": {"path":"/Users/mohamedibrahim/momodoc/frontend/src/shared/renderer/lib/utils.ts","statementMap":{"0":{"start":{"line":13,"column":14},"end":{"line":13,"column":null}},"1":{"start":{"line":14,"column":15},"end":{"line":14,"column":null}},"2":{"start":{"line":15,"column":18},"end":{"line":15,"column":null}},"3":{"start":{"line":17,"column":2},"end":{"line":17,"column":null}},"4":{"start":{"line":17,"column":20},"end":{"line":17,"column":null}},"5":{"start":{"line":18,"column":18},"end":{"line":18,"column":null}},"6":{"start":{"line":19,"column":2},"end":{"line":19,"column":null}},"7":{"start":{"line":19,"column":20},"end":{"line":19,"column":null}},"8":{"start":{"line":20,"column":16},"end":{"line":20,"column":null}},"9":{"start":{"line":21,"column":2},"end":{"line":21,"column":null}},"10":{"start":{"line":21,"column":18},"end":{"line":21,"column":null}},"11":{"start":{"line":22,"column":15},"end":{"line":22,"column":null}},"12":{"start":{"line":23,"column":2},"end":{"line":23,"column":null}},"13":{"start":{"line":23,"column":17},"end":{"line":23,"column":null}},"14":{"start":{"line":24,"column":17},"end":{"line":24,"column":null}},"15":{"start":{"line":25,"column":2},"end":{"line":25,"column":null}},"16":{"start":{"line":25,"column":19},"end":{"line":25,"column":null}},"17":{"start":{"line":26,"column":16},"end":{"line":26,"column":null}},"18":{"start":{"line":27,"column":2},"end":{"line":27,"column":null}},"19":{"start":{"line":34,"column":2},"end":{"line":34,"column":null}},"20":{"start":{"line":34,"column":20},"end":{"line":34,"column":null}},"21":{"start":{"line":35,"column":2},"end":{"line":35,"column":null}},"22":{"start":{"line":35,"column":27},"end":{"line":35,"column":null}},"23":{"start":{"line":36,"column":2},"end":{"line":36,"column":null}},"24":{"start":{"line":42,"column":18},"end":{"line":47,"column":null}},"25":{"start":{"line":49,"column":17},"end":{"line":49,"column":null}},"26":{"start":{"line":52,"column":2},"end":{"line":52,"column":null}},"27":{"start":{"line":52,"column":17},"end":{"line":52,"column":null}},"28":{"start":{"line":53,"column":13},"end":{"line":53,"column":null}},"29":{"start":{"line":54,"column":2},"end":{"line":54,"column":null}},"30":{"start":{"line":54,"column":40},"end":{"line":54,"column":null}},"31":{"start":{"line":55,"column":2},"end":{"line":55,"column":null}},"32":{"start":{"line":55,"column":25},"end":{"line":55,"column":null}},"33":{"start":{"line":56,"column":2},"end":{"line":56,"column":null}},"34":{"start":{"line":56,"column":24},"end":{"line":56,"column":null}},"35":{"start":{"line":57,"column":2},"end":{"line":57,"column":null}},"36":{"start":{"line":64,"column":2},"end":{"line":70,"column":null}},"37":{"start":{"line":65,"column":21},"end":{"line":65,"column":null}},"38":{"start":{"line":66,"column":17},"end":{"line":66,"column":null}},"39":{"start":{"line":67,"column":19},"end":{"line":67,"column":null}},"40":{"start":{"line":68,"column":16},"end":{"line":68,"column":null}},"41":{"start":{"line":69,"column":13},"end":{"line":69,"column":null}},"42":{"start":{"line":78,"column":20},"end":{"line":81,"column":null}},"43":{"start":{"line":79,"column":4},"end":{"line":79,"column":null}},"44":{"start":{"line":80,"column":4},"end":{"line":80,"column":null}},"45":{"start":{"line":80,"column":29},"end":{"line":80,"column":42}},"46":{"start":{"line":82,"column":2},"end":{"line":82,"column":null}},"47":{"start":{"line":82,"column":27},"end":{"line":82,"column":null}},"48":{"start":{"line":83,"column":2},"end":{"line":83,"column":null}}},"fnMap":{"0":{"name":"relativeTime","decl":{"start":{"line":12,"column":16},"end":{"line":12,"column":29}},"loc":{"start":{"line":12,"column":54},"end":{"line":28,"column":null}},"line":12},"1":{"name":"formatSize","decl":{"start":{"line":33,"column":16},"end":{"line":33,"column":27}},"loc":{"start":{"line":33,"column":50},"end":{"line":37,"column":null}},"line":33},"2":{"name":"getFileIcon","decl":{"start":{"line":51,"column":16},"end":{"line":51,"column":28}},"loc":{"start":{"line":51,"column":77},"end":{"line":58,"column":null}},"line":51},"3":{"name":"getPriorityVariant","decl":{"start":{"line":63,"column":16},"end":{"line":63,"column":35}},"loc":{"start":{"line":63,"column":98},"end":{"line":71,"column":null}},"line":63},"4":{"name":"debounce","decl":{"start":{"line":76,"column":16},"end":{"line":76,"column":65}},"loc":{"start":{"line":76,"column":115},"end":{"line":84,"column":null}},"line":76},"5":{"name":"(anonymous_5)","decl":{"start":{"line":78,"column":20},"end":{"line":78,"column":24}},"loc":{"start":{"line":78,"column":44},"end":{"line":81,"column":null}},"line":78},"6":{"name":"(anonymous_6)","decl":{"start":{"line":80,"column":23},"end":{"line":80,"column":29}},"loc":{"start":{"line":80,"column":29},"end":{"line":80,"column":42}},"line":80},"7":{"name":"(anonymous_7)","decl":{"start":{"line":82,"column":21},"end":{"line":82,"column":27}},"loc":{"start":{"line":82,"column":27},"end":{"line":82,"column":null}},"line":82}},"branchMap":{"0":{"loc":{"start":{"line":17,"column":2},"end":{"line":17,"column":null}},"type":"if","locations":[{"start":{"line":17,"column":2},"end":{"line":17,"column":null}},{"start":{},"end":{}}],"line":17},"1":{"loc":{"start":{"line":19,"column":2},"end":{"line":19,"column":null}},"type":"if","locations":[{"start":{"line":19,"column":2},"end":{"line":19,"column":null}},{"start":{},"end":{}}],"line":19},"2":{"loc":{"start":{"line":21,"column":2},"end":{"line":21,"column":null}},"type":"if","locations":[{"start":{"line":21,"column":2},"end":{"line":21,"column":null}},{"start":{},"end":{}}],"line":21},"3":{"loc":{"start":{"line":23,"column":2},"end":{"line":23,"column":null}},"type":"if","locations":[{"start":{"line":23,"column":2},"end":{"line":23,"column":null}},{"start":{},"end":{}}],"line":23},"4":{"loc":{"start":{"line":25,"column":2},"end":{"line":25,"column":null}},"type":"if","locations":[{"start":{"line":25,"column":2},"end":{"line":25,"column":null}},{"start":{},"end":{}}],"line":25},"5":{"loc":{"start":{"line":34,"column":2},"end":{"line":34,"column":null}},"type":"if","locations":[{"start":{"line":34,"column":2},"end":{"line":34,"column":null}},{"start":{},"end":{}}],"line":34},"6":{"loc":{"start":{"line":35,"column":2},"end":{"line":35,"column":null}},"type":"if","locations":[{"start":{"line":35,"column":2},"end":{"line":35,"column":null}},{"start":{},"end":{}}],"line":35},"7":{"loc":{"start":{"line":52,"column":2},"end":{"line":52,"column":null}},"type":"if","locations":[{"start":{"line":52,"column":2},"end":{"line":52,"column":null}},{"start":{},"end":{}}],"line":52},"8":{"loc":{"start":{"line":54,"column":2},"end":{"line":54,"column":null}},"type":"if","locations":[{"start":{"line":54,"column":2},"end":{"line":54,"column":null}},{"start":{},"end":{}}],"line":54},"9":{"loc":{"start":{"line":54,"column":6},"end":{"line":54,"column":40}},"type":"binary-expr","locations":[{"start":{"line":54,"column":6},"end":{"line":54,"column":21}},{"start":{"line":54,"column":21},"end":{"line":54,"column":40}}],"line":54},"10":{"loc":{"start":{"line":55,"column":2},"end":{"line":55,"column":null}},"type":"if","locations":[{"start":{"line":55,"column":2},"end":{"line":55,"column":null}},{"start":{},"end":{}}],"line":55},"11":{"loc":{"start":{"line":56,"column":2},"end":{"line":56,"column":null}},"type":"if","locations":[{"start":{"line":56,"column":2},"end":{"line":56,"column":null}},{"start":{},"end":{}}],"line":56},"12":{"loc":{"start":{"line":64,"column":2},"end":{"line":70,"column":null}},"type":"switch","locations":[{"start":{"line":65,"column":4},"end":{"line":65,"column":null}},{"start":{"line":66,"column":4},"end":{"line":66,"column":null}},{"start":{"line":67,"column":4},"end":{"line":67,"column":null}},{"start":{"line":68,"column":4},"end":{"line":68,"column":null}},{"start":{"line":69,"column":4},"end":{"line":69,"column":null}}],"line":64}},"s":{"0":308,"1":308,"2":308,"3":308,"4":7,"5":301,"6":301,"7":1,"8":300,"9":300,"10":1,"11":299,"12":299,"13":1,"14":298,"15":298,"16":1,"17":297,"18":297,"19":36,"20":17,"21":19,"22":19,"23":3,"24":5,"25":5,"26":49,"27":5,"28":44,"29":44,"30":4,"31":40,"32":40,"33":34,"34":4,"35":30,"36":29,"37":1,"38":11,"39":13,"40":2,"41":2,"42":4,"43":5,"44":5,"45":3,"46":4,"47":1,"48":4},"f":{"0":308,"1":36,"2":49,"3":29,"4":4,"5":5,"6":3,"7":1},"b":{"0":[7,301],"1":[1,300],"2":[1,299],"3":[1,298],"4":[1,297],"5":[17,19],"6":[16,3],"7":[5,44],"8":[4,40],"9":[44,41],"10":[6,34],"11":[4,30],"12":[1,11,13,2,2]},"meta":{"lastBranch":13,"lastFunction":8,"lastStatement":49,"seen":{"f:12:16:12:29":0,"s:13:14:13:Infinity":0,"s:14:15:14:Infinity":1,"s:15:18:15:Infinity":2,"b:17:2:17:Infinity:undefined:undefined:undefined:undefined":0,"s:17:2:17:Infinity":3,"s:17:20:17:Infinity":4,"s:18:18:18:Infinity":5,"b:19:2:19:Infinity:undefined:undefined:undefined:undefined":1,"s:19:2:19:Infinity":6,"s:19:20:19:Infinity":7,"s:20:16:20:Infinity":8,"b:21:2:21:Infinity:undefined:undefined:undefined:undefined":2,"s:21:2:21:Infinity":9,"s:21:18:21:Infinity":10,"s:22:15:22:Infinity":11,"b:23:2:23:Infinity:undefined:undefined:undefined:undefined":3,"s:23:2:23:Infinity":12,"s:23:17:23:Infinity":13,"s:24:17:24:Infinity":14,"b:25:2:25:Infinity:undefined:undefined:undefined:undefined":4,"s:25:2:25:Infinity":15,"s:25:19:25:Infinity":16,"s:26:16:26:Infinity":17,"s:27:2:27:Infinity":18,"f:33:16:33:27":1,"b:34:2:34:Infinity:undefined:undefined:undefined:undefined":5,"s:34:2:34:Infinity":19,"s:34:20:34:Infinity":20,"b:35:2:35:Infinity:undefined:undefined:undefined:undefined":6,"s:35:2:35:Infinity":21,"s:35:27:35:Infinity":22,"s:36:2:36:Infinity":23,"s:42:18:47:Infinity":24,"s:49:17:49:Infinity":25,"f:51:16:51:28":2,"b:52:2:52:Infinity:undefined:undefined:undefined:undefined":7,"s:52:2:52:Infinity":26,"s:52:17:52:Infinity":27,"s:53:13:53:Infinity":28,"b:54:2:54:Infinity:undefined:undefined:undefined:undefined":8,"s:54:2:54:Infinity":29,"b:54:6:54:21:54:21:54:40":9,"s:54:40:54:Infinity":30,"b:55:2:55:Infinity:undefined:undefined:undefined:undefined":10,"s:55:2:55:Infinity":31,"s:55:25:55:Infinity":32,"b:56:2:56:Infinity:undefined:undefined:undefined:undefined":11,"s:56:2:56:Infinity":33,"s:56:24:56:Infinity":34,"s:57:2:57:Infinity":35,"f:63:16:63:35":3,"b:65:4:65:Infinity:66:4:66:Infinity:67:4:67:Infinity:68:4:68:Infinity:69:4:69:Infinity":12,"s:64:2:70:Infinity":36,"s:65:21:65:Infinity":37,"s:66:17:66:Infinity":38,"s:67:19:67:Infinity":39,"s:68:16:68:Infinity":40,"s:69:13:69:Infinity":41,"f:76:16:76:65":4,"s:78:20:81:Infinity":42,"f:78:20:78:24":5,"s:79:4:79:Infinity":43,"s:80:4:80:Infinity":44,"f:80:23:80:29":6,"s:80:29:80:42":45,"s:82:2:82:Infinity":46,"f:82:21:82:27":7,"s:82:27:82:Infinity":47,"s:83:2:83:Infinity":48}}}
}
