TN:
SF:src/shared/renderer/components/DirectoryBrowserModal.tsx
FN:16,DirectoryBrowserModal
FN:28,(anonymous_1)
FN:44,(anonymous_2)
FN:54,(anonymous_3)
FN:56,(anonymous_4)
FN:60,(anonymous_5)
FN:70,(anonymous_6)
FN:79,(anonymous_7)
FN:100,(anonymous_8)
FN:105,(anonymous_9)
FN:115,(anonymous_10)
FN:139,(anonymous_11)
FN:157,(anonymous_12)
FN:160,(anonymous_13)
FN:161,(anonymous_14)
FN:190,(anonymous_15)
FN:199,(anonymous_16)
FNF:17
FNH:0
FNDA:0,DirectoryBrowserModal
FNDA:0,(anonymous_1)
FNDA:0,(anonymous_2)
FNDA:0,(anonymous_3)
FNDA:0,(anonymous_4)
FNDA:0,(anonymous_5)
FNDA:0,(anonymous_6)
FNDA:0,(anonymous_7)
FNDA:0,(anonymous_8)
FNDA:0,(anonymous_9)
FNDA:0,(anonymous_10)
FNDA:0,(anonymous_11)
FNDA:0,(anonymous_12)
FNDA:0,(anonymous_13)
FNDA:0,(anonymous_14)
FNDA:0,(anonymous_15)
FNDA:0,(anonymous_16)
DA:22,0
DA:23,0
DA:24,0
DA:25,0
DA:27,0
DA:29,0
DA:30,0
DA:31,0
DA:32,0
DA:33,0
DA:34,0
DA:36,0
DA:38,0
DA:44,0
DA:45,0
DA:46,0
DA:48,0
DA:49,0
DA:50,0
DA:54,0
DA:55,0
DA:56,0
DA:57,0
DA:59,0
DA:60,0
DA:63,0
DA:65,0
DA:67,0
DA:71,0
DA:80,0
DA:81,0
DA:83,0
DA:100,0
DA:106,0
DA:107,0
DA:108,0
DA:115,0
DA:139,0
DA:158,0
DA:160,0
DA:161,0
DA:190,0
DA:199,0
LF:43
LH:0
BRDA:36,0,0,0
BRDA:36,0,1,0
BRDA:45,1,0,0
BRDA:45,1,1,0
BRDA:55,2,0,0
BRDA:55,2,1,0
BRDA:57,3,0,0
BRDA:57,3,1,0
BRDA:63,4,0,0
BRDA:63,4,1,0
BRDA:65,5,0,0
BRDA:65,5,1,0
BRDA:71,6,0,0
BRDA:71,6,1,0
BRDA:77,7,0,0
BRDA:77,7,1,0
BRDA:80,8,0,0
BRDA:80,8,1,0
BRDA:97,9,0,0
BRDA:97,9,1,0
BRDA:111,10,0,0
BRDA:111,10,1,0
BRDA:129,11,0,0
BRDA:129,11,1,0
BRDA:135,12,0,0
BRDA:135,12,1,0
BRDA:139,13,0,0
BRDA:139,13,1,0
BRDA:147,14,0,0
BRDA:147,14,1,0
BRDA:147,14,2,0
BRDA:147,14,3,0
BRDA:147,14,4,0
BRDA:150,15,0,0
BRDA:150,15,1,0
BRDA:155,16,0,0
BRDA:155,16,1,0
BRDA:155,16,2,0
BRDA:163,17,0,0
BRDA:163,17,1,0
BRDA:180,18,0,0
BRDA:180,18,1,0
BRDA:180,18,2,0
BRDA:186,19,0,0
BRDA:186,19,1,0
BRDA:186,19,2,0
BRDA:195,20,0,0
BRDA:195,20,1,0
BRF:48
BRH:0
end_of_record
TN:
SF:src/shared/renderer/components/ErrorPage.tsx
FN:8,ErrorPage
FNF:1
FNH:0
FNDA:0,ErrorPage
DA:12,0
LF:1
LH:0
BRDA:9,0,0,0
BRDA:20,1,0,0
BRDA:20,1,1,0
BRF:3
BRH:0
end_of_record
TN:
SF:src/shared/renderer/components/FilesSection.tsx
FN:18,FilesSection
FN:31,(anonymous_1)
FN:44,(anonymous_2)
FN:49,(anonymous_3)
FN:52,(anonymous_4)
FN:57,(anonymous_5)
FN:61,(anonymous_6)
FN:69,(anonymous_7)
FN:81,(anonymous_8)
FN:90,(anonymous_9)
FN:98,(anonymous_10)
FN:114,(anonymous_11)
FN:124,(anonymous_12)
FN:130,(anonymous_13)
FN:137,(anonymous_14)
FN:147,(anonymous_15)
FN:150,(anonymous_16)
FN:150,(anonymous_17)
FN:192,(anonymous_18)
FN:201,(anonymous_19)
FN:272,(anonymous_20)
FN:288,(anonymous_21)
FN:289,(anonymous_22)
FN:300,(anonymous_23)
FN:323,(anonymous_24)
FN:328,(anonymous_25)
FN:336,(anonymous_26)
FN:337,(anonymous_27)
FN:358,(anonymous_28)
FNF:29
FNH:19
FNDA:55,FilesSection
FNDA:20,(anonymous_1)
FNDA:19,(anonymous_2)
FNDA:19,(anonymous_3)
FNDA:0,(anonymous_4)
FNDA:3,(anonymous_5)
FNDA:0,(anonymous_6)
FNDA:22,(anonymous_7)
FNDA:0,(anonymous_8)
FNDA:2,(anonymous_9)
FNDA:2,(anonymous_10)
FNDA:2,(anonymous_11)
FNDA:2,(anonymous_12)
FNDA:0,(anonymous_13)
FNDA:2,(anonymous_14)
FNDA:2,(anonymous_15)
FNDA:1,(anonymous_16)
FNDA:2,(anonymous_17)
FNDA:0,(anonymous_18)
FNDA:2,(anonymous_19)
FNDA:0,(anonymous_20)
FNDA:0,(anonymous_21)
FNDA:0,(anonymous_22)
FNDA:0,(anonymous_23)
FNDA:0,(anonymous_24)
FNDA:28,(anonymous_25)
FNDA:5,(anonymous_26)
FNDA:2,(anonymous_27)
FNDA:2,(anonymous_28)
DA:19,55
DA:20,55
DA:21,55
DA:22,55
DA:23,55
DA:24,55
DA:25,55
DA:26,55
DA:27,55
DA:28,55
DA:29,55
DA:31,55
DA:32,20
DA:33,20
DA:34,20
DA:35,20
DA:36,19
DA:38,1
DA:40,20
DA:44,55
DA:45,19
DA:49,55
DA:50,19
DA:52,2
DA:53,2
DA:56,17
DA:57,3
DA:58,3
DA:59,0
DA:65,55
DA:66,55
DA:69,55
DA:70,22
DA:71,20
DA:72,0
DA:73,0
DA:75,20
DA:76,1
DA:78,20
DA:81,2
DA:82,0
DA:83,0
DA:84,0
DA:90,2
DA:91,2
DA:92,2
DA:93,2
DA:98,55
DA:99,2
DA:100,2
DA:101,2
DA:102,2
DA:103,2
DA:104,2
DA:105,2
DA:106,2
DA:107,2
DA:108,2
DA:109,1
DA:111,1
DA:114,2
DA:115,2
DA:116,1
DA:118,2
DA:119,2
DA:120,2
DA:121,2
DA:124,55
DA:125,2
DA:126,2
DA:127,2
DA:130,55
DA:131,0
DA:132,0
DA:133,0
DA:134,0
DA:137,55
DA:138,2
DA:139,2
DA:140,2
DA:141,1
DA:143,1
DA:147,55
DA:148,2
DA:149,2
DA:150,2
DA:152,1
DA:156,55
DA:157,55
DA:159,55
DA:165,55
DA:192,0
DA:201,2
DA:272,0
DA:288,0
DA:289,0
DA:300,0
DA:323,0
DA:329,28
DA:330,28
DA:336,5
DA:337,2
DA:359,2
DA:360,2
LF:104
LH:88
BRDA:50,0,0,2
BRDA:50,0,1,17
BRDA:56,1,0,3
BRDA:56,1,1,14
BRDA:58,2,0,0
BRDA:58,2,1,3
BRDA:58,3,0,3
BRDA:58,3,1,0
BRDA:58,3,2,0
BRDA:70,4,0,20
BRDA:70,4,1,2
BRDA:70,5,0,22
BRDA:70,5,1,3
BRDA:70,5,2,2
BRDA:71,6,0,0
BRDA:71,6,1,20
BRDA:75,7,0,1
BRDA:75,7,1,19
BRDA:91,8,0,2
BRDA:91,8,1,0
BRDA:99,9,0,0
BRDA:99,9,1,2
BRDA:115,10,0,1
BRDA:115,10,1,1
BRDA:120,11,0,2
BRDA:120,11,1,0
BRDA:121,12,0,2
BRDA:121,12,1,0
BRDA:126,13,0,0
BRDA:126,13,1,2
BRDA:126,14,0,2
BRDA:126,14,1,2
BRDA:134,15,0,0
BRDA:134,15,1,0
BRDA:134,16,0,0
BRDA:134,16,1,0
BRDA:143,17,0,1
BRDA:143,17,1,0
BRDA:156,18,0,55
BRDA:156,18,1,54
BRDA:157,19,0,55
BRDA:157,19,1,51
BRDA:157,19,2,51
BRDA:159,20,0,55
BRDA:159,20,1,51
BRDA:161,21,0,51
BRDA:161,21,1,51
BRDA:161,22,0,51
BRDA:161,22,1,51
BRDA:172,23,0,55
BRDA:172,23,1,2
BRDA:172,23,2,2
BRDA:177,24,0,55
BRDA:177,24,1,2
BRDA:178,25,0,55
BRDA:178,25,1,15
BRDA:183,26,0,15
BRDA:183,26,1,15
BRDA:185,27,0,2
BRDA:185,27,1,13
BRDA:226,28,0,55
BRDA:226,28,1,4
BRDA:233,29,0,55
BRDA:233,29,1,4
BRDA:233,29,2,2
BRDA:239,30,0,2
BRDA:239,30,1,1
BRDA:249,31,0,2
BRDA:249,31,1,0
BRDA:255,32,0,2
BRDA:255,32,1,0
BRDA:257,33,0,0
BRDA:257,33,1,0
BRDA:264,34,0,55
BRDA:264,34,1,2
BRDA:278,35,0,2
BRDA:278,35,1,0
BRDA:280,36,0,0
BRDA:280,36,1,0
BRDA:292,37,0,0
BRDA:292,37,1,55
BRDA:308,38,0,19
BRDA:308,38,1,36
BRDA:312,39,0,21
BRDA:312,39,1,15
BRDA:317,40,0,9
BRDA:317,40,1,12
BRDA:334,41,0,13
BRDA:334,41,1,15
BRDA:349,42,0,28
BRDA:349,42,1,27
BRDA:365,43,0,6
BRDA:365,43,1,22
BRF:93
BRH:71
end_of_record
TN:
SF:src/shared/renderer/components/IssuesSection.tsx
FN:18,IssuesSection
FN:30,(anonymous_1)
FN:43,(anonymous_2)
FN:47,(anonymous_3)
FN:57,(anonymous_4)
FN:69,(anonymous_5)
FN:80,(anonymous_6)
FN:81,(anonymous_7)
FN:88,(anonymous_8)
FN:91,(anonymous_9)
FN:91,(anonymous_10)
FN:97,(anonymous_11)
FN:98,(anonymous_12)
FN:110,(anonymous_13)
FN:138,(anonymous_14)
FN:144,(anonymous_15)
FN:149,(anonymous_16)
FN:164,(anonymous_17)
FN:191,(anonymous_18)
FN:198,(anonymous_19)
FN:216,(anonymous_20)
FN:224,(anonymous_21)
FN:245,IssueRow
FN:268,(anonymous_23)
FN:269,(anonymous_24)
FN:272,(anonymous_25)
FN:305,(anonymous_26)
FNF:27
FNH:19
FNDA:61,IssuesSection
FNDA:12,(anonymous_1)
FNDA:12,(anonymous_2)
FNDA:2,(anonymous_3)
FNDA:1,(anonymous_4)
FNDA:0,(anonymous_5)
FNDA:0,(anonymous_6)
FNDA:0,(anonymous_7)
FNDA:1,(anonymous_8)
FNDA:1,(anonymous_9)
FNDA:3,(anonymous_10)
FNDA:33,(anonymous_11)
FNDA:33,(anonymous_12)
FNDA:3,(anonymous_13)
FNDA:26,(anonymous_14)
FNDA:0,(anonymous_15)
FNDA:0,(anonymous_16)
FNDA:0,(anonymous_17)
FNDA:0,(anonymous_18)
FNDA:22,(anonymous_19)
FNDA:1,(anonymous_20)
FNDA:1,(anonymous_21)
FNDA:23,IssueRow
FNDA:2,(anonymous_23)
FNDA:1,(anonymous_24)
FNDA:0,(anonymous_25)
FNDA:1,(anonymous_26)
DA:19,61
DA:20,61
DA:21,61
DA:22,61
DA:23,61
DA:24,61
DA:25,61
DA:26,61
DA:27,61
DA:28,61
DA:30,61
DA:31,12
DA:32,12
DA:33,12
DA:34,12
DA:35,11
DA:37,1
DA:39,12
DA:43,61
DA:44,12
DA:47,61
DA:48,2
DA:49,2
DA:50,2
DA:51,2
DA:52,2
DA:57,1
DA:58,1
DA:59,1
DA:60,1
DA:61,1
DA:63,1
DA:65,2
DA:69,61
DA:70,0
DA:75,0
DA:76,0
DA:77,0
DA:80,0
DA:81,0
DA:84,0
DA:88,61
DA:89,1
DA:90,1
DA:91,3
DA:93,0
DA:97,61
DA:98,61
DA:100,61
DA:110,3
DA:138,26
DA:144,0
DA:150,0
DA:164,0
DA:191,0
DA:199,22
DA:216,1
DA:225,1
DA:260,23
DA:261,23
DA:263,23
DA:268,2
DA:269,1
DA:272,0
DA:305,1
LF:65
LH:52
BRDA:49,0,0,0
BRDA:49,0,1,2
BRDA:54,1,0,2
BRDA:54,1,1,2
BRDA:75,2,0,0
BRDA:75,2,1,0
BRDA:81,3,0,0
BRDA:81,3,1,0
BRDA:107,4,0,32
BRDA:107,4,1,29
BRDA:109,5,0,32
BRDA:109,5,1,29
BRDA:112,6,0,32
BRDA:112,6,1,29
BRDA:126,7,0,61
BRDA:126,7,1,2
BRDA:132,8,0,61
BRDA:132,8,1,32
BRDA:173,9,0,32
BRDA:173,9,1,30
BRDA:175,10,0,2
BRDA:175,10,1,30
BRDA:182,11,0,12
BRDA:182,11,1,49
BRDA:186,12,0,37
BRDA:186,12,1,12
BRDA:196,13,0,12
BRDA:196,13,1,12
BRDA:213,14,0,12
BRDA:213,14,1,11
BRDA:219,15,0,1
BRDA:219,15,1,10
BRDA:222,16,0,11
BRDA:222,16,1,1
BRDA:266,17,0,10
BRDA:266,17,1,13
BRDA:276,18,0,1
BRDA:276,18,1,22
BRDA:278,19,0,11
BRDA:278,19,1,11
BRDA:287,20,0,1
BRDA:287,20,1,22
BRDA:292,21,0,23
BRDA:292,21,1,10
BRDA:292,21,2,10
BRDA:309,22,0,2
BRDA:309,22,1,21
BRF:47
BRH:42
end_of_record
TN:
SF:src/shared/renderer/components/LoadingPage.tsx
FN:3,LoadingPage
FNF:1
FNH:0
FNDA:0,LoadingPage
DA:4,0
LF:1
LH:0
BRF:0
BRH:0
end_of_record
TN:
SF:src/shared/renderer/components/ModelSelector.tsx
FN:15,ModelSelector
FN:27,(anonymous_1)
FN:41,(anonymous_2)
FN:45,(anonymous_3)
FN:54,(anonymous_4)
FN:63,(anonymous_5)
FN:66,(anonymous_6)
FN:83,(anonymous_7)
FN:94,(anonymous_8)
FN:104,(anonymous_9)
FNF:10
FNH:0
FNDA:0,ModelSelector
FNDA:0,(anonymous_1)
FNDA:0,(anonymous_2)
FNDA:0,(anonymous_3)
FNDA:0,(anonymous_4)
FNDA:0,(anonymous_5)
FNDA:0,(anonymous_6)
FNDA:0,(anonymous_7)
FNDA:0,(anonymous_8)
FNDA:0,(anonymous_9)
DA:23,0
DA:24,0
DA:25,0
DA:27,0
DA:28,0
DA:29,0
DA:30,0
DA:31,0
DA:32,0
DA:33,0
DA:35,0
DA:37,0
DA:41,0
DA:42,0
DA:45,0
DA:46,0
DA:48,0
DA:49,0
DA:54,0
DA:64,0
DA:65,0
DA:66,0
DA:67,0
DA:79,0
DA:83,0
DA:95,0
DA:104,0
LF:27
LH:0
BRDA:28,0,0,0
BRDA:28,0,1,0
BRDA:46,1,0,0
BRDA:46,1,1,0
BRDA:46,1,2,0
BRDA:46,1,3,0
BRDA:48,2,0,0
BRDA:48,2,1,0
BRDA:55,3,0,0
BRDA:55,3,1,0
BRDA:57,4,0,0
BRDA:57,4,1,0
BRDA:65,5,0,0
BRDA:65,5,1,0
BRDA:66,6,0,0
BRDA:66,6,1,0
BRDA:86,7,0,0
BRDA:86,7,1,0
BRDA:90,8,0,0
BRDA:90,8,1,0
BRDA:91,9,0,0
BRDA:91,9,1,0
BRDA:91,9,2,0
BRDA:92,10,0,0
BRDA:92,10,1,0
BRDA:97,11,0,0
BRDA:97,11,1,0
BRDA:98,12,0,0
BRDA:98,12,1,0
BRF:29
BRH:0
end_of_record
TN:
SF:src/shared/renderer/components/NotesSection.tsx
FN:17,NotesSection
FN:29,(anonymous_1)
FN:42,(anonymous_2)
FN:46,(anonymous_3)
FN:53,(anonymous_4)
FN:63,(anonymous_5)
FN:66,(anonymous_6)
FN:66,(anonymous_7)
FN:72,(anonymous_8)
FN:77,(anonymous_9)
FN:82,(anonymous_10)
FN:90,(anonymous_11)
FN:91,(anonymous_12)
FN:111,(anonymous_13)
FN:139,(anonymous_14)
FN:147,(anonymous_15)
FN:176,(anonymous_16)
FN:180,(anonymous_17)
FN:191,(anonymous_18)
FN:220,(anonymous_19)
FN:221,(anonymous_20)
FN:232,(anonymous_21)
FN:246,(anonymous_22)
FN:255,(anonymous_23)
FNF:24
FNH:22
FNDA:102,NotesSection
FNDA:11,(anonymous_1)
FNDA:11,(anonymous_2)
FNDA:2,(anonymous_3)
FNDA:1,(anonymous_4)
FNDA:1,(anonymous_5)
FNDA:1,(anonymous_6)
FNDA:2,(anonymous_7)
FNDA:2,(anonymous_8)
FNDA:1,(anonymous_9)
FNDA:1,(anonymous_10)
FNDA:1,(anonymous_11)
FNDA:2,(anonymous_12)
FNDA:3,(anonymous_13)
FNDA:22,(anonymous_14)
FNDA:0,(anonymous_15)
FNDA:0,(anonymous_16)
FNDA:114,(anonymous_17)
FNDA:37,(anonymous_18)
FNDA:6,(anonymous_19)
FNDA:3,(anonymous_20)
FNDA:32,(anonymous_21)
FNDA:2,(anonymous_22)
FNDA:1,(anonymous_23)
DA:18,102
DA:19,102
DA:20,102
DA:21,102
DA:22,102
DA:23,102
DA:24,102
DA:25,102
DA:26,102
DA:27,102
DA:29,102
DA:30,11
DA:31,11
DA:32,11
DA:33,11
DA:34,10
DA:36,1
DA:38,11
DA:42,102
DA:43,11
DA:46,102
DA:47,2
DA:48,2
DA:49,2
DA:50,2
DA:53,1
DA:54,1
DA:55,1
DA:57,1
DA:59,2
DA:63,102
DA:64,1
DA:65,1
DA:66,2
DA:68,0
DA:72,102
DA:73,2
DA:74,2
DA:77,102
DA:78,1
DA:79,1
DA:82,102
DA:83,1
DA:84,1
DA:85,1
DA:86,1
DA:87,1
DA:90,1
DA:91,2
DA:93,1
DA:95,0
DA:97,1
DA:101,102
DA:111,3
DA:139,22
DA:148,0
DA:149,0
DA:176,0
DA:181,114
DA:191,37
DA:220,6
DA:221,3
DA:233,32
DA:246,2
DA:255,1
LF:65
LH:60
BRDA:47,0,0,0
BRDA:47,0,1,2
BRDA:83,1,0,0
BRDA:83,1,1,1
BRDA:83,2,0,1
BRDA:83,2,1,1
BRDA:91,3,0,1
BRDA:91,3,1,1
BRDA:108,4,0,28
BRDA:108,4,1,74
BRDA:110,5,0,28
BRDA:110,5,1,74
BRDA:113,6,0,28
BRDA:113,6,1,74
BRDA:127,7,0,102
BRDA:127,7,1,2
BRDA:133,8,0,102
BRDA:133,8,1,28
BRDA:159,9,0,28
BRDA:159,9,1,26
BRDA:161,10,0,2
BRDA:161,10,1,26
BRDA:167,11,0,11
BRDA:167,11,1,91
BRDA:171,12,0,33
BRDA:171,12,1,58
BRDA:181,13,0,40
BRDA:181,13,1,74
BRDA:185,14,0,0
BRDA:185,14,1,40
BRDA:208,15,0,40
BRDA:208,15,1,39
BRDA:210,16,0,1
BRDA:210,16,1,39
BRDA:218,17,0,56
BRDA:218,17,1,18
BRDA:231,18,0,74
BRDA:231,18,1,16
BRDA:237,19,0,74
BRDA:237,19,1,73
BRDA:248,20,0,8
BRDA:248,20,1,66
BRDA:257,21,0,8
BRDA:257,21,1,66
BRF:44
BRH:41
end_of_record
TN:
SF:src/shared/renderer/components/ProjectView.tsx
FN:38,ProjectView
FN:43,(anonymous_1)
FN:48,(anonymous_2)
FN:49,(anonymous_3)
FN:56,(anonymous_4)
FN:69,(anonymous_5)
FN:83,(anonymous_6)
FN:161,(anonymous_7)
FN:169,(anonymous_8)
FN:185,(anonymous_9)
FNF:10
FNH:0
FNDA:0,ProjectView
FNDA:0,(anonymous_1)
FNDA:0,(anonymous_2)
FNDA:0,(anonymous_3)
FNDA:0,(anonymous_4)
FNDA:0,(anonymous_5)
FNDA:0,(anonymous_6)
FNDA:0,(anonymous_7)
FNDA:0,(anonymous_8)
FNDA:0,(anonymous_9)
DA:29,0
DA:36,0
DA:39,0
DA:40,0
DA:41,0
DA:42,0
DA:43,0
DA:44,0
DA:45,0
DA:48,0
DA:49,0
DA:50,0
DA:51,0
DA:52,0
DA:56,0
DA:57,0
DA:58,0
DA:59,0
DA:60,0
DA:61,0
DA:63,0
DA:65,0
DA:69,0
DA:70,0
DA:73,0
DA:74,0
DA:75,0
DA:77,0
DA:83,0
DA:84,0
DA:86,0
DA:88,0
DA:90,0
DA:92,0
DA:100,0
DA:162,0
DA:163,0
DA:165,0
DA:166,0
DA:169,0
DA:182,0
DA:185,0
LF:42
LH:0
BRDA:44,0,0,0
BRDA:44,0,1,0
BRDA:73,1,0,0
BRDA:73,1,1,0
BRDA:74,2,0,0
BRDA:74,2,1,0
BRDA:74,3,0,0
BRDA:74,3,1,0
BRDA:75,4,0,0
BRDA:75,4,1,0
BRDA:84,5,0,0
BRDA:84,5,1,0
BRDA:84,5,2,0
BRDA:84,5,3,0
BRDA:104,6,0,0
BRDA:104,6,1,0
BRDA:107,7,0,0
BRDA:107,7,1,0
BRDA:108,8,0,0
BRDA:108,8,1,0
BRDA:146,9,0,0
BRDA:146,9,1,0
BRDA:148,10,0,0
BRDA:148,10,1,0
BRDA:157,11,0,0
BRDA:157,11,1,0
BRDA:160,12,0,0
BRDA:160,12,1,0
BRDA:165,13,0,0
BRDA:165,13,1,0
BRDA:171,14,0,0
BRDA:171,14,1,0
BRDA:177,15,0,0
BRDA:177,15,1,0
BRDA:187,16,0,0
BRDA:187,16,1,0
BRDA:192,17,0,0
BRDA:192,17,1,0
BRDA:194,18,0,0
BRDA:194,18,1,0
BRDA:194,18,2,0
BRF:41
BRH:0
end_of_record
TN:
SF:src/shared/renderer/components/SettingsPanel.tsx
FN:24,SettingsPanel
FN:29,(anonymous_1)
FN:32,(anonymous_2)
FN:36,(anonymous_3)
FN:40,(anonymous_4)
FN:41,(anonymous_5)
FN:46,(anonymous_6)
FN:47,(anonymous_7)
FN:93,(anonymous_8)
FN:96,(anonymous_9)
FN:107,(anonymous_10)
FN:110,(anonymous_11)
FN:119,(anonymous_12)
FN:122,(anonymous_13)
FN:131,(anonymous_14)
FN:134,(anonymous_15)
FN:146,(anonymous_16)
FN:156,(anonymous_17)
FN:168,ProviderSection
FN:197,(anonymous_19)
FNF:20
FNH:0
FNDA:0,SettingsPanel
FNDA:0,(anonymous_1)
FNDA:0,(anonymous_2)
FNDA:0,(anonymous_3)
FNDA:0,(anonymous_4)
FNDA:0,(anonymous_5)
FNDA:0,(anonymous_6)
FNDA:0,(anonymous_7)
FNDA:0,(anonymous_8)
FNDA:0,(anonymous_9)
FNDA:0,(anonymous_10)
FNDA:0,(anonymous_11)
FNDA:0,(anonymous_12)
FNDA:0,(anonymous_13)
FNDA:0,(anonymous_14)
FNDA:0,(anonymous_15)
FNDA:0,(anonymous_16)
FNDA:0,(anonymous_17)
FNDA:0,ProviderSection
FNDA:0,(anonymous_19)
DA:8,0
DA:25,0
DA:26,0
DA:27,0
DA:29,0
DA:30,0
DA:33,0
DA:34,0
DA:36,0
DA:39,0
DA:41,0
DA:42,0
DA:43,0
DA:47,0
DA:52,0
DA:53,0
DA:60,0
DA:61,0
DA:72,0
DA:93,0
DA:97,0
DA:107,0
DA:110,0
DA:119,0
DA:122,0
DA:131,0
DA:134,0
DA:146,0
DA:156,0
DA:189,0
DA:197,0
LF:31
LH:0
BRDA:41,0,0,0
BRDA:41,0,1,0
BRDA:52,1,0,0
BRDA:52,1,1,0
BRDA:60,2,0,0
BRDA:60,2,1,0
BRDA:83,3,0,0
BRDA:83,3,1,0
BRF:8
BRH:0
end_of_record
TN:
SF:src/shared/renderer/components/UnifiedSearchChat.tsx
FN:37,UnifiedSearchChat
FN:45,(anonymous_1)
FN:55,(anonymous_2)
FN:68,(anonymous_3)
FN:69,(anonymous_4)
FN:72,(anonymous_5)
FN:76,(anonymous_6)
FN:77,(anonymous_7)
FN:88,(anonymous_8)
FN:92,(anonymous_9)
FN:100,(anonymous_10)
FN:101,(anonymous_11)
FN:109,(anonymous_12)
FN:120,(anonymous_13)
FN:124,(anonymous_14)
FN:129,(anonymous_15)
FN:136,(anonymous_16)
FN:143,(anonymous_17)
FN:150,(anonymous_18)
FN:159,(anonymous_19)
FN:160,(anonymous_20)
FN:162,(anonymous_21)
FN:166,(anonymous_22)
FN:198,(anonymous_23)
FN:222,(anonymous_24)
FN:226,(anonymous_25)
FN:227,(anonymous_26)
FN:234,(anonymous_27)
FN:241,(anonymous_28)
FN:259,(anonymous_29)
FN:282,(anonymous_30)
FN:322,(anonymous_31)
FNF:32
FNH:26
FNDA:145,UnifiedSearchChat
FNDA:25,(anonymous_1)
FNDA:25,(anonymous_2)
FNDA:25,(anonymous_3)
FNDA:0,(anonymous_4)
FNDA:25,(anonymous_5)
FNDA:30,(anonymous_6)
FNDA:22,(anonymous_7)
FNDA:30,(anonymous_8)
FNDA:2,(anonymous_9)
FNDA:0,(anonymous_10)
FNDA:0,(anonymous_11)
FNDA:238,(anonymous_12)
FNDA:3,(anonymous_13)
FNDA:25,(anonymous_14)
FNDA:3,(anonymous_15)
FNDA:1,(anonymous_16)
FNDA:0,(anonymous_17)
FNDA:3,(anonymous_18)
FNDA:0,(anonymous_19)
FNDA:1,(anonymous_20)
FNDA:1,(anonymous_21)
FNDA:5,(anonymous_22)
FNDA:31,(anonymous_23)
FNDA:25,(anonymous_24)
FNDA:25,(anonymous_25)
FNDA:1,(anonymous_26)
FNDA:37,(anonymous_27)
FNDA:5,(anonymous_28)
FNDA:71,(anonymous_29)
FNDA:0,(anonymous_30)
FNDA:3,(anonymous_31)
DA:24,1
DA:25,1
DA:26,1
DA:27,1
DA:44,145
DA:45,145
DA:46,25
DA:47,25
DA:50,145
DA:51,145
DA:52,145
DA:53,145
DA:54,145
DA:55,145
DA:56,25
DA:57,25
DA:58,25
DA:61,145
DA:62,145
DA:63,145
DA:65,145
DA:66,145
DA:68,145
DA:69,25
DA:72,145
DA:73,25
DA:76,145
DA:77,30
DA:78,22
DA:83,0
DA:87,30
DA:88,30
DA:91,145
DA:93,2
DA:94,2
DA:95,2
DA:100,145
DA:101,0
DA:102,0
DA:103,0
DA:104,0
DA:108,145
DA:109,238
DA:118,145
DA:120,145
DA:121,3
DA:124,145
DA:125,25
DA:128,145
DA:130,3
DA:135,145
DA:137,1
DA:142,145
DA:144,0
DA:149,145
DA:151,3
DA:152,3
DA:159,145
DA:160,145
DA:162,145
DA:163,1
DA:166,145
DA:167,5
DA:188,145
DA:198,145
DA:199,31
DA:200,2
DA:201,1
DA:212,145
DA:222,145
DA:223,25
DA:226,145
DA:227,25
DA:228,1
DA:229,1
DA:230,1
DA:234,145
DA:235,37
DA:236,37
DA:240,145
DA:242,5
DA:243,5
DA:244,5
DA:245,5
DA:246,5
DA:247,5
DA:249,5
DA:250,2
DA:252,3
DA:258,145
DA:260,71
DA:261,1
DA:262,1
DA:268,145
DA:282,0
DA:322,3
LF:96
LH:89
BRDA:39,0,0,145
BRDA:41,1,0,145
BRDA:42,2,0,145
BRDA:44,3,0,145
BRDA:44,3,1,16
BRDA:46,4,0,0
BRDA:46,4,1,25
BRDA:47,5,0,25
BRDA:47,5,1,19
BRDA:56,6,0,0
BRDA:56,6,1,25
BRDA:58,7,0,0
BRDA:58,7,1,25
BRDA:78,8,0,0
BRDA:78,8,1,22
BRDA:79,9,0,22
BRDA:79,9,1,2
BRDA:79,9,2,2
BRDA:111,10,0,238
BRDA:111,10,1,0
BRDA:118,11,0,145
BRDA:118,11,1,0
BRDA:121,12,0,0
BRDA:121,12,1,3
BRDA:125,13,0,2
BRDA:125,13,1,23
BRDA:130,14,0,0
BRDA:130,14,1,3
BRDA:137,15,0,0
BRDA:137,15,1,1
BRDA:144,16,0,0
BRDA:144,16,1,0
BRDA:152,17,0,0
BRDA:152,17,1,3
BRDA:199,18,0,29
BRDA:199,18,1,2
BRDA:200,19,0,1
BRDA:200,19,1,1
BRDA:235,20,0,37
BRDA:235,20,1,0
BRDA:244,21,0,0
BRDA:244,21,1,5
BRDA:244,22,0,5
BRDA:244,22,1,5
BRDA:246,23,0,5
BRDA:246,23,1,0
BRDA:249,24,0,2
BRDA:249,24,1,3
BRDA:260,25,0,1
BRDA:260,25,1,70
BRDA:260,26,0,71
BRDA:260,26,1,2
BRDA:271,27,0,145
BRDA:271,27,1,110
BRDA:271,27,2,110
BRF:55
BRH:40
end_of_record
TN:
SF:src/shared/renderer/components/ui/badge.tsx
FN:16,Badge
FNF:1
FNH:1
FNDA:89,Badge
DA:8,4
DA:17,89
LF:2
LH:2
BRDA:16,0,0,89
BRDA:16,1,0,89
BRF:2
BRH:2
end_of_record
TN:
SF:src/shared/renderer/components/ui/button.tsx
FN:28,Button
FNF:1
FNH:1
FNDA:482,Button
DA:9,3
DA:22,3
DA:35,482
LF:3
LH:3
BRDA:29,0,0,482
BRDA:30,1,0,482
BRDA:31,2,0,482
BRF:3
BRH:3
end_of_record
TN:
SF:src/shared/renderer/components/ui/card.tsx
FN:16,Card
FNF:1
FNH:0
FNDA:0,Card
DA:9,0
DA:24,0
DA:25,0
LF:3
LH:0
BRDA:17,0,0,0
BRDA:18,1,0,0
BRDA:19,2,0,0
BRDA:20,3,0,0
BRDA:28,4,0,0
BRDA:28,4,1,0
BRDA:31,5,0,0
BRDA:31,5,1,0
BRF:8
BRH:0
end_of_record
TN:
SF:src/shared/renderer/components/ui/empty-state.tsx
FN:15,EmptyState
FNF:1
FNH:1
FNDA:89,EmptyState
DA:16,89
LF:1
LH:1
BRDA:22,0,0,89
BRDA:22,0,1,89
BRDA:27,1,0,89
BRDA:27,1,1,89
BRF:4
BRH:4
end_of_record
TN:
SF:src/shared/renderer/components/ui/input.tsx
FN:5,Input
FNF:1
FNH:1
FNDA:64,Input
DA:6,64
LF:1
LH:1
BRDA:5,0,0,64
BRF:1
BRH:1
end_of_record
TN:
SF:src/shared/renderer/components/ui/resize-handle.tsx
FN:8,ResizeHandle
FN:13,(anonymous_1)
FN:20,(anonymous_2)
FN:26,(anonymous_3)
FNF:4
FNH:1
FNDA:109,ResizeHandle
FNDA:0,(anonymous_1)
FNDA:0,(anonymous_2)
FNDA:0,(anonymous_3)
DA:9,109
DA:10,109
DA:12,109
DA:14,0
DA:15,0
DA:16,0
DA:17,0
DA:18,0
DA:20,0
DA:21,0
DA:22,0
DA:23,0
DA:26,0
DA:27,0
DA:28,0
DA:29,0
DA:30,0
DA:31,0
DA:34,0
DA:35,0
DA:40,109
LF:21
LH:4
BRDA:8,0,0,109
BRDA:47,1,0,0
BRDA:47,1,1,109
BRF:3
BRH:2
end_of_record
TN:
SF:src/shared/renderer/components/ui/select.tsx
FN:5,Select
FNF:1
FNH:1
FNDA:32,Select
DA:6,32
LF:1
LH:1
BRDA:5,0,0,32
BRF:1
BRH:1
end_of_record
TN:
SF:src/shared/renderer/components/ui/spinner.tsx
FN:12,Spinner
FNF:1
FNH:1
FNDA:67,Spinner
DA:6,4
DA:13,67
LF:2
LH:2
BRDA:12,0,0,67
BRDA:12,1,0,67
BRF:2
BRH:2
end_of_record
TN:
SF:src/shared/renderer/components/ui/textarea.tsx
FN:8,Textarea2
FN:11,(anonymous_1)
FN:18,(anonymous_2)
FNF:3
FNH:3
FNDA:239,Textarea2
FNDA:171,(anonymous_1)
FNDA:137,(anonymous_2)
DA:7,3
DA:9,239
DA:11,239
DA:13,239
DA:19,137
DA:20,137
DA:21,137
DA:23,137
LF:8
LH:8
BRDA:8,0,0,239
BRDA:8,1,0,239
BRDA:19,2,0,137
BRDA:19,2,1,0
BRDA:19,3,0,137
BRDA:19,3,1,137
BRF:6
BRH:5
end_of_record
TN:
SF:src/shared/renderer/components/ui/toggle.tsx
FN:9,Toggle
FN:16,(anonymous_1)
FNF:2
FNH:2
FNDA:135,Toggle
FNDA:2,(anonymous_1)
DA:10,135
DA:16,2
LF:2
LH:2
BRDA:9,0,0,135
BRDA:18,1,0,2
BRDA:18,1,1,133
BRDA:23,2,0,2
BRDA:23,2,1,133
BRF:5
BRH:5
end_of_record
TN:
SF:src/shared/renderer/components/unified-search-chat/ChatInputBar.tsx
FN:29,ChatInputBar
FN:60,(anonymous_1)
FN:115,(anonymous_2)
FN:119,(anonymous_3)
FNF:4
FNH:4
FNDA:171,ChatInputBar
FNDA:78,(anonymous_1)
FNDA:33,(anonymous_2)
FNDA:3,(anonymous_3)
DA:50,171
DA:60,78
DA:116,33
DA:119,3
LF:4
LH:4
BRDA:63,0,0,153
BRDA:63,0,1,18
BRDA:64,1,0,24
BRDA:64,1,1,129
BRDA:67,2,0,15
BRDA:67,2,1,3
BRDA:74,3,0,5
BRDA:74,3,1,166
BRDA:103,4,0,39
BRDA:103,4,1,132
BRDA:113,5,0,171
BRDA:113,5,1,9
BRDA:122,6,0,6
BRDA:122,6,1,27
BRDA:124,7,0,18
BRDA:124,7,1,9
BRDA:131,8,0,33
BRDA:131,8,1,9
BRDA:135,9,0,33
BRDA:135,9,1,15
BRDA:135,9,2,15
BRDA:146,10,0,171
BRDA:146,10,1,135
BRDA:155,11,0,2
BRDA:155,11,1,133
BRF:25
BRH:25
end_of_record
TN:
SF:src/shared/renderer/components/unified-search-chat/ChatMessagesPane.tsx
FN:21,ChatMessagesPane
FN:56,(anonymous_1)
FN:70,MessageBlock
FN:107,(anonymous_3)
FN:108,(anonymous_4)
FN:128,(anonymous_5)
FN:133,(anonymous_6)
FN:136,(anonymous_7)
FN:139,(anonymous_8)
FN:142,(anonymous_9)
FN:147,(anonymous_10)
FN:152,(anonymous_11)
FN:157,(anonymous_12)
FN:167,(anonymous_13)
FN:172,(anonymous_14)
FN:177,(anonymous_15)
FN:182,(anonymous_16)
FN:210,SearchResultsBlock
FN:227,(anonymous_18)
FN:238,(anonymous_19)
FN:272,SourceList
FN:281,(anonymous_21)
FN:288,(anonymous_22)
FN:302,(anonymous_23)
FN:319,SourceDetail
FNF:25
FNH:8
FNDA:144,ChatMessagesPane
FNDA:18,(anonymous_1)
FNDA:18,MessageBlock
FNDA:3,(anonymous_3)
FNDA:0,(anonymous_4)
FNDA:0,(anonymous_5)
FNDA:0,(anonymous_6)
FNDA:0,(anonymous_7)
FNDA:0,(anonymous_8)
FNDA:0,(anonymous_9)
FNDA:0,(anonymous_10)
FNDA:0,(anonymous_11)
FNDA:0,(anonymous_12)
FNDA:0,(anonymous_13)
FNDA:0,(anonymous_14)
FNDA:0,(anonymous_15)
FNDA:0,(anonymous_16)
FNDA:2,SearchResultsBlock
FNDA:3,(anonymous_18)
FNDA:0,(anonymous_19)
FNDA:2,SourceList
FNDA:4,(anonymous_21)
FNDA:0,(anonymous_22)
FNDA:0,(anonymous_23)
FNDA:0,SourceDetail
DA:29,144
DA:57,18
DA:77,18
DA:79,18
DA:80,9
DA:91,9
DA:93,18
DA:107,3
DA:109,0
DA:111,0
DA:112,0
DA:113,0
DA:119,0
DA:129,0
DA:134,0
DA:137,0
DA:140,0
DA:143,0
DA:148,0
DA:153,0
DA:158,0
DA:168,0
DA:173,0
DA:178,0
DA:183,0
DA:217,2
DA:219,2
DA:221,2
DA:228,3
DA:229,3
DA:230,3
DA:232,3
DA:238,0
DA:273,2
DA:274,2
DA:275,2
DA:276,2
DA:278,2
DA:282,4
DA:283,4
DA:284,4
DA:285,4
DA:288,0
DA:302,0
DA:326,0
LF:45
LH:24
BRDA:32,0,0,135
BRDA:32,0,1,9
BRDA:36,1,0,121
BRDA:36,1,1,14
BRDA:39,2,0,31
BRDA:39,2,1,104
BRDA:45,3,0,121
BRDA:45,3,1,14
BRDA:79,4,0,9
BRDA:79,4,1,9
BRDA:91,5,0,9
BRDA:91,5,1,4
BRDA:95,6,0,2
BRDA:95,6,1,7
BRDA:102,7,0,3
BRDA:102,7,1,4
BRDA:111,8,0,0
BRDA:111,8,1,0
BRDA:112,9,0,0
BRDA:112,9,1,0
BRDA:190,10,0,7
BRDA:190,10,1,3
BRDA:196,11,0,18
BRDA:196,11,1,3
BRDA:196,11,2,3
BRDA:196,11,3,3
BRDA:202,12,0,18
BRDA:202,12,1,6
BRDA:202,12,2,4
BRDA:202,12,3,4
BRDA:202,12,4,2
BRDA:219,13,0,0
BRDA:219,13,1,2
BRDA:224,14,0,1
BRDA:224,14,1,1
BRDA:229,15,0,3
BRDA:229,15,1,0
BRDA:236,16,0,1
BRDA:236,16,1,2
BRDA:238,17,0,0
BRDA:238,17,1,0
BRDA:243,18,0,3
BRDA:243,18,1,0
BRDA:245,19,0,3
BRDA:245,19,1,0
BRDA:254,20,0,0
BRDA:254,20,1,3
BRDA:259,21,0,3
BRDA:259,21,1,1
BRDA:275,22,0,0
BRDA:275,22,1,2
BRDA:282,23,0,4
BRDA:282,23,1,2
BRDA:283,24,0,0
BRDA:283,24,1,4
BRDA:288,25,0,0
BRDA:288,25,1,0
BRDA:290,26,0,0
BRDA:290,26,1,4
BRDA:300,27,0,2
BRDA:300,27,1,2
BRDA:300,27,2,0
BRDA:310,28,0,2
BRDA:310,28,1,0
BRDA:330,29,0,0
BRDA:330,29,1,0
BRDA:330,30,0,0
BRDA:330,30,1,0
BRDA:332,31,0,0
BRDA:332,31,1,0
BRF:70
BRH:46
end_of_record
TN:
SF:src/shared/renderer/components/unified-search-chat/SessionSidebar.tsx
FN:27,SessionSidebar
FN:81,(anonymous_1)
FN:89,(anonymous_2)
FN:90,(anonymous_3)
FN:97,(anonymous_4)
FN:98,(anonymous_5)
FN:121,(anonymous_6)
FN:139,(anonymous_7)
FN:151,(anonymous_8)
FN:161,(anonymous_9)
FNF:10
FNH:7
FNDA:109,SessionSidebar
FNDA:177,(anonymous_1)
FNDA:5,(anonymous_2)
FNDA:1,(anonymous_3)
FNDA:0,(anonymous_4)
FNDA:0,(anonymous_5)
FNDA:2,(anonymous_6)
FNDA:1,(anonymous_7)
FNDA:0,(anonymous_8)
FNDA:1,(anonymous_9)
DA:47,109
DA:82,177
DA:89,5
DA:90,1
DA:97,0
DA:99,0
DA:100,0
DA:121,2
DA:140,1
DA:141,1
DA:152,0
DA:153,0
DA:162,1
DA:163,1
LF:14
LH:9
BRDA:50,0,0,109
BRDA:50,0,1,0
BRDA:74,1,0,20
BRDA:74,1,1,89
BRDA:78,2,0,1
BRDA:78,2,1,88
BRDA:85,3,0,7
BRDA:85,3,1,170
BRDA:92,4,0,0
BRDA:92,4,1,177
BRDA:99,5,0,0
BRDA:99,5,1,0
BRDA:100,6,0,0
BRDA:100,6,1,0
BRDA:123,7,0,177
BRDA:123,7,1,3
BRDA:131,8,0,177
BRDA:131,8,1,177
BRDA:134,9,0,8
BRDA:134,9,1,169
BRDA:137,10,0,1
BRDA:137,10,1,176
BRF:22
BRH:16
end_of_record
TN:
SF:src/shared/renderer/components/unified-search-chat/types.ts
FN:31,getScoreVariant
FNF:1
FNH:1
FNDA:3,getScoreVariant
DA:3,1
DA:5,1
DA:32,3
DA:33,0
DA:34,0
LF:5
LH:3
BRDA:32,0,0,3
BRDA:32,0,1,0
BRDA:33,1,0,0
BRDA:33,1,1,0
BRF:4
BRH:1
end_of_record
TN:
SF:src/shared/renderer/components/unified-search-chat/useChatSessionManager.ts
FN:15,mapChatMessage
FN:24,useChatSessionManager
FN:42,(anonymous_2)
FN:43,(anonymous_3)
FN:59,(anonymous_4)
FN:72,(anonymous_5)
FN:78,(anonymous_6)
FN:86,(anonymous_7)
FN:86,(anonymous_8)
FN:96,(anonymous_9)
FN:102,(anonymous_10)
FN:107,(anonymous_11)
FN:113,(anonymous_12)
FN:114,(anonymous_13)
FN:122,(anonymous_14)
FN:126,(anonymous_15)
FN:130,(anonymous_16)
FN:132,(anonymous_17)
FNF:18
FNH:18
FNDA:14,mapChatMessage
FNDA:207,useChatSessionManager
FNDA:43,(anonymous_2)
FNDA:43,(anonymous_3)
FNDA:9,(anonymous_4)
FNDA:3,(anonymous_5)
FNDA:8,(anonymous_6)
FNDA:3,(anonymous_7)
FNDA:6,(anonymous_8)
FNDA:4,(anonymous_9)
FNDA:1,(anonymous_10)
FNDA:2,(anonymous_11)
FNDA:1,(anonymous_12)
FNDA:2,(anonymous_13)
FNDA:6,(anonymous_14)
FNDA:5,(anonymous_15)
FNDA:3,(anonymous_16)
FNDA:3,(anonymous_17)
DA:16,14
DA:33,207
DA:34,207
DA:35,207
DA:37,207
DA:38,207
DA:39,207
DA:40,207
DA:42,207
DA:43,43
DA:44,43
DA:45,43
DA:46,43
DA:47,41
DA:51,43
DA:55,43
DA:58,207
DA:60,9
DA:61,9
DA:62,9
DA:63,9
DA:64,7
DA:72,207
DA:73,3
DA:74,3
DA:77,207
DA:79,8
DA:80,5
DA:81,5
DA:82,5
DA:84,3
DA:85,3
DA:86,6
DA:87,3
DA:88,3
DA:96,207
DA:97,4
DA:98,4
DA:99,4
DA:102,207
DA:103,1
DA:104,1
DA:107,207
DA:108,2
DA:109,1
DA:110,1
DA:113,1
DA:114,2
DA:116,1
DA:122,207
DA:123,6
DA:124,5
DA:125,5
DA:126,5
DA:127,5
DA:130,207
DA:131,3
DA:132,3
DA:135,207
LF:59
LH:59
BRDA:79,0,0,5
BRDA:79,0,1,3
BRDA:88,1,0,1
BRDA:88,1,1,2
BRDA:98,2,0,4
BRDA:98,2,1,0
BRDA:108,3,0,1
BRDA:108,3,1,1
BRDA:108,4,0,2
BRDA:108,4,1,2
BRDA:114,5,0,1
BRDA:114,5,1,1
BRDA:123,6,0,1
BRDA:123,6,1,5
BRDA:132,7,0,1
BRDA:132,7,1,2
BRF:16
BRH:15
end_of_record
TN:
SF:src/shared/renderer/components/unified-search-chat/useChatStreaming.ts
FN:17,useChatStreaming
FN:31,(anonymous_1)
FN:33,(anonymous_2)
FN:37,(anonymous_3)
FN:42,(anonymous_4)
FN:51,(anonymous_5)
FN:82,(anonymous_6)
FN:83,(anonymous_7)
FN:91,(anonymous_8)
FN:96,(anonymous_9)
FN:99,(anonymous_10)
FN:102,(anonymous_11)
FN:126,(anonymous_12)
FN:127,(anonymous_13)
FN:133,(anonymous_14)
FN:134,(anonymous_15)
FN:143,(anonymous_16)
FN:144,(anonymous_17)
FN:151,(anonymous_18)
FN:152,(anonymous_19)
FN:172,(anonymous_20)
FN:180,(anonymous_21)
FN:190,(anonymous_22)
FN:191,(anonymous_23)
FN:214,(anonymous_24)
FN:215,(anonymous_25)
FN:228,(anonymous_26)
FNF:27
FNH:24
FNDA:176,useChatStreaming
FNDA:34,(anonymous_1)
FNDA:6,(anonymous_2)
FNDA:2,(anonymous_3)
FNDA:11,(anonymous_4)
FNDA:11,(anonymous_5)
FNDA:1,(anonymous_6)
FNDA:0,(anonymous_7)
FNDA:18,(anonymous_8)
FNDA:1,(anonymous_9)
FNDA:1,(anonymous_10)
FNDA:5,(anonymous_11)
FNDA:9,(anonymous_12)
FNDA:18,(anonymous_13)
FNDA:8,(anonymous_14)
FNDA:16,(anonymous_15)
FNDA:0,(anonymous_16)
FNDA:0,(anonymous_17)
FNDA:2,(anonymous_18)
FNDA:4,(anonymous_19)
FNDA:6,(anonymous_20)
FNDA:6,(anonymous_21)
FNDA:5,(anonymous_22)
FNDA:10,(anonymous_23)
FNDA:1,(anonymous_24)
FNDA:2,(anonymous_25)
FNDA:1,(anonymous_26)
DA:26,176
DA:27,176
DA:28,176
DA:29,176
DA:31,176
DA:33,176
DA:34,6
DA:37,176
DA:38,2
DA:41,176
DA:43,11
DA:44,11
DA:49,11
DA:51,11
DA:56,11
DA:58,11
DA:59,11
DA:61,11
DA:62,11
DA:63,11
DA:64,11
DA:78,11
DA:79,1
DA:81,10
DA:82,10
DA:83,1
DA:85,10
DA:86,10
DA:87,10
DA:88,10
DA:89,10
DA:91,10
DA:92,18
DA:93,10
DA:97,1
DA:100,1
DA:103,5
DA:111,10
DA:112,19
DA:113,18
DA:114,8
DA:115,8
DA:116,8
DA:117,8
DA:118,8
DA:121,10
DA:122,10
DA:123,10
DA:124,10
DA:126,10
DA:127,9
DA:128,18
DA:133,8
DA:134,8
DA:135,16
DA:140,8
DA:142,2
DA:143,0
DA:144,0
DA:145,0
DA:151,2
DA:152,2
DA:153,4
DA:164,10
DA:165,10
DA:171,176
DA:173,6
DA:178,6
DA:180,6
DA:185,6
DA:187,6
DA:188,6
DA:189,5
DA:190,6
DA:191,5
DA:192,10
DA:206,6
DA:207,2
DA:208,2
DA:209,5
DA:211,2
DA:214,1
DA:215,1
DA:216,2
DA:222,6
DA:228,176
DA:229,1
DA:232,176
LF:88
LH:85
BRDA:78,0,0,1
BRDA:78,0,1,10
BRDA:78,1,0,11
BRDA:78,1,1,10
BRDA:113,2,0,8
BRDA:113,2,1,10
BRDA:128,3,0,9
BRDA:128,3,1,9
BRDA:135,4,0,8
BRDA:135,4,1,8
BRDA:142,5,0,0
BRDA:142,5,1,2
BRDA:142,6,0,2
BRDA:142,6,1,2
BRDA:145,7,0,0
BRDA:145,7,1,0
BRDA:153,8,0,2
BRDA:153,8,1,2
BRDA:189,9,0,5
BRDA:189,9,1,0
BRDA:192,10,0,5
BRDA:192,10,1,5
BRDA:196,11,0,4
BRDA:196,11,1,1
BRDA:197,12,0,2
BRDA:197,12,1,2
BRDA:206,13,0,2
BRDA:206,13,1,4
BRDA:206,14,0,6
BRDA:206,14,1,2
BRDA:209,15,0,5
BRDA:209,15,1,4
BRDA:216,16,0,1
BRDA:216,16,1,1
BRF:34
BRH:30
end_of_record
TN:
SF:src/shared/renderer/lib/apiClientCore.ts
FN:28,(anonymous_0)
FN:34,createRendererApiClient
FN:35,request
FN:51,(anonymous_3)
FN:59,uploadFile
FN:74,(anonymous_5)
FN:83,(anonymous_6)
FN:90,(anonymous_7)
FN:91,(anonymous_8)
FN:96,(anonymous_9)
FN:101,(anonymous_10)
FN:105,(anonymous_11)
FN:108,(anonymous_12)
FN:114,(anonymous_13)
FN:116,(anonymous_14)
FN:121,(anonymous_15)
FN:125,(anonymous_16)
FN:136,(anonymous_17)
FN:140,(anonymous_18)
FN:145,(anonymous_19)
FN:150,(anonymous_20)
FN:156,(anonymous_21)
FN:161,(anonymous_22)
FN:163,(anonymous_23)
FN:167,(anonymous_24)
FN:171,(anonymous_25)
FN:185,(anonymous_26)
FN:190,(anonymous_27)
FN:191,(anonymous_28)
FN:193,(anonymous_29)
FN:195,(anonymous_30)
FN:202,(anonymous_31)
FN:209,(anonymous_32)
FN:213,(anonymous_33)
FN:214,(anonymous_34)
FN:216,(anonymous_35)
FN:217,(anonymous_36)
FN:224,(anonymous_37)
FN:229,(anonymous_38)
FN:231,(anonymous_39)
FN:235,(anonymous_40)
FNF:41
FNH:28
FNDA:13,(anonymous_0)
FNDA:20,createRendererApiClient
FNDA:134,request
FNDA:1,(anonymous_3)
FNDA:3,uploadFile
FNDA:0,(anonymous_5)
FNDA:4,(anonymous_6)
FNDA:0,(anonymous_7)
FNDA:1,(anonymous_8)
FNDA:0,(anonymous_9)
FNDA:0,(anonymous_10)
FNDA:20,(anonymous_11)
FNDA:2,(anonymous_12)
FNDA:11,(anonymous_13)
FNDA:2,(anonymous_14)
FNDA:1,(anonymous_15)
FNDA:1,(anonymous_16)
FNDA:12,(anonymous_17)
FNDA:2,(anonymous_18)
FNDA:0,(anonymous_19)
FNDA:1,(anonymous_20)
FNDA:4,(anonymous_21)
FNDA:23,(anonymous_22)
FNDA:3,(anonymous_23)
FNDA:1,(anonymous_24)
FNDA:0,(anonymous_25)
FNDA:1,(anonymous_26)
FNDA:2,(anonymous_27)
FNDA:0,(anonymous_28)
FNDA:0,(anonymous_29)
FNDA:0,(anonymous_30)
FNDA:4,(anonymous_31)
FNDA:4,(anonymous_32)
FNDA:26,(anonymous_33)
FNDA:0,(anonymous_34)
FNDA:0,(anonymous_35)
FNDA:0,(anonymous_36)
FNDA:2,(anonymous_37)
FNDA:3,(anonymous_38)
FNDA:2,(anonymous_39)
FNDA:0,(anonymous_40)
DA:29,13
DA:30,13
DA:36,134
DA:41,134
DA:50,134
DA:51,12
DA:52,12
DA:55,122
DA:56,117
DA:60,3
DA:64,3
DA:65,3
DA:67,3
DA:73,3
DA:74,1
DA:75,1
DA:78,2
DA:81,20
DA:84,4
DA:85,4
DA:86,4
DA:87,4
DA:88,4
DA:90,0
DA:92,1
DA:97,0
DA:102,0
DA:106,20
DA:109,2
DA:115,11
DA:117,2
DA:122,1
DA:130,1
DA:137,12
DA:138,12
DA:141,2
DA:146,0
DA:151,1
DA:157,4
DA:162,23
DA:164,3
DA:168,1
DA:176,0
DA:186,1
DA:190,2
DA:192,0
DA:194,0
DA:196,0
DA:203,4
DA:206,4
DA:209,4
DA:213,26
DA:215,0
DA:216,0
DA:218,0
DA:225,2
DA:230,3
DA:232,2
DA:236,0
DA:237,0
DA:241,20
LF:61
LH:48
BRDA:50,0,0,12
BRDA:50,0,1,122
BRDA:52,1,0,12
BRDA:52,1,1,1
BRDA:55,2,0,5
BRDA:55,2,1,117
BRDA:73,3,0,1
BRDA:73,3,1,2
BRDA:75,4,0,1
BRDA:75,4,1,0
BRDA:85,5,0,1
BRDA:85,5,1,3
BRDA:86,6,0,1
BRDA:86,6,1,3
BRDA:88,7,0,1
BRDA:88,7,1,3
BRDA:137,8,0,0
BRDA:137,8,1,12
BRDA:203,9,0,2
BRDA:203,9,1,2
BRDA:209,10,0,3
BRDA:209,10,1,1
BRDA:227,11,0,2
BRDA:227,11,1,2
BRDA:236,12,0,0
BRDA:236,12,1,0
BRF:26
BRH:22
end_of_record
TN:
SF:src/shared/renderer/lib/hooks.ts
FN:6,useDebounce
FN:9,(anonymous_1)
FN:10,(anonymous_2)
FN:11,(anonymous_3)
FN:21,useInfiniteScroll
FN:29,(anonymous_5)
FN:33,(anonymous_6)
FN:38,(anonymous_7)
FN:46,(anonymous_8)
FN:49,(anonymous_9)
FNF:10
FNH:8
FNDA:7,useDebounce
FNDA:5,(anonymous_1)
FNDA:2,(anonymous_2)
FNDA:5,(anonymous_3)
FNDA:2,useInfiniteScroll
FNDA:2,(anonymous_5)
FNDA:1,(anonymous_6)
FNDA:0,(anonymous_7)
FNDA:0,(anonymous_8)
FNDA:2,(anonymous_9)
DA:7,7
DA:9,7
DA:10,5
DA:11,5
DA:14,7
DA:26,2
DA:27,2
DA:29,2
DA:30,2
DA:33,2
DA:34,1
DA:35,1
DA:37,0
DA:39,0
DA:40,0
DA:45,0
DA:46,0
DA:49,2
DA:50,2
DA:51,1
DA:54,2
LF:21
LH:16
BRDA:35,0,0,1
BRDA:35,0,1,0
BRDA:39,1,0,0
BRDA:39,1,1,0
BRDA:39,2,0,0
BRDA:39,2,1,0
BRDA:50,3,0,1
BRDA:50,3,1,1
BRF:8
BRH:3
end_of_record
TN:
SF:src/shared/renderer/lib/momodocSse.ts
FNF:0
FNH:0
LF:0
LH:0
BRF:0
BRH:0
end_of_record
TN:
SF:src/shared/renderer/lib/types.ts
FNF:0
FNH:0
LF:0
LH:0
BRF:0
BRH:0
end_of_record
TN:
SF:src/shared/renderer/lib/utils.ts
FN:12,relativeTime
FN:33,formatSize
FN:51,getFileIcon
FN:63,getPriorityVariant
FN:76,debounce
FN:78,(anonymous_5)
FN:80,(anonymous_6)
FN:82,(anonymous_7)
FNF:8
FNH:8
FNDA:308,relativeTime
FNDA:36,formatSize
FNDA:49,getFileIcon
FNDA:29,getPriorityVariant
FNDA:4,debounce
FNDA:5,(anonymous_5)
FNDA:3,(anonymous_6)
FNDA:1,(anonymous_7)
DA:13,308
DA:14,308
DA:15,308
DA:17,308
DA:18,301
DA:19,301
DA:20,300
DA:21,300
DA:22,299
DA:23,299
DA:24,298
DA:25,298
DA:26,297
DA:27,297
DA:34,36
DA:35,19
DA:36,3
DA:42,5
DA:49,5
DA:52,49
DA:53,44
DA:54,44
DA:55,40
DA:56,34
DA:57,30
DA:64,29
DA:65,1
DA:66,11
DA:67,13
DA:68,2
DA:69,2
DA:78,4
DA:79,5
DA:80,5
DA:82,4
DA:83,4
LF:36
LH:36
BRDA:17,0,0,7
BRDA:17,0,1,301
BRDA:19,1,0,1
BRDA:19,1,1,300
BRDA:21,2,0,1
BRDA:21,2,1,299
BRDA:23,3,0,1
BRDA:23,3,1,298
BRDA:25,4,0,1
BRDA:25,4,1,297
BRDA:34,5,0,17
BRDA:34,5,1,19
BRDA:35,6,0,16
BRDA:35,6,1,3
BRDA:52,7,0,5
BRDA:52,7,1,44
BRDA:54,8,0,4
BRDA:54,8,1,40
BRDA:54,9,0,44
BRDA:54,9,1,41
BRDA:55,10,0,6
BRDA:55,10,1,34
BRDA:56,11,0,4
BRDA:56,11,1,30
BRDA:64,12,0,1
BRDA:64,12,1,11
BRDA:64,12,2,13
BRDA:64,12,3,2
BRDA:64,12,4,2
BRF:29
BRH:29
end_of_record
