{"/Users/mohamedibrahim/momodoc/desktop/src/main/backend-launch.ts": {"path":"/Users/mohamedibrahim/momodoc/desktop/src/main/backend-launch.ts","statementMap":{"0":{"start":{"line":17,"column":2},"end":{"line":22,"column":null}},"1":{"start":{"line":18,"column":4},"end":{"line":18,"column":null}},"2":{"start":{"line":19,"column":4},"end":{"line":19,"column":null}},"3":{"start":{"line":21,"column":4},"end":{"line":21,"column":null}},"4":{"start":{"line":26,"column":2},"end":{"line":30,"column":null}},"5":{"start":{"line":27,"column":4},"end":{"line":27,"column":null}},"6":{"start":{"line":29,"column":4},"end":{"line":29,"column":null}},"7":{"start":{"line":36,"column":40},"end":{"line":36,"column":null}},"8":{"start":{"line":38,"column":2},"end":{"line":72,"column":null}},"9":{"start":{"line":39,"column":24},"end":{"line":39,"column":null}},"10":{"start":{"line":40,"column":23},"end":{"line":40,"column":null}},"11":{"start":{"line":42,"column":4},"end":{"line":71,"column":null}},"12":{"start":{"line":43,"column":26},"end":{"line":43,"column":null}},"13":{"start":{"line":44,"column":6},"end":{"line":51,"column":null}},"14":{"start":{"line":45,"column":8},"end":{"line":50,"column":null}},"15":{"start":{"line":52,"column":25},"end":{"line":52,"column":null}},"16":{"start":{"line":53,"column":6},"end":{"line":60,"column":null}},"17":{"start":{"line":54,"column":8},"end":{"line":59,"column":null}},"18":{"start":{"line":62,"column":25},"end":{"line":62,"column":null}},"19":{"start":{"line":63,"column":6},"end":{"line":70,"column":null}},"20":{"start":{"line":64,"column":8},"end":{"line":69,"column":null}},"21":{"start":{"line":74,"column":2},"end":{"line":78,"column":null}}},"fnMap":{"0":{"name":"isExecutableFile","decl":{"start":{"line":16,"column":9},"end":{"line":16,"column":26}},"loc":{"start":{"line":16,"column":53},"end":{"line":23,"column":null}},"line":16},"1":{"name":"fileExists","decl":{"start":{"line":25,"column":9},"end":{"line":25,"column":20}},"loc":{"start":{"line":25,"column":47},"end":{"line":31,"column":null}},"line":25},"2":{"name":"resolveBackendLaunchCommand","decl":{"start":{"line":33,"column":16},"end":{"line":33,"column":null}},"loc":{"start":{"line":35,"column":24},"end":{"line":79,"column":null}},"line":35}},"branchMap":{"0":{"loc":{"start":{"line":38,"column":2},"end":{"line":72,"column":null}},"type":"if","locations":[{"start":{"line":38,"column":2},"end":{"line":72,"column":null}},{"start":{},"end":{}}],"line":38},"1":{"loc":{"start":{"line":42,"column":4},"end":{"line":71,"column":null}},"type":"if","locations":[{"start":{"line":42,"column":4},"end":{"line":71,"column":null}},{"start":{"line":61,"column":11},"end":{"line":71,"column":null}}],"line":42},"2":{"loc":{"start":{"line":44,"column":6},"end":{"line":51,"column":null}},"type":"if","locations":[{"start":{"line":44,"column":6},"end":{"line":51,"column":null}},{"start":{},"end":{}}],"line":44},"3":{"loc":{"start":{"line":53,"column":6},"end":{"line":60,"column":null}},"type":"if","locations":[{"start":{"line":53,"column":6},"end":{"line":60,"column":null}},{"start":{},"end":{}}],"line":53},"4":{"loc":{"start":{"line":63,"column":6},"end":{"line":70,"column":null}},"type":"if","locations":[{"start":{"line":63,"column":6},"end":{"line":70,"column":null}},{"start":{},"end":{}}],"line":63},"5":{"loc":{"start":{"line":63,"column":10},"end":{"line":63,"column":66}},"type":"binary-expr","locations":[{"start":{"line":63,"column":10},"end":{"line":63,"column":42}},{"start":{"line":63,"column":42},"end":{"line":63,"column":66}}],"line":63}},"s":{"0":2,"1":2,"2":2,"3":1,"4":1,"5":1,"6":0,"7":3,"8":3,"9":2,"10":2,"11":2,"12":0,"13":0,"14":0,"15":0,"16":0,"17":0,"18":2,"19":2,"20":1,"21":2},"f":{"0":2,"1":1,"2":3},"b":{"0":[2,1],"1":[0,2],"2":[0,0],"3":[0,0],"4":[1,1],"5":[2,1]},"meta":{"lastBranch":6,"lastFunction":3,"lastStatement":22,"seen":{"f:16:9:16:26":0,"s:17:2:22:Infinity":0,"s:18:4:18:Infinity":1,"s:19:4:19:Infinity":2,"s:21:4:21:Infinity":3,"f:25:9:25:20":1,"s:26:2:30:Infinity":4,"s:27:4:27:Infinity":5,"s:29:4:29:Infinity":6,"f:33:16:33:Infinity":2,"s:36:40:36:Infinity":7,"b:38:2:72:Infinity:undefined:undefined:undefined:undefined":0,"s:38:2:72:Infinity":8,"s:39:24:39:Infinity":9,"s:40:23:40:Infinity":10,"b:42:4:71:Infinity:61:11:71:Infinity":1,"s:42:4:71:Infinity":11,"s:43:26:43:Infinity":12,"b:44:6:51:Infinity:undefined:undefined:undefined:undefined":2,"s:44:6:51:Infinity":13,"s:45:8:50:Infinity":14,"s:52:25:52:Infinity":15,"b:53:6:60:Infinity:undefined:undefined:undefined:undefined":3,"s:53:6:60:Infinity":16,"s:54:8:59:Infinity":17,"s:62:25:62:Infinity":18,"b:63:6:70:Infinity:undefined:undefined:undefined:undefined":4,"s:63:6:70:Infinity":19,"b:63:10:63:42:63:42:63:66":5,"s:64:8:69:Infinity":20,"s:74:2:78:Infinity":21}}}
,"/Users/mohamedibrahim/momodoc/desktop/src/main/diagnostics-report.ts": {"path":"/Users/mohamedibrahim/momodoc/desktop/src/main/diagnostics-report.ts","statementMap":{"0":{"start":{"line":23,"column":2},"end":{"line":23,"column":null}},"1":{"start":{"line":29,"column":2},"end":{"line":63,"column":null}},"2":{"start":{"line":69,"column":2},"end":{"line":84,"column":null}},"3":{"start":{"line":91,"column":24},"end":{"line":95,"column":null}},"4":{"start":{"line":92,"column":21},"end":{"line":92,"column":null}},"5":{"start":{"line":93,"column":23},"end":{"line":93,"column":null}},"6":{"start":{"line":94,"column":4},"end":{"line":94,"column":null}},"7":{"start":{"line":97,"column":25},"end":{"line":99,"column":null}},"8":{"start":{"line":101,"column":2},"end":{"line":138,"column":null}}},"fnMap":{"0":{"name":"secretSummary","decl":{"start":{"line":22,"column":9},"end":{"line":22,"column":23}},"loc":{"start":{"line":22,"column":46},"end":{"line":24,"column":null}},"line":22},"1":{"name":"buildProviderDiagnosticsStatuses","decl":{"start":{"line":26,"column":16},"end":{"line":26,"column":null}},"loc":{"start":{"line":28,"column":31},"end":{"line":64,"column":null}},"line":28},"2":{"name":"buildRedactedSettingsSummary","decl":{"start":{"line":66,"column":16},"end":{"line":66,"column":null}},"loc":{"start":{"line":68,"column":27},"end":{"line":85,"column":null}},"line":68},"3":{"name":"formatDiagnosticsReport","decl":{"start":{"line":87,"column":16},"end":{"line":87,"column":null}},"loc":{"start":{"line":90,"column":10},"end":{"line":139,"column":null}},"line":90},"4":{"name":"(anonymous_4)","decl":{"start":{"line":91,"column":47},"end":{"line":91,"column":48}},"loc":{"start":{"line":91,"column":61},"end":{"line":95,"column":3}},"line":91}},"branchMap":{"0":{"loc":{"start":{"line":23,"column":9},"end":{"line":23,"column":null}},"type":"cond-expr","locations":[{"start":{"line":23,"column":24},"end":{"line":23,"column":45}},{"start":{"line":23,"column":45},"end":{"line":23,"column":null}}],"line":23},"1":{"loc":{"start":{"line":34,"column":14},"end":{"line":36,"column":null}},"type":"cond-expr","locations":[{"start":{"line":35,"column":10},"end":{"line":35,"column":null}},{"start":{"line":36,"column":10},"end":{"line":36,"column":null}}],"line":34},"2":{"loc":{"start":{"line":35,"column":32},"end":{"line":35,"column":63}},"type":"binary-expr","locations":[{"start":{"line":35,"column":32},"end":{"line":35,"column":54}},{"start":{"line":35,"column":54},"end":{"line":35,"column":63}}],"line":35},"3":{"loc":{"start":{"line":42,"column":14},"end":{"line":44,"column":null}},"type":"cond-expr","locations":[{"start":{"line":43,"column":10},"end":{"line":43,"column":null}},{"start":{"line":44,"column":10},"end":{"line":44,"column":null}}],"line":42},"4":{"loc":{"start":{"line":43,"column":32},"end":{"line":43,"column":63}},"type":"binary-expr","locations":[{"start":{"line":43,"column":32},"end":{"line":43,"column":54}},{"start":{"line":43,"column":54},"end":{"line":43,"column":63}}],"line":43},"5":{"loc":{"start":{"line":50,"column":14},"end":{"line":52,"column":null}},"type":"cond-expr","locations":[{"start":{"line":51,"column":10},"end":{"line":51,"column":null}},{"start":{"line":52,"column":10},"end":{"line":52,"column":null}}],"line":50},"6":{"loc":{"start":{"line":51,"column":32},"end":{"line":51,"column":63}},"type":"binary-expr","locations":[{"start":{"line":51,"column":32},"end":{"line":51,"column":54}},{"start":{"line":51,"column":54},"end":{"line":51,"column":63}}],"line":51},"7":{"loc":{"start":{"line":57,"column":26},"end":{"line":57,"column":82}},"type":"binary-expr","locations":[{"start":{"line":57,"column":26},"end":{"line":57,"column":57}},{"start":{"line":57,"column":57},"end":{"line":57,"column":82}}],"line":57},"8":{"loc":{"start":{"line":59,"column":8},"end":{"line":61,"column":null}},"type":"cond-expr","locations":[{"start":{"line":60,"column":12},"end":{"line":60,"column":null}},{"start":{"line":61,"column":12},"end":{"line":61,"column":null}}],"line":59},"9":{"loc":{"start":{"line":59,"column":8},"end":{"line":59,"column":null}},"type":"binary-expr","locations":[{"start":{"line":59,"column":8},"end":{"line":59,"column":39}},{"start":{"line":59,"column":39},"end":{"line":59,"column":null}}],"line":59},"10":{"loc":{"start":{"line":79,"column":21},"end":{"line":79,"column":null}},"type":"binary-expr","locations":[{"start":{"line":79,"column":21},"end":{"line":79,"column":39}},{"start":{"line":79,"column":39},"end":{"line":79,"column":null}}],"line":79},"11":{"loc":{"start":{"line":80,"column":28},"end":{"line":82,"column":null}},"type":"cond-expr","locations":[{"start":{"line":81,"column":8},"end":{"line":81,"column":null}},{"start":{"line":82,"column":8},"end":{"line":82,"column":null}}],"line":80},"12":{"loc":{"start":{"line":92,"column":21},"end":{"line":92,"column":null}},"type":"cond-expr","locations":[{"start":{"line":92,"column":41},"end":{"line":92,"column":57}},{"start":{"line":92,"column":57},"end":{"line":92,"column":null}}],"line":92},"13":{"loc":{"start":{"line":93,"column":23},"end":{"line":93,"column":null}},"type":"cond-expr","locations":[{"start":{"line":93,"column":45},"end":{"line":93,"column":60}},{"start":{"line":93,"column":60},"end":{"line":93,"column":null}}],"line":93},"14":{"loc":{"start":{"line":97,"column":25},"end":{"line":99,"column":null}},"type":"cond-expr","locations":[{"start":{"line":98,"column":6},"end":{"line":98,"column":null}},{"start":{"line":99,"column":6},"end":{"line":99,"column":null}}],"line":97},"15":{"loc":{"start":{"line":98,"column":60},"end":{"line":98,"column":90}},"type":"binary-expr","locations":[{"start":{"line":98,"column":60},"end":{"line":98,"column":85}},{"start":{"line":98,"column":85},"end":{"line":98,"column":90}}],"line":98},"16":{"loc":{"start":{"line":99,"column":62},"end":{"line":99,"column":92}},"type":"binary-expr","locations":[{"start":{"line":99,"column":62},"end":{"line":99,"column":87}},{"start":{"line":99,"column":87},"end":{"line":99,"column":92}}],"line":99},"17":{"loc":{"start":{"line":99,"column":103},"end":{"line":99,"column":134}},"type":"binary-expr","locations":[{"start":{"line":99,"column":103},"end":{"line":99,"column":129}},{"start":{"line":99,"column":129},"end":{"line":99,"column":134}}],"line":99},"18":{"loc":{"start":{"line":109,"column":25},"end":{"line":109,"column":59}},"type":"cond-expr","locations":[{"start":{"line":109,"column":47},"end":{"line":109,"column":55}},{"start":{"line":109,"column":55},"end":{"line":109,"column":59}}],"line":109},"19":{"loc":{"start":{"line":117,"column":21},"end":{"line":117,"column":56}},"type":"binary-expr","locations":[{"start":{"line":117,"column":21},"end":{"line":117,"column":51}},{"start":{"line":117,"column":51},"end":{"line":117,"column":56}}],"line":117},"20":{"loc":{"start":{"line":134,"column":16},"end":{"line":134,"column":57}},"type":"cond-expr","locations":[{"start":{"line":134,"column":41},"end":{"line":134,"column":50}},{"start":{"line":134,"column":50},"end":{"line":134,"column":57}}],"line":134}},"s":{"0":3,"1":1,"2":1,"3":1,"4":4,"5":4,"6":4,"7":1,"8":1},"f":{"0":3,"1":1,"2":1,"3":1,"4":4},"b":{"0":[3,0],"1":[1,0],"2":[1,0],"3":[1,0],"4":[1,0],"5":[1,0],"6":[1,0],"7":[1,1],"8":[1,0],"9":[1,1],"10":[1,0],"11":[1,0],"12":[1,3],"13":[4,0],"14":[1,0],"15":[1,0],"16":[0,0],"17":[0,0],"18":[1,0],"19":[1,0],"20":[0,1]},"meta":{"lastBranch":21,"lastFunction":5,"lastStatement":9,"seen":{"f:22:9:22:23":0,"s:23:2:23:Infinity":0,"b:23:24:23:45:23:45:23:Infinity":0,"f:26:16:26:Infinity":1,"s:29:2:63:Infinity":1,"b:35:10:35:Infinity:36:10:36:Infinity":1,"b:35:32:35:54:35:54:35:63":2,"b:43:10:43:Infinity:44:10:44:Infinity":3,"b:43:32:43:54:43:54:43:63":4,"b:51:10:51:Infinity:52:10:52:Infinity":5,"b:51:32:51:54:51:54:51:63":6,"b:57:26:57:57:57:57:57:82":7,"b:60:12:60:Infinity:61:12:61:Infinity":8,"b:59:8:59:39:59:39:59:Infinity":9,"f:66:16:66:Infinity":2,"s:69:2:84:Infinity":2,"b:79:21:79:39:79:39:79:Infinity":10,"b:81:8:81:Infinity:82:8:82:Infinity":11,"f:87:16:87:Infinity":3,"s:91:24:95:Infinity":3,"f:91:47:91:48":4,"s:92:21:92:Infinity":4,"b:92:41:92:57:92:57:92:Infinity":12,"s:93:23:93:Infinity":5,"b:93:45:93:60:93:60:93:Infinity":13,"s:94:4:94:Infinity":6,"s:97:25:99:Infinity":7,"b:98:6:98:Infinity:99:6:99:Infinity":14,"b:98:60:98:85:98:85:98:90":15,"b:99:62:99:87:99:87:99:92":16,"b:99:103:99:129:99:129:99:134":17,"s:101:2:138:Infinity":8,"b:109:47:109:55:109:55:109:59":18,"b:117:21:117:51:117:51:117:56":19,"b:134:41:134:50:134:50:134:57":20}}}
,"/Users/mohamedibrahim/momodoc/desktop/src/main/startup-profile-runtime.ts": {"path":"/Users/mohamedibrahim/momodoc/desktop/src/main/startup-profile-runtime.ts","statementMap":{"0":{"start":{"line":18,"column":29},"end":{"line":18,"column":null}},"1":{"start":{"line":19,"column":18},"end":{"line":21,"column":null}},"2":{"start":{"line":23,"column":2},"end":{"line":36,"column":null}},"3":{"start":{"line":25,"column":4},"end":{"line":27,"column":null}},"4":{"start":{"line":26,"column":6},"end":{"line":26,"column":null}},"5":{"start":{"line":29,"column":4},"end":{"line":35,"column":null}},"6":{"start":{"line":30,"column":6},"end":{"line":30,"column":null}},"7":{"start":{"line":31,"column":6},"end":{"line":33,"column":null}},"8":{"start":{"line":34,"column":6},"end":{"line":34,"column":null}},"9":{"start":{"line":39,"column":4},"end":{"line":43,"column":null}},"10":{"start":{"line":45,"column":2},"end":{"line":50,"column":null}},"11":{"start":{"line":46,"column":4},"end":{"line":48,"column":null}},"12":{"start":{"line":49,"column":4},"end":{"line":49,"column":null}},"13":{"start":{"line":52,"column":2},"end":{"line":52,"column":null}}},"fnMap":{"0":{"name":"resolveEffectiveStartupProfile","decl":{"start":{"line":12,"column":16},"end":{"line":12,"column":null}},"loc":{"start":{"line":17,"column":33},"end":{"line":53,"column":null}},"line":17}},"branchMap":{"0":{"loc":{"start":{"line":23,"column":2},"end":{"line":36,"column":null}},"type":"if","locations":[{"start":{"line":23,"column":2},"end":{"line":36,"column":null}},{"start":{},"end":{}}],"line":23},"1":{"loc":{"start":{"line":25,"column":4},"end":{"line":27,"column":null}},"type":"if","locations":[{"start":{"line":25,"column":4},"end":{"line":27,"column":null}},{"start":{},"end":{}}],"line":25},"2":{"loc":{"start":{"line":29,"column":4},"end":{"line":35,"column":null}},"type":"if","locations":[{"start":{"line":29,"column":4},"end":{"line":35,"column":null}},{"start":{},"end":{}}],"line":29},"3":{"loc":{"start":{"line":39,"column":4},"end":{"line":43,"column":null}},"type":"binary-expr","locations":[{"start":{"line":39,"column":4},"end":{"line":39,"column":null}},{"start":{"line":40,"column":4},"end":{"line":40,"column":null}},{"start":{"line":41,"column":4},"end":{"line":41,"column":null}},{"start":{"line":42,"column":4},"end":{"line":42,"column":null}},{"start":{"line":43,"column":4},"end":{"line":43,"column":null}}],"line":39},"4":{"loc":{"start":{"line":45,"column":2},"end":{"line":50,"column":null}},"type":"if","locations":[{"start":{"line":45,"column":2},"end":{"line":50,"column":null}},{"start":{},"end":{}}],"line":45}},"s":{"0":3,"1":3,"2":3,"3":2,"4":1,"5":2,"6":1,"7":1,"8":1,"9":3,"10":3,"11":1,"12":1,"13":3},"f":{"0":3},"b":{"0":[2,1],"1":[1,1],"2":[1,1],"3":[3,2,1,1,1],"4":[1,2]},"meta":{"lastBranch":5,"lastFunction":1,"lastStatement":14,"seen":{"f:12:16:12:Infinity":0,"s:18:29:18:Infinity":0,"s:19:18:21:Infinity":1,"b:23:2:36:Infinity:undefined:undefined:undefined:undefined":0,"s:23:2:36:Infinity":2,"b:25:4:27:Infinity:undefined:undefined:undefined:undefined":1,"s:25:4:27:Infinity":3,"s:26:6:26:Infinity":4,"b:29:4:35:Infinity:undefined:undefined:undefined:undefined":2,"s:29:4:35:Infinity":5,"s:30:6:30:Infinity":6,"s:31:6:33:Infinity":7,"s:34:6:34:Infinity":8,"s:39:4:43:Infinity":9,"b:39:4:39:Infinity:40:4:40:Infinity:41:4:41:Infinity:42:4:42:Infinity:43:4:43:Infinity":3,"b:45:2:50:Infinity:undefined:undefined:undefined:undefined":4,"s:45:2:50:Infinity":10,"s:46:4:48:Infinity":11,"s:49:4:49:Infinity":12,"s:52:2:52:Infinity":13}}}
,"/Users/mohamedibrahim/momodoc/desktop/src/renderer/components/new/SettingsPanel.tsx": {"path":"/Users/mohamedibrahim/momodoc/desktop/src/renderer/components/new/SettingsPanel.tsx","statementMap":{"0":{"start":{"line":44,"column":2},"end":{"line":44,"column":null}},"1":{"start":{"line":46,"column":2},"end":{"line":52,"column":null}},"2":{"start":{"line":47,"column":4},"end":{"line":50,"column":null}},"3":{"start":{"line":54,"column":2},"end":{"line":130,"column":null}},"4":{"start":{"line":64,"column":29},"end":{"line":64,"column":null}}},"fnMap":{"0":{"name":"SettingsPanel","decl":{"start":{"line":19,"column":16},"end":{"line":19,"column":32}},"loc":{"start":{"line":19,"column":32},"end":{"line":132,"column":null}},"line":19},"1":{"name":"(anonymous_1)","decl":{"start":{"line":64,"column":23},"end":{"line":64,"column":29}},"loc":{"start":{"line":64,"column":29},"end":{"line":64,"column":null}},"line":64}},"branchMap":{"0":{"loc":{"start":{"line":46,"column":2},"end":{"line":52,"column":null}},"type":"if","locations":[{"start":{"line":46,"column":2},"end":{"line":52,"column":null}},{"start":{},"end":{}}],"line":46},"1":{"loc":{"start":{"line":46,"column":6},"end":{"line":46,"column":28}},"type":"binary-expr","locations":[{"start":{"line":46,"column":6},"end":{"line":46,"column":17}},{"start":{"line":46,"column":17},"end":{"line":46,"column":28}}],"line":46},"2":{"loc":{"start":{"line":59,"column":11},"end":{"line":59,"column":null}},"type":"binary-expr","locations":[{"start":{"line":59,"column":11},"end":{"line":59,"column":21}},{"start":{"line":59,"column":21},"end":{"line":59,"column":null}}],"line":59},"3":{"loc":{"start":{"line":60,"column":11},"end":{"line":78,"column":null}},"type":"binary-expr","locations":[{"start":{"line":60,"column":11},"end":{"line":60,"column":null}},{"start":{"line":61,"column":12},"end":{"line":78,"column":null}}],"line":60},"4":{"loc":{"start":{"line":67,"column":15},"end":{"line":76,"column":null}},"type":"cond-expr","locations":[{"start":{"line":68,"column":16},"end":{"line":71,"column":null}},{"start":{"line":73,"column":16},"end":{"line":76,"column":null}}],"line":67},"5":{"loc":{"start":{"line":83,"column":7},"end":{"line":87,"column":null}},"type":"binary-expr","locations":[{"start":{"line":83,"column":7},"end":{"line":83,"column":null}},{"start":{"line":84,"column":8},"end":{"line":87,"column":null}}],"line":83},"6":{"loc":{"start":{"line":121,"column":20},"end":{"line":121,"column":null}},"type":"binary-expr","locations":[{"start":{"line":121,"column":20},"end":{"line":121,"column":55}},{"start":{"line":121,"column":55},"end":{"line":121,"column":null}}],"line":121}},"s":{"0":4,"1":4,"2":1,"3":3,"4":0},"f":{"0":4,"1":0},"b":{"0":[1,3],"1":[4,3],"2":[3,0],"3":[4,1],"4":[0,1],"5":[4,1],"6":[4,3]},"meta":{"lastBranch":7,"lastFunction":2,"lastStatement":5,"seen":{"f:19:16:19:32":0,"s:44:2:44:Infinity":0,"b:46:2:52:Infinity:undefined:undefined:undefined:undefined":0,"s:46:2:52:Infinity":1,"b:46:6:46:17:46:17:46:28":1,"s:47:4:50:Infinity":2,"s:54:2:130:Infinity":3,"b:59:11:59:21:59:21:59:Infinity":2,"b:60:11:60:Infinity:61:12:78:Infinity":3,"f:64:23:64:29":1,"s:64:29:64:Infinity":4,"b:68:16:71:Infinity:73:16:76:Infinity":4,"b:83:7:83:Infinity:84:8:87:Infinity":5,"b:121:20:121:55:121:55:121:Infinity":6}}}
,"/Users/mohamedibrahim/momodoc/desktop/src/renderer/components/new/settings/desktopSettingsController.ts": {"path":"/Users/mohamedibrahim/momodoc/desktop/src/renderer/components/new/settings/desktopSettingsController.ts","statementMap":{"0":{"start":{"line":6,"column":49},"end":{"line":6,"column":null}},"1":{"start":{"line":32,"column":21},"end":{"line":32,"column":null}},"2":{"start":{"line":34,"column":4},"end":{"line":35,"column":null}},"3":{"start":{"line":35,"column":28},"end":{"line":35,"column":null}},"4":{"start":{"line":37,"column":4},"end":{"line":38,"column":null}},"5":{"start":{"line":38,"column":17},"end":{"line":38,"column":null}},"6":{"start":{"line":40,"column":42},"end":{"line":40,"column":null}},"7":{"start":{"line":41,"column":34},"end":{"line":41,"column":null}},"8":{"start":{"line":42,"column":24},"end":{"line":42,"column":null}},"9":{"start":{"line":43,"column":44},"end":{"line":43,"column":null}},"10":{"start":{"line":45,"column":32},"end":{"line":47,"column":null}},"11":{"start":{"line":46,"column":4},"end":{"line":46,"column":null}},"12":{"start":{"line":49,"column":16},"end":{"line":73,"column":null}},"13":{"start":{"line":50,"column":4},"end":{"line":55,"column":null}},"14":{"start":{"line":51,"column":6},"end":{"line":51,"column":null}},"15":{"start":{"line":52,"column":6},"end":{"line":54,"column":null}},"16":{"start":{"line":53,"column":8},"end":{"line":53,"column":null}},"17":{"start":{"line":57,"column":4},"end":{"line":59,"column":null}},"18":{"start":{"line":58,"column":6},"end":{"line":58,"column":null}},"19":{"start":{"line":61,"column":19},"end":{"line":61,"column":null}},"20":{"start":{"line":62,"column":4},"end":{"line":62,"column":null}},"21":{"start":{"line":64,"column":21},"end":{"line":64,"column":null}},"22":{"start":{"line":65,"column":25},"end":{"line":69,"column":null}},"23":{"start":{"line":66,"column":6},"end":{"line":68,"column":null}},"24":{"start":{"line":67,"column":8},"end":{"line":67,"column":null}},"25":{"start":{"line":70,"column":4},"end":{"line":70,"column":null}},"26":{"start":{"line":72,"column":4},"end":{"line":72,"column":null}},"27":{"start":{"line":75,"column":24},"end":{"line":85,"column":null}},"28":{"start":{"line":76,"column":4},"end":{"line":78,"column":null}},"29":{"start":{"line":77,"column":6},"end":{"line":77,"column":null}},"30":{"start":{"line":79,"column":4},"end":{"line":84,"column":null}},"31":{"start":{"line":80,"column":6},"end":{"line":80,"column":null}},"32":{"start":{"line":81,"column":6},"end":{"line":83,"column":null}},"33":{"start":{"line":82,"column":8},"end":{"line":82,"column":null}},"34":{"start":{"line":87,"column":2},"end":{"line":121,"column":null}},"35":{"start":{"line":89,"column":6},"end":{"line":91,"column":null}},"36":{"start":{"line":90,"column":8},"end":{"line":90,"column":null}},"37":{"start":{"line":93,"column":6},"end":{"line":93,"column":null}},"38":{"start":{"line":94,"column":6},"end":{"line":94,"column":null}},"39":{"start":{"line":96,"column":6},"end":{"line":99,"column":null}},"40":{"start":{"line":97,"column":8},"end":{"line":97,"column":null}},"41":{"start":{"line":98,"column":8},"end":{"line":98,"column":null}},"42":{"start":{"line":102,"column":6},"end":{"line":102,"column":null}},"43":{"start":{"line":105,"column":6},"end":{"line":108,"column":null}},"44":{"start":{"line":106,"column":8},"end":{"line":106,"column":null}},"45":{"start":{"line":107,"column":8},"end":{"line":107,"column":null}},"46":{"start":{"line":109,"column":6},"end":{"line":109,"column":null}},"47":{"start":{"line":112,"column":6},"end":{"line":112,"column":null}},"48":{"start":{"line":115,"column":6},"end":{"line":117,"column":null}},"49":{"start":{"line":116,"column":8},"end":{"line":116,"column":null}},"50":{"start":{"line":118,"column":6},"end":{"line":118,"column":null}},"51":{"start":{"line":119,"column":6},"end":{"line":119,"column":null}}},"fnMap":{"0":{"name":"createDesktopSettingsController","decl":{"start":{"line":29,"column":16},"end":{"line":29,"column":null}},"loc":{"start":{"line":31,"column":29},"end":{"line":122,"column":null}},"line":31},"1":{"name":"(anonymous_1)","decl":{"start":{"line":35,"column":5},"end":{"line":35,"column":6}},"loc":{"start":{"line":35,"column":28},"end":{"line":35,"column":null}},"line":35},"2":{"name":"(anonymous_2)","decl":{"start":{"line":38,"column":5},"end":{"line":38,"column":6}},"loc":{"start":{"line":38,"column":17},"end":{"line":38,"column":null}},"line":38},"3":{"name":"(anonymous_3)","decl":{"start":{"line":45,"column":32},"end":{"line":45,"column":33}},"loc":{"start":{"line":45,"column":55},"end":{"line":47,"column":null}},"line":45},"4":{"name":"(anonymous_4)","decl":{"start":{"line":49,"column":16},"end":{"line":49,"column":43}},"loc":{"start":{"line":49,"column":43},"end":{"line":73,"column":null}},"line":49},"5":{"name":"(anonymous_5)","decl":{"start":{"line":65,"column":42},"end":{"line":65,"column":48}},"loc":{"start":{"line":65,"column":48},"end":{"line":69,"column":5}},"line":65},"6":{"name":"(anonymous_6)","decl":{"start":{"line":75,"column":24},"end":{"line":75,"column":30}},"loc":{"start":{"line":75,"column":30},"end":{"line":85,"column":null}},"line":75},"7":{"name":"(anonymous_7)","decl":{"start":{"line":79,"column":21},"end":{"line":79,"column":27}},"loc":{"start":{"line":79,"column":27},"end":{"line":84,"column":7}},"line":79},"8":{"name":"(anonymous_8)","decl":{"start":{"line":81,"column":25},"end":{"line":81,"column":26}},"loc":{"start":{"line":81,"column":36},"end":{"line":83,"column":7}},"line":81},"9":{"name":"(anonymous_9)","decl":{"start":{"line":88,"column":4},"end":{"line":88,"column":11}},"loc":{"start":{"line":88,"column":20},"end":{"line":100,"column":null}},"line":88},"10":{"name":"(anonymous_10)","decl":{"start":{"line":101,"column":10},"end":{"line":101,"column":18}},"loc":{"start":{"line":101,"column":18},"end":{"line":103,"column":null}},"line":101},"11":{"name":"(anonymous_11)","decl":{"start":{"line":104,"column":10},"end":{"line":104,"column":20}},"loc":{"start":{"line":104,"column":20},"end":{"line":110,"column":null}},"line":104},"12":{"name":"(anonymous_12)","decl":{"start":{"line":111,"column":4},"end":{"line":111,"column":24}},"loc":{"start":{"line":111,"column":24},"end":{"line":113,"column":null}},"line":111},"13":{"name":"(anonymous_13)","decl":{"start":{"line":114,"column":4},"end":{"line":114,"column":27}},"loc":{"start":{"line":114,"column":27},"end":{"line":120,"column":null}},"line":114}},"branchMap":{"0":{"loc":{"start":{"line":32,"column":21},"end":{"line":32,"column":null}},"type":"binary-expr","locations":[{"start":{"line":32,"column":21},"end":{"line":32,"column":43}},{"start":{"line":32,"column":43},"end":{"line":32,"column":null}}],"line":32},"1":{"loc":{"start":{"line":34,"column":4},"end":{"line":35,"column":null}},"type":"binary-expr","locations":[{"start":{"line":34,"column":4},"end":{"line":34,"column":null}},{"start":{"line":35,"column":5},"end":{"line":35,"column":null}}],"line":34},"2":{"loc":{"start":{"line":37,"column":4},"end":{"line":38,"column":null}},"type":"binary-expr","locations":[{"start":{"line":37,"column":4},"end":{"line":37,"column":null}},{"start":{"line":38,"column":5},"end":{"line":38,"column":null}}],"line":37},"3":{"loc":{"start":{"line":50,"column":4},"end":{"line":55,"column":null}},"type":"if","locations":[{"start":{"line":50,"column":4},"end":{"line":55,"column":null}},{"start":{},"end":{}}],"line":50},"4":{"loc":{"start":{"line":52,"column":6},"end":{"line":54,"column":null}},"type":"if","locations":[{"start":{"line":52,"column":6},"end":{"line":54,"column":null}},{"start":{},"end":{}}],"line":52},"5":{"loc":{"start":{"line":57,"column":4},"end":{"line":59,"column":null}},"type":"if","locations":[{"start":{"line":57,"column":4},"end":{"line":59,"column":null}},{"start":{},"end":{}}],"line":57},"6":{"loc":{"start":{"line":66,"column":6},"end":{"line":68,"column":null}},"type":"if","locations":[{"start":{"line":66,"column":6},"end":{"line":68,"column":null}},{"start":{},"end":{}}],"line":66},"7":{"loc":{"start":{"line":76,"column":4},"end":{"line":78,"column":null}},"type":"if","locations":[{"start":{"line":76,"column":4},"end":{"line":78,"column":null}},{"start":{},"end":{}}],"line":76},"8":{"loc":{"start":{"line":89,"column":6},"end":{"line":91,"column":null}},"type":"if","locations":[{"start":{"line":89,"column":6},"end":{"line":91,"column":null}},{"start":{},"end":{}}],"line":89},"9":{"loc":{"start":{"line":96,"column":6},"end":{"line":99,"column":null}},"type":"if","locations":[{"start":{"line":96,"column":6},"end":{"line":99,"column":null}},{"start":{},"end":{}}],"line":96},"10":{"loc":{"start":{"line":96,"column":10},"end":{"line":96,"column":69}},"type":"binary-expr","locations":[{"start":{"line":96,"column":10},"end":{"line":96,"column":30}},{"start":{"line":96,"column":11},"end":{"line":96,"column":69}}],"line":96},"11":{"loc":{"start":{"line":105,"column":6},"end":{"line":108,"column":null}},"type":"if","locations":[{"start":{"line":105,"column":6},"end":{"line":108,"column":null}},{"start":{},"end":{}}],"line":105},"12":{"loc":{"start":{"line":115,"column":6},"end":{"line":117,"column":null}},"type":"if","locations":[{"start":{"line":115,"column":6},"end":{"line":117,"column":null}},{"start":{},"end":{}}],"line":115}},"s":{"0":1,"1":3,"2":3,"3":0,"4":3,"5":0,"6":3,"7":3,"8":3,"9":3,"10":3,"11":4,"12":3,"13":2,"14":0,"15":0,"16":0,"17":2,"18":0,"19":2,"20":2,"21":2,"22":2,"23":2,"24":2,"25":2,"26":2,"27":3,"28":5,"29":2,"30":5,"31":1,"32":1,"33":0,"34":3,"35":5,"36":0,"37":5,"38":5,"39":5,"40":3,"41":3,"42":0,"43":1,"44":1,"45":1,"46":1,"47":3,"48":1,"49":0,"50":1,"51":1},"f":{"0":3,"1":0,"2":0,"3":4,"4":2,"5":2,"6":5,"7":1,"8":0,"9":5,"10":0,"11":1,"12":3,"13":1},"b":{"0":[3,3],"1":[3,0],"2":[3,0],"3":[0,2],"4":[0,0],"5":[0,2],"6":[2,0],"7":[2,3],"8":[0,5],"9":[3,2],"10":[5,4],"11":[1,0],"12":[0,1]},"meta":{"lastBranch":13,"lastFunction":14,"lastStatement":52,"seen":{"s:6:49:6:Infinity":0,"f:29:16:29:Infinity":0,"s:32:21:32:Infinity":1,"b:32:21:32:43:32:43:32:Infinity":0,"s:34:4:35:Infinity":2,"b:34:4:34:Infinity:35:5:35:Infinity":1,"f:35:5:35:6":1,"s:35:28:35:Infinity":3,"s:37:4:38:Infinity":4,"b:37:4:37:Infinity:38:5:38:Infinity":2,"f:38:5:38:6":2,"s:38:17:38:Infinity":5,"s:40:42:40:Infinity":6,"s:41:34:41:Infinity":7,"s:42:24:42:Infinity":8,"s:43:44:43:Infinity":9,"s:45:32:47:Infinity":10,"f:45:32:45:33":3,"s:46:4:46:Infinity":11,"s:49:16:73:Infinity":12,"f:49:16:49:43":4,"b:50:4:55:Infinity:undefined:undefined:undefined:undefined":3,"s:50:4:55:Infinity":13,"s:51:6:51:Infinity":14,"b:52:6:54:Infinity:undefined:undefined:undefined:undefined":4,"s:52:6:54:Infinity":15,"s:53:8:53:Infinity":16,"b:57:4:59:Infinity:undefined:undefined:undefined:undefined":5,"s:57:4:59:Infinity":17,"s:58:6:58:Infinity":18,"s:61:19:61:Infinity":19,"s:62:4:62:Infinity":20,"s:64:21:64:Infinity":21,"s:65:25:69:Infinity":22,"f:65:42:65:48":5,"b:66:6:68:Infinity:undefined:undefined:undefined:undefined":6,"s:66:6:68:Infinity":23,"s:67:8:67:Infinity":24,"s:70:4:70:Infinity":25,"s:72:4:72:Infinity":26,"s:75:24:85:Infinity":27,"f:75:24:75:30":6,"b:76:4:78:Infinity:undefined:undefined:undefined:undefined":7,"s:76:4:78:Infinity":28,"s:77:6:77:Infinity":29,"s:79:4:84:Infinity":30,"f:79:21:79:27":7,"s:80:6:80:Infinity":31,"s:81:6:83:Infinity":32,"f:81:25:81:26":8,"s:82:8:82:Infinity":33,"s:87:2:121:Infinity":34,"f:88:4:88:11":9,"b:89:6:91:Infinity:undefined:undefined:undefined:undefined":8,"s:89:6:91:Infinity":35,"s:90:8:90:Infinity":36,"s:93:6:93:Infinity":37,"s:94:6:94:Infinity":38,"b:96:6:99:Infinity:undefined:undefined:undefined:undefined":9,"s:96:6:99:Infinity":39,"b:96:10:96:30:96:11:96:69":10,"s:97:8:97:Infinity":40,"s:98:8:98:Infinity":41,"f:101:10:101:18":10,"s:102:6:102:Infinity":42,"f:104:10:104:20":11,"b:105:6:108:Infinity:undefined:undefined:undefined:undefined":11,"s:105:6:108:Infinity":43,"s:106:8:106:Infinity":44,"s:107:8:107:Infinity":45,"s:109:6:109:Infinity":46,"f:111:4:111:24":12,"s:112:6:112:Infinity":47,"f:114:4:114:27":13,"b:115:6:117:Infinity:undefined:undefined:undefined:undefined":12,"s:115:6:117:Infinity":48,"s:116:8:116:Infinity":49,"s:118:6:118:Infinity":50,"s:119:6:119:Infinity":51}}}
,"/Users/mohamedibrahim/momodoc/desktop/src/shared/app-config.ts": {"path":"/Users/mohamedibrahim/momodoc/desktop/src/shared/app-config.ts","statementMap":{"0":{"start":{"line":93,"column":76},"end":{"line":101,"column":null}},"1":{"start":{"line":106,"column":4},"end":{"line":122,"column":null}},"2":{"start":{"line":125,"column":2},"end":{"line":130,"column":null}},"3":{"start":{"line":137,"column":2},"end":{"line":152,"column":null}},"4":{"start":{"line":156,"column":2},"end":{"line":158,"column":null}},"5":{"start":{"line":157,"column":4},"end":{"line":157,"column":null}},"6":{"start":{"line":159,"column":2},"end":{"line":159,"column":null}},"7":{"start":{"line":162,"column":45},"end":{"line":222,"column":null}},"8":{"start":{"line":227,"column":14},"end":{"line":227,"column":null}},"9":{"start":{"line":228,"column":17},"end":{"line":230,"column":null}},"10":{"start":{"line":232,"column":2},"end":{"line":238,"column":null}}},"fnMap":{"0":{"name":"isStartupProfilePreset","decl":{"start":{"line":124,"column":16},"end":{"line":124,"column":39}},"loc":{"start":{"line":124,"column":86},"end":{"line":132,"column":null}},"line":124},"1":{"name":"normalizeStartupProfileTargets","decl":{"start":{"line":134,"column":16},"end":{"line":134,"column":null}},"loc":{"start":{"line":136,"column":31},"end":{"line":153,"column":null}},"line":136},"2":{"name":"resolveStartupProfileTargets","decl":{"start":{"line":155,"column":16},"end":{"line":155,"column":45}},"loc":{"start":{"line":155,"column":148},"end":{"line":160,"column":null}},"line":155},"3":{"name":"normalizeAppConfig","decl":{"start":{"line":224,"column":16},"end":{"line":224,"column":null}},"loc":{"start":{"line":226,"column":13},"end":{"line":239,"column":null}},"line":226}},"branchMap":{"0":{"loc":{"start":{"line":126,"column":4},"end":{"line":130,"column":null}},"type":"binary-expr","locations":[{"start":{"line":126,"column":4},"end":{"line":126,"column":null}},{"start":{"line":127,"column":4},"end":{"line":127,"column":null}},{"start":{"line":128,"column":4},"end":{"line":128,"column":null}},{"start":{"line":129,"column":4},"end":{"line":129,"column":null}},{"start":{"line":130,"column":4},"end":{"line":130,"column":null}}],"line":126},"1":{"loc":{"start":{"line":139,"column":6},"end":{"line":139,"column":null}},"type":"binary-expr","locations":[{"start":{"line":139,"column":6},"end":{"line":139,"column":37}},{"start":{"line":139,"column":37},"end":{"line":139,"column":null}}],"line":139},"2":{"loc":{"start":{"line":141,"column":6},"end":{"line":141,"column":null}},"type":"binary-expr","locations":[{"start":{"line":141,"column":6},"end":{"line":141,"column":39}},{"start":{"line":141,"column":39},"end":{"line":141,"column":null}}],"line":141},"3":{"loc":{"start":{"line":143,"column":6},"end":{"line":143,"column":null}},"type":"binary-expr","locations":[{"start":{"line":143,"column":6},"end":{"line":143,"column":37}},{"start":{"line":143,"column":37},"end":{"line":143,"column":null}}],"line":143},"4":{"loc":{"start":{"line":145,"column":6},"end":{"line":145,"column":null}},"type":"binary-expr","locations":[{"start":{"line":145,"column":6},"end":{"line":145,"column":36}},{"start":{"line":145,"column":36},"end":{"line":145,"column":null}}],"line":145},"5":{"loc":{"start":{"line":147,"column":6},"end":{"line":147,"column":null}},"type":"binary-expr","locations":[{"start":{"line":147,"column":6},"end":{"line":147,"column":34}},{"start":{"line":147,"column":34},"end":{"line":147,"column":null}}],"line":147},"6":{"loc":{"start":{"line":149,"column":6},"end":{"line":149,"column":null}},"type":"binary-expr","locations":[{"start":{"line":149,"column":6},"end":{"line":149,"column":35}},{"start":{"line":149,"column":35},"end":{"line":149,"column":null}}],"line":149},"7":{"loc":{"start":{"line":151,"column":6},"end":{"line":151,"column":null}},"type":"binary-expr","locations":[{"start":{"line":151,"column":6},"end":{"line":151,"column":35}},{"start":{"line":151,"column":35},"end":{"line":151,"column":null}}],"line":151},"8":{"loc":{"start":{"line":156,"column":2},"end":{"line":158,"column":null}},"type":"if","locations":[{"start":{"line":156,"column":2},"end":{"line":158,"column":null}},{"start":{},"end":{}}],"line":156},"9":{"loc":{"start":{"line":227,"column":14},"end":{"line":227,"column":null}},"type":"binary-expr","locations":[{"start":{"line":227,"column":14},"end":{"line":227,"column":23}},{"start":{"line":227,"column":23},"end":{"line":227,"column":null}}],"line":227},"10":{"loc":{"start":{"line":228,"column":17},"end":{"line":230,"column":null}},"type":"cond-expr","locations":[{"start":{"line":229,"column":6},"end":{"line":229,"column":null}},{"start":{"line":230,"column":6},"end":{"line":230,"column":null}}],"line":228}},"s":{"0":5,"1":5,"2":3,"3":7,"4":14,"5":4,"6":10,"7":5,"8":3,"9":3,"10":3},"f":{"0":3,"1":7,"2":14,"3":3},"b":{"0":[3,3,3,3,3],"1":[7,3],"2":[7,3],"3":[7,3],"4":[7,2],"5":[7,3],"6":[7,3],"7":[7,3],"8":[4,10],"9":[3,0],"10":[1,2]},"meta":{"lastBranch":11,"lastFunction":4,"lastStatement":11,"seen":{"s:93:76:101:Infinity":0,"s:106:4:122:Infinity":1,"f:124:16:124:39":0,"s:125:2:130:Infinity":2,"b:126:4:126:Infinity:127:4:127:Infinity:128:4:128:Infinity:129:4:129:Infinity:130:4:130:Infinity":0,"f:134:16:134:Infinity":1,"s:137:2:152:Infinity":3,"b:139:6:139:37:139:37:139:Infinity":1,"b:141:6:141:39:141:39:141:Infinity":2,"b:143:6:143:37:143:37:143:Infinity":3,"b:145:6:145:36:145:36:145:Infinity":4,"b:147:6:147:34:147:34:147:Infinity":5,"b:149:6:149:35:149:35:149:Infinity":6,"b:151:6:151:35:151:35:151:Infinity":7,"f:155:16:155:45":2,"b:156:2:158:Infinity:undefined:undefined:undefined:undefined":8,"s:156:2:158:Infinity":4,"s:157:4:157:Infinity":5,"s:159:2:159:Infinity":6,"s:162:45:222:Infinity":7,"f:224:16:224:Infinity":3,"s:227:14:227:Infinity":8,"b:227:14:227:23:227:23:227:Infinity":9,"s:228:17:230:Infinity":9,"b:229:6:229:Infinity:230:6:230:Infinity":10,"s:232:2:238:Infinity":10}}}
,"/Users/mohamedibrahim/momodoc/desktop/src/shared/desktop-settings.ts": {"path":"/Users/mohamedibrahim/momodoc/desktop/src/shared/desktop-settings.ts","statementMap":{"0":{"start":{"line":8,"column":44},"end":{"line":33,"column":null}},"1":{"start":{"line":35,"column":40},"end":{"line":37,"column":null}},"2":{"start":{"line":41,"column":40},"end":{"line":47,"column":null}},"3":{"start":{"line":49,"column":36},"end":{"line":51,"column":null}},"4":{"start":{"line":56,"column":2},"end":{"line":58,"column":null}},"5":{"start":{"line":57,"column":4},"end":{"line":57,"column":null}},"6":{"start":{"line":64,"column":2},"end":{"line":66,"column":null}},"7":{"start":{"line":65,"column":4},"end":{"line":65,"column":null}}},"fnMap":{"0":{"name":"changeRequiresBackendRestart","decl":{"start":{"line":53,"column":16},"end":{"line":53,"column":null}},"loc":{"start":{"line":55,"column":11},"end":{"line":59,"column":null}},"line":55},"1":{"name":"(anonymous_1)","decl":{"start":{"line":56,"column":35},"end":{"line":56,"column":36}},"loc":{"start":{"line":57,"column":4},"end":{"line":57,"column":null}},"line":57},"2":{"name":"changeTakesEffectOnNextLaunch","decl":{"start":{"line":61,"column":16},"end":{"line":61,"column":null}},"loc":{"start":{"line":63,"column":11},"end":{"line":67,"column":null}},"line":63},"3":{"name":"(anonymous_3)","decl":{"start":{"line":64,"column":35},"end":{"line":64,"column":36}},"loc":{"start":{"line":65,"column":4},"end":{"line":65,"column":null}},"line":65}},"branchMap":{},"s":{"0":2,"1":2,"2":2,"3":2,"4":6,"5":6,"6":3,"7":3},"f":{"0":6,"1":6,"2":3,"3":3},"b":{},"meta":{"lastBranch":0,"lastFunction":4,"lastStatement":8,"seen":{"s:8:44:33:Infinity":0,"s:35:40:37:Infinity":1,"s:41:40:47:Infinity":2,"s:49:36:51:Infinity":3,"f:53:16:53:Infinity":0,"s:56:2:58:Infinity":4,"f:56:35:56:36":1,"s:57:4:57:Infinity":5,"f:61:16:61:Infinity":2,"s:64:2:66:Infinity":6,"f:64:35:64:36":3,"s:65:4:65:Infinity":7}}}
,"/Users/mohamedibrahim/momodoc/desktop/src/shared/diagnostics.ts": {"path":"/Users/mohamedibrahim/momodoc/desktop/src/shared/diagnostics.ts","statementMap":{},"fnMap":{},"branchMap":{},"s":{},"f":{},"b":{},"meta":{"lastBranch":0,"lastFunction":0,"lastStatement":0,"seen":{}}}
,"/Users/mohamedibrahim/momodoc/desktop/src/shared/onboarding.ts": {"path":"/Users/mohamedibrahim/momodoc/desktop/src/shared/onboarding.ts","statementMap":{"0":{"start":{"line":1,"column":41},"end":{"line":1,"column":null}},"1":{"start":{"line":3,"column":32},"end":{"line":10,"column":null}},"2":{"start":{"line":44,"column":57},"end":{"line":50,"column":null}},"3":{"start":{"line":52,"column":57},"end":{"line":60,"column":null}},"4":{"start":{"line":63,"column":2},"end":{"line":67,"column":null}},"5":{"start":{"line":72,"column":2},"end":{"line":77,"column":null}},"6":{"start":{"line":82,"column":2},"end":{"line":84,"column":null}},"7":{"start":{"line":83,"column":4},"end":{"line":83,"column":null}},"8":{"start":{"line":85,"column":2},"end":{"line":85,"column":null}},"9":{"start":{"line":91,"column":2},"end":{"line":109,"column":null}},"10":{"start":{"line":115,"column":17},"end":{"line":117,"column":null}},"11":{"start":{"line":119,"column":38},"end":{"line":130,"column":null}},"12":{"start":{"line":132,"column":2},"end":{"line":134,"column":null}},"13":{"start":{"line":133,"column":4},"end":{"line":133,"column":null}},"14":{"start":{"line":136,"column":2},"end":{"line":136,"column":null}},"15":{"start":{"line":140,"column":2},"end":{"line":140,"column":null}},"16":{"start":{"line":147,"column":2},"end":{"line":152,"column":null}},"17":{"start":{"line":159,"column":2},"end":{"line":163,"column":null}},"18":{"start":{"line":170,"column":2},"end":{"line":174,"column":null}},"19":{"start":{"line":181,"column":2},"end":{"line":187,"column":null}},"20":{"start":{"line":191,"column":2},"end":{"line":191,"column":null}},"21":{"start":{"line":198,"column":2},"end":{"line":204,"column":null}}},"fnMap":{"0":{"name":"isOnboardingStatus","decl":{"start":{"line":62,"column":9},"end":{"line":62,"column":28}},"loc":{"start":{"line":62,"column":71},"end":{"line":69,"column":null}},"line":62},"1":{"name":"isOnboardingAiMode","decl":{"start":{"line":71,"column":9},"end":{"line":71,"column":28}},"loc":{"start":{"line":71,"column":71},"end":{"line":79,"column":null}},"line":71},"2":{"name":"clampStep","decl":{"start":{"line":81,"column":9},"end":{"line":81,"column":19}},"loc":{"start":{"line":81,"column":43},"end":{"line":86,"column":null}},"line":81},"3":{"name":"normalizeOnboardingDraft","decl":{"start":{"line":88,"column":16},"end":{"line":88,"column":null}},"loc":{"start":{"line":90,"column":19},"end":{"line":110,"column":null}},"line":90},"4":{"name":"normalizeOnboardingState","decl":{"start":{"line":112,"column":16},"end":{"line":112,"column":null}},"loc":{"start":{"line":114,"column":19},"end":{"line":137,"column":null}},"line":114},"5":{"name":"shouldAutoOpenOnboarding","decl":{"start":{"line":139,"column":16},"end":{"line":139,"column":41}},"loc":{"start":{"line":139,"column":74},"end":{"line":141,"column":null}},"line":139},"6":{"name":"markOnboardingOpened","decl":{"start":{"line":143,"column":16},"end":{"line":143,"column":null}},"loc":{"start":{"line":146,"column":19},"end":{"line":153,"column":null}},"line":146},"7":{"name":"setOnboardingStep","decl":{"start":{"line":155,"column":16},"end":{"line":155,"column":null}},"loc":{"start":{"line":158,"column":19},"end":{"line":164,"column":null}},"line":158},"8":{"name":"skipOnboarding","decl":{"start":{"line":166,"column":16},"end":{"line":166,"column":null}},"loc":{"start":{"line":169,"column":19},"end":{"line":175,"column":null}},"line":169},"9":{"name":"completeOnboarding","decl":{"start":{"line":177,"column":16},"end":{"line":177,"column":null}},"loc":{"start":{"line":180,"column":19},"end":{"line":188,"column":null}},"line":180},"10":{"name":"resetOnboardingState","decl":{"start":{"line":190,"column":16},"end":{"line":190,"column":56}},"loc":{"start":{"line":190,"column":56},"end":{"line":192,"column":null}},"line":190},"11":{"name":"updateOnboardingDraft","decl":{"start":{"line":194,"column":16},"end":{"line":194,"column":null}},"loc":{"start":{"line":197,"column":19},"end":{"line":205,"column":null}},"line":197}},"branchMap":{"0":{"loc":{"start":{"line":64,"column":4},"end":{"line":67,"column":null}},"type":"binary-expr","locations":[{"start":{"line":64,"column":4},"end":{"line":64,"column":null}},{"start":{"line":65,"column":4},"end":{"line":65,"column":null}},{"start":{"line":66,"column":4},"end":{"line":66,"column":null}},{"start":{"line":67,"column":4},"end":{"line":67,"column":null}}],"line":64},"1":{"loc":{"start":{"line":73,"column":4},"end":{"line":77,"column":null}},"type":"binary-expr","locations":[{"start":{"line":73,"column":4},"end":{"line":73,"column":null}},{"start":{"line":74,"column":4},"end":{"line":74,"column":null}},{"start":{"line":75,"column":4},"end":{"line":75,"column":null}},{"start":{"line":76,"column":4},"end":{"line":76,"column":null}},{"start":{"line":77,"column":4},"end":{"line":77,"column":null}}],"line":73},"2":{"loc":{"start":{"line":82,"column":2},"end":{"line":84,"column":null}},"type":"if","locations":[{"start":{"line":82,"column":2},"end":{"line":84,"column":null}},{"start":{},"end":{}}],"line":82},"3":{"loc":{"start":{"line":92,"column":12},"end":{"line":94,"column":null}},"type":"cond-expr","locations":[{"start":{"line":93,"column":8},"end":{"line":93,"column":null}},{"start":{"line":94,"column":8},"end":{"line":94,"column":null}}],"line":92},"4":{"loc":{"start":{"line":96,"column":6},"end":{"line":98,"column":null}},"type":"cond-expr","locations":[{"start":{"line":97,"column":10},"end":{"line":97,"column":null}},{"start":{"line":98,"column":10},"end":{"line":98,"column":null}}],"line":96},"5":{"loc":{"start":{"line":100,"column":6},"end":{"line":102,"column":null}},"type":"cond-expr","locations":[{"start":{"line":101,"column":10},"end":{"line":101,"column":null}},{"start":{"line":102,"column":10},"end":{"line":102,"column":null}}],"line":100},"6":{"loc":{"start":{"line":104,"column":6},"end":{"line":104,"column":null}},"type":"cond-expr","locations":[{"start":{"line":104,"column":52},"end":{"line":104,"column":77}},{"start":{"line":104,"column":77},"end":{"line":104,"column":null}}],"line":104},"7":{"loc":{"start":{"line":106,"column":6},"end":{"line":108,"column":null}},"type":"cond-expr","locations":[{"start":{"line":107,"column":10},"end":{"line":107,"column":null}},{"start":{"line":108,"column":10},"end":{"line":108,"column":null}}],"line":106},"8":{"loc":{"start":{"line":115,"column":17},"end":{"line":117,"column":null}},"type":"cond-expr","locations":[{"start":{"line":116,"column":6},"end":{"line":116,"column":null}},{"start":{"line":117,"column":6},"end":{"line":117,"column":null}}],"line":115},"9":{"loc":{"start":{"line":121,"column":6},"end":{"line":123,"column":null}},"type":"cond-expr","locations":[{"start":{"line":122,"column":10},"end":{"line":122,"column":null}},{"start":{"line":123,"column":10},"end":{"line":123,"column":null}}],"line":121},"10":{"loc":{"start":{"line":121,"column":6},"end":{"line":121,"column":null}},"type":"binary-expr","locations":[{"start":{"line":121,"column":6},"end":{"line":121,"column":50}},{"start":{"line":121,"column":50},"end":{"line":121,"column":null}}],"line":121},"11":{"loc":{"start":{"line":126,"column":17},"end":{"line":126,"column":null}},"type":"cond-expr","locations":[{"start":{"line":126,"column":58},"end":{"line":126,"column":78}},{"start":{"line":126,"column":78},"end":{"line":126,"column":null}}],"line":126},"12":{"loc":{"start":{"line":127,"column":15},"end":{"line":127,"column":null}},"type":"cond-expr","locations":[{"start":{"line":127,"column":54},"end":{"line":127,"column":72}},{"start":{"line":127,"column":72},"end":{"line":127,"column":null}}],"line":127},"13":{"loc":{"start":{"line":128,"column":18},"end":{"line":128,"column":null}},"type":"cond-expr","locations":[{"start":{"line":128,"column":60},"end":{"line":128,"column":81}},{"start":{"line":128,"column":81},"end":{"line":128,"column":null}}],"line":128},"14":{"loc":{"start":{"line":132,"column":2},"end":{"line":134,"column":null}},"type":"if","locations":[{"start":{"line":132,"column":2},"end":{"line":134,"column":null}},{"start":{},"end":{}}],"line":132},"15":{"loc":{"start":{"line":140,"column":9},"end":{"line":140,"column":null}},"type":"binary-expr","locations":[{"start":{"line":140,"column":9},"end":{"line":140,"column":43}},{"start":{"line":140,"column":43},"end":{"line":140,"column":null}}],"line":140},"16":{"loc":{"start":{"line":145,"column":2},"end":{"line":145,"column":null}},"type":"default-arg","locations":[{"start":{"line":145,"column":2},"end":{"line":145,"column":null}}],"line":145},"17":{"loc":{"start":{"line":149,"column":12},"end":{"line":149,"column":null}},"type":"cond-expr","locations":[{"start":{"line":149,"column":43},"end":{"line":149,"column":57}},{"start":{"line":149,"column":57},"end":{"line":149,"column":null}}],"line":149},"18":{"loc":{"start":{"line":151,"column":15},"end":{"line":151,"column":null}},"type":"cond-expr","locations":[{"start":{"line":151,"column":44},"end":{"line":151,"column":62}},{"start":{"line":151,"column":62},"end":{"line":151,"column":null}}],"line":151},"19":{"loc":{"start":{"line":162,"column":12},"end":{"line":162,"column":null}},"type":"cond-expr","locations":[{"start":{"line":162,"column":43},"end":{"line":162,"column":57}},{"start":{"line":162,"column":57},"end":{"line":162,"column":null}}],"line":162},"20":{"loc":{"start":{"line":168,"column":2},"end":{"line":168,"column":null}},"type":"default-arg","locations":[{"start":{"line":168,"column":2},"end":{"line":168,"column":null}}],"line":168},"21":{"loc":{"start":{"line":179,"column":2},"end":{"line":179,"column":null}},"type":"default-arg","locations":[{"start":{"line":179,"column":2},"end":{"line":179,"column":null}}],"line":179}},"s":{"0":5,"1":5,"2":5,"3":5,"4":9,"5":9,"6":9,"7":3,"8":6,"9":9,"10":9,"11":9,"12":9,"13":1,"14":9,"15":3,"16":0,"17":1,"18":1,"19":1,"20":1,"21":1},"f":{"0":9,"1":9,"2":9,"3":9,"4":9,"5":3,"6":0,"7":1,"8":1,"9":1,"10":1,"11":1},"b":{"0":[9,7,5,4],"1":[9,4,3,3,3],"2":[3,6],"3":[6,3],"4":[6,3],"5":[5,4],"6":[1,8],"7":[1,8],"8":[6,3],"9":[5,4],"10":[9,5],"11":[1,8],"12":[2,7],"13":[0,9],"14":[1,8],"15":[3,3],"16":[0],"17":[0,0],"18":[0,0],"19":[0,1],"20":[1],"21":[1]},"meta":{"lastBranch":22,"lastFunction":12,"lastStatement":22,"seen":{"s:1:41:1:Infinity":0,"s:3:32:10:Infinity":1,"s:44:57:50:Infinity":2,"s:52:57:60:Infinity":3,"f:62:9:62:28":0,"s:63:2:67:Infinity":4,"b:64:4:64:Infinity:65:4:65:Infinity:66:4:66:Infinity:67:4:67:Infinity":0,"f:71:9:71:28":1,"s:72:2:77:Infinity":5,"b:73:4:73:Infinity:74:4:74:Infinity:75:4:75:Infinity:76:4:76:Infinity:77:4:77:Infinity":1,"f:81:9:81:19":2,"b:82:2:84:Infinity:undefined:undefined:undefined:undefined":2,"s:82:2:84:Infinity":6,"s:83:4:83:Infinity":7,"s:85:2:85:Infinity":8,"f:88:16:88:Infinity":3,"s:91:2:109:Infinity":9,"b:93:8:93:Infinity:94:8:94:Infinity":3,"b:97:10:97:Infinity:98:10:98:Infinity":4,"b:101:10:101:Infinity:102:10:102:Infinity":5,"b:104:52:104:77:104:77:104:Infinity":6,"b:107:10:107:Infinity:108:10:108:Infinity":7,"f:112:16:112:Infinity":4,"s:115:17:117:Infinity":10,"b:116:6:116:Infinity:117:6:117:Infinity":8,"s:119:38:130:Infinity":11,"b:122:10:122:Infinity:123:10:123:Infinity":9,"b:121:6:121:50:121:50:121:Infinity":10,"b:126:58:126:78:126:78:126:Infinity":11,"b:127:54:127:72:127:72:127:Infinity":12,"b:128:60:128:81:128:81:128:Infinity":13,"b:132:2:134:Infinity:undefined:undefined:undefined:undefined":14,"s:132:2:134:Infinity":12,"s:133:4:133:Infinity":13,"s:136:2:136:Infinity":14,"f:139:16:139:41":5,"s:140:2:140:Infinity":15,"b:140:9:140:43:140:43:140:Infinity":15,"f:143:16:143:Infinity":6,"b:145:2:145:Infinity":16,"s:147:2:152:Infinity":16,"b:149:43:149:57:149:57:149:Infinity":17,"b:151:44:151:62:151:62:151:Infinity":18,"f:155:16:155:Infinity":7,"s:159:2:163:Infinity":17,"b:162:43:162:57:162:57:162:Infinity":19,"f:166:16:166:Infinity":8,"b:168:2:168:Infinity":20,"s:170:2:174:Infinity":18,"f:177:16:177:Infinity":9,"b:179:2:179:Infinity":21,"s:181:2:187:Infinity":19,"f:190:16:190:56":10,"s:191:2:191:Infinity":20,"f:194:16:194:Infinity":11,"s:198:2:204:Infinity":21}}}
}
