TN:
SF:src/main/backend-launch.ts
FN:16,isExecutableFile
FN:25,fileExists
FN:33,resolveBackendLaunchCommand
FNF:3
FNH:3
FNDA:2,isExecutableFile
FNDA:1,fileExists
FNDA:3,resolveBackendLaunchCommand
DA:17,2
DA:18,2
DA:19,2
DA:21,1
DA:26,1
DA:27,1
DA:29,0
DA:36,3
DA:38,3
DA:39,2
DA:40,2
DA:42,2
DA:43,0
DA:44,0
DA:45,0
DA:52,0
DA:53,0
DA:54,0
DA:62,2
DA:63,2
DA:64,1
DA:74,2
LF:22
LH:15
BRDA:38,0,0,2
BRDA:38,0,1,1
BRDA:42,1,0,0
BRDA:42,1,1,2
BRDA:44,2,0,0
BRDA:44,2,1,0
BRDA:53,3,0,0
BRDA:53,3,1,0
BRDA:63,4,0,1
BRDA:63,4,1,1
BRDA:63,5,0,2
BRDA:63,5,1,1
BRF:12
BRH:7
end_of_record
TN:
SF:src/main/diagnostics-report.ts
FN:22,secretSummary
FN:26,buildProviderDiagnosticsStatuses
FN:66,buildRedactedSettingsSummary
FN:87,formatDiagnosticsReport
FN:91,(anonymous_4)
FNF:5
FNH:5
FNDA:3,secretSummary
FNDA:1,buildProviderDiagnosticsStatuses
FNDA:1,buildRedactedSettingsSummary
FNDA:1,formatDiagnosticsReport
FNDA:4,(anonymous_4)
DA:23,3
DA:29,1
DA:69,1
DA:91,1
DA:92,4
DA:93,4
DA:94,4
DA:97,1
DA:101,1
LF:9
LH:9
BRDA:23,0,0,3
BRDA:23,0,1,0
BRDA:34,1,0,1
BRDA:34,1,1,0
BRDA:35,2,0,1
BRDA:35,2,1,0
BRDA:42,3,0,1
BRDA:42,3,1,0
BRDA:43,4,0,1
BRDA:43,4,1,0
BRDA:50,5,0,1
BRDA:50,5,1,0
BRDA:51,6,0,1
BRDA:51,6,1,0
BRDA:57,7,0,1
BRDA:57,7,1,1
BRDA:59,8,0,1
BRDA:59,8,1,0
BRDA:59,9,0,1
BRDA:59,9,1,1
BRDA:79,10,0,1
BRDA:79,10,1,0
BRDA:80,11,0,1
BRDA:80,11,1,0
BRDA:92,12,0,1
BRDA:92,12,1,3
BRDA:93,13,0,4
BRDA:93,13,1,0
BRDA:97,14,0,1
BRDA:97,14,1,0
BRDA:98,15,0,1
BRDA:98,15,1,0
BRDA:99,16,0,0
BRDA:99,16,1,0
BRDA:99,17,0,0
BRDA:99,17,1,0
BRDA:109,18,0,1
BRDA:109,18,1,0
BRDA:117,19,0,1
BRDA:117,19,1,0
BRDA:134,20,0,0
BRDA:134,20,1,1
BRF:42
BRH:22
end_of_record
TN:
SF:src/main/startup-profile-runtime.ts
FN:12,resolveEffectiveStartupProfile
FNF:1
FNH:1
FNDA:3,resolveEffectiveStartupProfile
DA:18,3
DA:19,3
DA:23,3
DA:25,2
DA:26,1
DA:29,2
DA:30,1
DA:31,1
DA:34,1
DA:39,3
DA:45,3
DA:46,1
DA:49,1
DA:52,3
LF:14
LH:14
BRDA:23,0,0,2
BRDA:23,0,1,1
BRDA:25,1,0,1
BRDA:25,1,1,1
BRDA:29,2,0,1
BRDA:29,2,1,1
BRDA:39,3,0,3
BRDA:39,3,1,2
BRDA:39,3,2,1
BRDA:39,3,3,1
BRDA:39,3,4,1
BRDA:45,4,0,1
BRDA:45,4,1,2
BRF:13
BRH:13
end_of_record
TN:
SF:src/renderer/components/new/SettingsPanel.tsx
FN:19,SettingsPanel
FN:64,(anonymous_1)
FNF:2
FNH:1
FNDA:4,SettingsPanel
FNDA:0,(anonymous_1)
DA:44,4
DA:46,4
DA:47,1
DA:54,3
DA:64,0
LF:5
LH:4
BRDA:46,0,0,1
BRDA:46,0,1,3
BRDA:46,1,0,4
BRDA:46,1,1,3
BRDA:59,2,0,3
BRDA:59,2,1,0
BRDA:60,3,0,4
BRDA:60,3,1,1
BRDA:67,4,0,0
BRDA:67,4,1,1
BRDA:83,5,0,4
BRDA:83,5,1,1
BRDA:121,6,0,4
BRDA:121,6,1,3
BRF:14
BRH:12
end_of_record
TN:
SF:src/renderer/components/new/settings/desktopSettingsController.ts
FN:29,createDesktopSettingsController
FN:35,(anonymous_1)
FN:38,(anonymous_2)
FN:45,(anonymous_3)
FN:49,(anonymous_4)
FN:65,(anonymous_5)
FN:75,(anonymous_6)
FN:79,(anonymous_7)
FN:81,(anonymous_8)
FN:88,(anonymous_9)
FN:101,(anonymous_10)
FN:104,(anonymous_11)
FN:111,(anonymous_12)
FN:114,(anonymous_13)
FNF:14
FNH:10
FNDA:3,createDesktopSettingsController
FNDA:0,(anonymous_1)
FNDA:0,(anonymous_2)
FNDA:4,(anonymous_3)
FNDA:2,(anonymous_4)
FNDA:2,(anonymous_5)
FNDA:5,(anonymous_6)
FNDA:1,(anonymous_7)
FNDA:0,(anonymous_8)
FNDA:5,(anonymous_9)
FNDA:0,(anonymous_10)
FNDA:1,(anonymous_11)
FNDA:3,(anonymous_12)
FNDA:1,(anonymous_13)
DA:6,1
DA:32,3
DA:34,3
DA:35,0
DA:37,3
DA:38,0
DA:40,3
DA:41,3
DA:42,3
DA:43,3
DA:45,3
DA:46,4
DA:49,3
DA:50,2
DA:51,0
DA:52,0
DA:53,0
DA:57,2
DA:58,0
DA:61,2
DA:62,2
DA:64,2
DA:65,2
DA:66,2
DA:67,2
DA:70,2
DA:72,2
DA:75,3
DA:76,5
DA:77,2
DA:79,5
DA:80,1
DA:81,1
DA:82,0
DA:87,3
DA:89,5
DA:90,0
DA:93,5
DA:94,5
DA:96,5
DA:97,3
DA:98,3
DA:102,0
DA:105,1
DA:106,1
DA:107,1
DA:109,1
DA:112,3
DA:115,1
DA:116,0
DA:118,1
DA:119,1
LF:52
LH:42
BRDA:32,0,0,3
BRDA:32,0,1,3
BRDA:34,1,0,3
BRDA:34,1,1,0
BRDA:37,2,0,3
BRDA:37,2,1,0
BRDA:50,3,0,0
BRDA:50,3,1,2
BRDA:52,4,0,0
BRDA:52,4,1,0
BRDA:57,5,0,0
BRDA:57,5,1,2
BRDA:66,6,0,2
BRDA:66,6,1,0
BRDA:76,7,0,2
BRDA:76,7,1,3
BRDA:89,8,0,0
BRDA:89,8,1,5
BRDA:96,9,0,3
BRDA:96,9,1,2
BRDA:96,10,0,5
BRDA:96,10,1,4
BRDA:105,11,0,1
BRDA:105,11,1,0
BRDA:115,12,0,0
BRDA:115,12,1,1
BRF:26
BRH:16
end_of_record
TN:
SF:src/shared/app-config.ts
FN:124,isStartupProfilePreset
FN:134,normalizeStartupProfileTargets
FN:155,resolveStartupProfileTargets
FN:224,normalizeAppConfig
FNF:4
FNH:4
FNDA:3,isStartupProfilePreset
FNDA:7,normalizeStartupProfileTargets
FNDA:14,resolveStartupProfileTargets
FNDA:3,normalizeAppConfig
DA:93,5
DA:106,5
DA:125,3
DA:137,7
DA:156,14
DA:157,4
DA:159,10
DA:162,5
DA:227,3
DA:228,3
DA:232,3
LF:11
LH:11
BRDA:126,0,0,3
BRDA:126,0,1,3
BRDA:126,0,2,3
BRDA:126,0,3,3
BRDA:126,0,4,3
BRDA:139,1,0,7
BRDA:139,1,1,3
BRDA:141,2,0,7
BRDA:141,2,1,3
BRDA:143,3,0,7
BRDA:143,3,1,3
BRDA:145,4,0,7
BRDA:145,4,1,2
BRDA:147,5,0,7
BRDA:147,5,1,3
BRDA:149,6,0,7
BRDA:149,6,1,3
BRDA:151,7,0,7
BRDA:151,7,1,3
BRDA:156,8,0,4
BRDA:156,8,1,10
BRDA:227,9,0,3
BRDA:227,9,1,0
BRDA:228,10,0,1
BRDA:228,10,1,2
BRF:25
BRH:24
end_of_record
TN:
SF:src/shared/desktop-settings.ts
FN:53,changeRequiresBackendRestart
FN:56,(anonymous_1)
FN:61,changeTakesEffectOnNextLaunch
FN:64,(anonymous_3)
FNF:4
FNH:4
FNDA:6,changeRequiresBackendRestart
FNDA:6,(anonymous_1)
FNDA:3,changeTakesEffectOnNextLaunch
FNDA:3,(anonymous_3)
DA:8,2
DA:35,2
DA:41,2
DA:49,2
DA:56,6
DA:57,6
DA:64,3
DA:65,3
LF:8
LH:8
BRF:0
BRH:0
end_of_record
TN:
SF:src/shared/diagnostics.ts
FNF:0
FNH:0
LF:0
LH:0
BRF:0
BRH:0
end_of_record
TN:
SF:src/shared/onboarding.ts
FN:62,isOnboardingStatus
FN:71,isOnboardingAiMode
FN:81,clampStep
FN:88,normalizeOnboardingDraft
FN:112,normalizeOnboardingState
FN:139,shouldAutoOpenOnboarding
FN:143,markOnboardingOpened
FN:155,setOnboardingStep
FN:166,skipOnboarding
FN:177,completeOnboarding
FN:190,resetOnboardingState
FN:194,updateOnboardingDraft
FNF:12
FNH:11
FNDA:9,isOnboardingStatus
FNDA:9,isOnboardingAiMode
FNDA:9,clampStep
FNDA:9,normalizeOnboardingDraft
FNDA:9,normalizeOnboardingState
FNDA:3,shouldAutoOpenOnboarding
FNDA:0,markOnboardingOpened
FNDA:1,setOnboardingStep
FNDA:1,skipOnboarding
FNDA:1,completeOnboarding
FNDA:1,resetOnboardingState
FNDA:1,updateOnboardingDraft
DA:1,5
DA:3,5
DA:44,5
DA:52,5
DA:63,9
DA:72,9
DA:82,9
DA:83,3
DA:85,6
DA:91,9
DA:115,9
DA:119,9
DA:132,9
DA:133,1
DA:136,9
DA:140,3
DA:147,0
DA:159,1
DA:170,1
DA:181,1
DA:191,1
DA:198,1
LF:22
LH:21
BRDA:64,0,0,9
BRDA:64,0,1,7
BRDA:64,0,2,5
BRDA:64,0,3,4
BRDA:73,1,0,9
BRDA:73,1,1,4
BRDA:73,1,2,3
BRDA:73,1,3,3
BRDA:73,1,4,3
BRDA:82,2,0,3
BRDA:82,2,1,6
BRDA:92,3,0,6
BRDA:92,3,1,3
BRDA:96,4,0,6
BRDA:96,4,1,3
BRDA:100,5,0,5
BRDA:100,5,1,4
BRDA:104,6,0,1
BRDA:104,6,1,8
BRDA:106,7,0,1
BRDA:106,7,1,8
BRDA:115,8,0,6
BRDA:115,8,1,3
BRDA:121,9,0,5
BRDA:121,9,1,4
BRDA:121,10,0,9
BRDA:121,10,1,5
BRDA:126,11,0,1
BRDA:126,11,1,8
BRDA:127,12,0,2
BRDA:127,12,1,7
BRDA:128,13,0,0
BRDA:128,13,1,9
BRDA:132,14,0,1
BRDA:132,14,1,8
BRDA:140,15,0,3
BRDA:140,15,1,3
BRDA:145,16,0,0
BRDA:149,17,0,0
BRDA:149,17,1,0
BRDA:151,18,0,0
BRDA:151,18,1,0
BRDA:162,19,0,0
BRDA:162,19,1,1
BRDA:168,20,0,1
BRDA:179,21,0,1
BRF:46
BRH:39
end_of_record
